This file contains any messages produced by compilers while
running configure, to aid debugging if configure makes a mistake.

It was created by libffi configure 3.0.12, which was
generated by GNU Autoconf 2.69.  Invocation command line was

  $ .././configure --srcdir=.. --enable-builddir=mipsel-unknown-linux-gnu --host=mipsel-linux --with-pic host_alias=mipsel-linux

## --------- ##
## Platform. ##
## --------- ##

hostname = localhost.localdomain
uname -m = i686
uname -r = 3.2.7
uname -s = Linux
uname -v = #7 SMP Sun Feb 26 21:55:44 CST 2012

/usr/bin/uname -p = unknown
/bin/uname -X     = unknown

/bin/arch              = i686
/usr/bin/arch -k       = unknown
/usr/convex/getsysinfo = unknown
/usr/bin/hostinfo      = unknown
/bin/machine           = unknown
/usr/bin/oslevel       = unknown
/bin/universe          = unknown

PATH: /opt/buildroot-gcc342/bin
PATH: /usr/lib/ccache
PATH: /usr/local/sbin
PATH: /usr/local/bin
PATH: /sbin
PATH: /bin
PATH: /usr/sbin
PATH: /usr/bin
PATH: /mybin
PATH: /root/bin


## ----------- ##
## Core tests. ##
## ----------- ##

configure:2589: checking build system type
configure:2603: result: i686-pc-linux-gnu
configure:2623: checking host system type
configure:2636: result: mipsel-unknown-linux-gnu
configure:2656: checking target system type
configure:2669: result: mipsel-unknown-linux-gnu
configure:2761: checking for gsed
configure:2792: result: sed
configure:2820: checking for a BSD-compatible install
configure:2888: result: /usr/bin/install -c
configure:2899: checking whether build environment is sane
configure:2954: result: yes
configure:3010: checking for mipsel-linux-strip
configure:3037: result: mipsel-linux-strip
configure:3102: checking for a thread-safe mkdir -p
configure:3141: result: /bin/mkdir -p
configure:3148: checking for gawk
configure:3164: found /bin/gawk
configure:3175: result: gawk
configure:3186: checking whether make sets $(MAKE)
configure:3208: result: yes
configure:3313: checking for mipsel-linux-gcc
configure:3340: result: mipsel-linux-gcc
configure:3609: checking for C compiler version
configure:3618: mipsel-linux-gcc --version >&5
mipsel-linux-gcc (GCC) 3.4.2
Copyright (C) 2004 Free Software Foundation, Inc.
This is free software; see the source for copying conditions.  There is NO
warranty; not even for MERCHANTABILITY or FITNESS FOR A PARTICULAR PURPOSE.

configure:3629: $? = 0
configure:3618: mipsel-linux-gcc -v >&5
Reading specs from /opt/buildroot-gcc342/bin/../lib/gcc/mipsel-linux-uclibc/3.4.2/specs
Configured with: /home/winfred/RT288x_SDK/toolchain/buildroot/toolchain_build_mipsel/gcc-3.4.2/configure --prefix=/home/winfred/RT288x_SDK/toolchain/buildroot-gdb --build=i386-pc-linux-gnu --host=i386-pc-linux-gnu --target=mipsel-linux-uclibc --enable-languages=c,c++ --disable-__cxa_atexit --enable-target-optspace --with-gnu-ld --disable-shared --disable-nls --enable-threads --enable-multilib --enable-sjlj-exceptions : (reconfigured) /home/winfred/RT288x_SDK/toolchain/buildroot/toolchain_build_mipsel/gcc-3.4.2/configure --prefix=/home/winfred/RT288x_SDK/toolchain/buildroot-gdb --build=i386-pc-linux-gnu --host=i386-pc-linux-gnu --target=mipsel-linux-uclibc --enable-languages=c,c++ --disable-__cxa_atexit --enable-target-optspace --with-gnu-ld --disable-shared --disable-nls --enable-threads --enable-multilib --enable-sjlj-exceptions
Thread model: posix
gcc version 3.4.2
configure:3629: $? = 0
configure:3618: mipsel-linux-gcc -V >&5
mipsel-linux-gcc: `-V' option must have argument
configure:3629: $? = 1
configure:3618: mipsel-linux-gcc -qversion >&5
mipsel-linux-gcc: unrecognized option `-qversion'
mipsel-linux-gcc: no input files
configure:3629: $? = 1
configure:3649: checking whether the C compiler works
configure:3671: mipsel-linux-gcc    conftest.c  >&5
configure:3675: $? = 0
configure:3723: result: yes
configure:3726: checking for C compiler default output file name
configure:3728: result: a.out
configure:3734: checking for suffix of executables
configure:3741: mipsel-linux-gcc -o conftest    conftest.c  >&5
configure:3745: $? = 0
configure:3767: result: 
configure:3789: checking whether we are cross compiling
configure:3797: mipsel-linux-gcc -o conftest    conftest.c  >&5
configure:3801: $? = 0
configure:3808: ./conftest
.././configure: line 3810: ./conftest: cannot execute binary file
configure:3812: $? = 126
configure:3827: result: yes
configure:3832: checking for suffix of object files
configure:3854: mipsel-linux-gcc -c   conftest.c >&5
configure:3858: $? = 0
configure:3879: result: o
configure:3883: checking whether we are using the GNU C compiler
configure:3902: mipsel-linux-gcc -c   conftest.c >&5
configure:3902: $? = 0
configure:3911: result: yes
configure:3920: checking whether mipsel-linux-gcc accepts -g
configure:3940: mipsel-linux-gcc -c -g  conftest.c >&5
configure:3940: $? = 0
configure:3981: result: yes
configure:3998: checking for mipsel-linux-gcc option to accept ISO C89
configure:4061: mipsel-linux-gcc  -c -g -O2  conftest.c >&5
configure:4061: $? = 0
configure:4074: result: none needed
configure:4105: checking for style of include used by make
configure:4133: result: GNU
configure:4159: checking dependency style of mipsel-linux-gcc
configure:4270: result: gcc3
configure:4300: checking dependency style of mipsel-linux-gcc
configure:4409: result: gcc3
configure:4425: checking whether mipsel-linux-gcc and cc understand -c and -o together
configure:4456: mipsel-linux-gcc -c conftest.c -o conftest2.o >&5
configure:4460: $? = 0
configure:4466: mipsel-linux-gcc -c conftest.c -o conftest2.o >&5
configure:4470: $? = 0
configure:4481: cc -c conftest.c >&5
configure:4485: $? = 0
configure:4493: cc -c conftest.c -o conftest2.o >&5
configure:4497: $? = 0
configure:4503: cc -c conftest.c -o conftest2.o >&5
configure:4507: $? = 0
configure:4525: result: yes
configure:4596: checking how to print strings
configure:4623: result: printf
configure:4644: checking for a sed that does not truncate output
configure:4708: result: /bin/sed
configure:4726: checking for grep that handles long lines and -e
configure:4784: result: /bin/grep
configure:4789: checking for egrep
configure:4851: result: /bin/grep -E
configure:4856: checking for fgrep
configure:4918: result: /bin/grep -F
configure:4953: checking for ld used by mipsel-linux-gcc
configure:5020: result: mipsel-linux-ld
configure:5027: checking if the linker (mipsel-linux-ld) is GNU ld
configure:5042: result: yes
configure:5054: checking for BSD- or MS-compatible name lister (nm)
configure:5103: result: /opt/buildroot-gcc342/bin/mipsel-linux-nm -B
configure:5233: checking the name lister (/opt/buildroot-gcc342/bin/mipsel-linux-nm -B) interface
configure:5240: mipsel-linux-gcc -c   conftest.c >&5
configure:5243: /opt/buildroot-gcc342/bin/mipsel-linux-nm -B "conftest.o"
configure:5246: output
00000000 B some_variable
configure:5253: result: BSD nm
configure:5256: checking whether ln -s works
configure:5260: result: yes
configure:5268: checking the maximum length of command line arguments
configure:5399: result: 1572864
configure:5416: checking whether the shell understands some XSI constructs
configure:5426: result: yes
configure:5430: checking whether the shell understands "+="
configure:5436: result: yes
configure:5471: checking how to convert i686-pc-linux-gnu file names to mipsel-unknown-linux-gnu format
configure:5511: result: func_convert_file_noop
configure:5518: checking how to convert i686-pc-linux-gnu file names to toolchain format
configure:5538: result: func_convert_file_noop
configure:5545: checking for mipsel-linux-ld option to reload object files
configure:5552: result: -r
configure:5586: checking for mipsel-linux-objdump
configure:5602: found /opt/buildroot-gcc342/bin/mipsel-linux-objdump
configure:5613: result: mipsel-linux-objdump
configure:5685: checking how to recognize dependent libraries
configure:5887: result: pass_all
configure:5932: checking for mipsel-linux-dlltool
configure:5962: result: no
configure:5972: checking for dlltool
configure:6002: result: no
configure:6032: checking how to associate runtime and link libraries
configure:6059: result: printf %s\n
configure:6076: checking for mipsel-linux-ar
configure:6103: result: mipsel-linux-ar
configure:6184: checking for archiver @FILE support
configure:6201: mipsel-linux-gcc -c   conftest.c >&5
configure:6201: $? = 0
configure:6204: mipsel-linux-ar cru libconftest.a @conftest.lst >&5
configure:6207: $? = 0
configure:6212: mipsel-linux-ar cru libconftest.a @conftest.lst >&5
mipsel-linux-ar: conftest.o: No such file or directory
configure:6215: $? = 1
configure:6227: result: @
configure:6245: checking for mipsel-linux-strip
configure:6272: result: mipsel-linux-strip
configure:6344: checking for mipsel-linux-ranlib
configure:6360: found /opt/buildroot-gcc342/bin/mipsel-linux-ranlib
configure:6371: result: mipsel-linux-ranlib
configure:6513: checking command to parse /opt/buildroot-gcc342/bin/mipsel-linux-nm -B output from mipsel-linux-gcc object
configure:6633: mipsel-linux-gcc -c   conftest.c >&5
configure:6636: $? = 0
configure:6640: /opt/buildroot-gcc342/bin/mipsel-linux-nm -B conftest.o \| sed -n -e 's/^.*[ ]\([ABCDGIRSTW][ABCDGIRSTW]*\)[ ][ ]*\([_A-Za-z][_A-Za-z0-9]*\)$/\1 \2 \2/p' | sed '/ __gnu_lto/d' \> conftest.nm
configure:6643: $? = 0
configure:6709: mipsel-linux-gcc -o conftest    conftest.c conftstm.o >&5
configure:6712: $? = 0
configure:6750: result: ok
configure:6787: checking for sysroot
configure:6817: result: no
configure:7040: checking for mipsel-linux-mt
configure:7070: result: no
configure:7080: checking for mt
configure:7110: result: no
configure:7130: checking if : is a manifest tool
configure:7136: : '-?'
configure:7144: result: no
configure:7786: checking how to run the C preprocessor
configure:7817: mipsel-linux-gcc -E  conftest.c
configure:7817: $? = 0
configure:7831: mipsel-linux-gcc -E  conftest.c
conftest.c:11:28: ac_nonexistent.h: No such file or directory
configure:7831: $? = 1
configure: failed program was:
| /* confdefs.h */
| #define PACKAGE_NAME "libffi"
| #define PACKAGE_TARNAME "libffi"
| #define PACKAGE_VERSION "3.0.12"
| #define PACKAGE_STRING "libffi 3.0.12"
| #define PACKAGE_BUGREPORT "http://github.com/atgreen/libffi/issues"
| #define PACKAGE_URL ""
| #define PACKAGE "libffi"
| #define VERSION "3.0.12"
| /* end confdefs.h.  */
| #include <ac_nonexistent.h>
configure:7856: result: mipsel-linux-gcc -E
configure:7876: mipsel-linux-gcc -E  conftest.c
configure:7876: $? = 0
configure:7890: mipsel-linux-gcc -E  conftest.c
conftest.c:11:28: ac_nonexistent.h: No such file or directory
configure:7890: $? = 1
configure: failed program was:
| /* confdefs.h */
| #define PACKAGE_NAME "libffi"
| #define PACKAGE_TARNAME "libffi"
| #define PACKAGE_VERSION "3.0.12"
| #define PACKAGE_STRING "libffi 3.0.12"
| #define PACKAGE_BUGREPORT "http://github.com/atgreen/libffi/issues"
| #define PACKAGE_URL ""
| #define PACKAGE "libffi"
| #define VERSION "3.0.12"
| /* end confdefs.h.  */
| #include <ac_nonexistent.h>
configure:7919: checking for ANSI C header files
configure:7939: mipsel-linux-gcc -c   conftest.c >&5
configure:7939: $? = 0
configure:8023: result: yes
configure:8036: checking for sys/types.h
configure:8036: mipsel-linux-gcc -c   conftest.c >&5
configure:8036: $? = 0
configure:8036: result: yes
configure:8036: checking for sys/stat.h
configure:8036: mipsel-linux-gcc -c   conftest.c >&5
configure:8036: $? = 0
configure:8036: result: yes
configure:8036: checking for stdlib.h
configure:8036: mipsel-linux-gcc -c   conftest.c >&5
configure:8036: $? = 0
configure:8036: result: yes
configure:8036: checking for string.h
configure:8036: mipsel-linux-gcc -c   conftest.c >&5
configure:8036: $? = 0
configure:8036: result: yes
configure:8036: checking for memory.h
configure:8036: mipsel-linux-gcc -c   conftest.c >&5
configure:8036: $? = 0
configure:8036: result: yes
configure:8036: checking for strings.h
configure:8036: mipsel-linux-gcc -c   conftest.c >&5
configure:8036: $? = 0
configure:8036: result: yes
configure:8036: checking for inttypes.h
configure:8036: mipsel-linux-gcc -c   conftest.c >&5
configure:8036: $? = 0
configure:8036: result: yes
configure:8036: checking for stdint.h
configure:8036: mipsel-linux-gcc -c   conftest.c >&5
configure:8036: $? = 0
configure:8036: result: yes
configure:8036: checking for unistd.h
configure:8036: mipsel-linux-gcc -c   conftest.c >&5
configure:8036: $? = 0
configure:8036: result: yes
configure:8050: checking for dlfcn.h
configure:8050: mipsel-linux-gcc -c   conftest.c >&5
configure:8050: $? = 0
configure:8050: result: yes
configure:8256: checking for objdir
configure:8271: result: .libs
configure:8542: checking if mipsel-linux-gcc supports -fno-rtti -fno-exceptions
configure:8560: mipsel-linux-gcc -c   -fno-rtti -fno-exceptions conftest.c >&5
cc1: warning: command line option "-fno-rtti" is valid for C++/ObjC++ but not for C
configure:8564: $? = 0
configure:8577: result: no
configure:8904: checking for mipsel-linux-gcc option to produce PIC
configure:8911: result: -fPIC -DPIC
configure:8919: checking if mipsel-linux-gcc PIC flag -fPIC -DPIC works
configure:8937: mipsel-linux-gcc -c   -fPIC -DPIC -DPIC conftest.c >&5
configure:8941: $? = 0
configure:8954: result: yes
configure:8983: checking if mipsel-linux-gcc static flag -static works
configure:9011: result: yes
configure:9026: checking if mipsel-linux-gcc supports -c -o file.o
configure:9047: mipsel-linux-gcc -c   -o out/conftest2.o conftest.c >&5
configure:9051: $? = 0
configure:9073: result: yes
configure:9081: checking if mipsel-linux-gcc supports -c -o file.o
configure:9128: result: yes
configure:9161: checking whether the mipsel-linux-gcc linker (mipsel-linux-ld) supports shared libraries
configure:10314: result: yes
configure:10351: checking whether -lc should be explicitly linked in
configure:10359: mipsel-linux-gcc -c   conftest.c >&5
configure:10362: $? = 0
configure:10377: mipsel-linux-gcc -shared  -fPIC -DPIC conftest.o  -v -Wl,-soname -Wl,conftest -o conftest 2\>\&1 \| /bin/grep  -lc  \>/dev/null 2\>\&1
configure:10380: $? = 0
configure:10394: result: no
configure:10554: checking dynamic linker characteristics
configure:11065: mipsel-linux-gcc -o conftest    -Wl,-rpath -Wl,/foo conftest.c  >&5
configure:11065: $? = 0
configure:11291: result: GNU/Linux ld.so
configure:11398: checking how to hardcode library paths into programs
configure:11423: result: immediate
configure:11963: checking whether stripping libraries is possible
configure:11968: result: yes
configure:12003: checking if libtool supports shared libraries
configure:12005: result: yes
configure:12008: checking whether to build shared libraries
configure:12029: result: yes
configure:12032: checking whether to build static libraries
configure:12036: result: yes
configure:12080: checking size of size_t
configure:12085: mipsel-linux-gcc -c   conftest.c >&5
configure:12085: $? = 0
configure:12085: mipsel-linux-gcc -c   conftest.c >&5
conftest.c: In function `main':
conftest.c:59: error: size of array `test_array' is negative
configure:12085: $? = 1
configure: failed program was:
| /* confdefs.h */
| #define PACKAGE_NAME "libffi"
| #define PACKAGE_TARNAME "libffi"
| #define PACKAGE_VERSION "3.0.12"
| #define PACKAGE_STRING "libffi 3.0.12"
| #define PACKAGE_BUGREPORT "http://github.com/atgreen/libffi/issues"
| #define PACKAGE_URL ""
| #define PACKAGE "libffi"
| #define VERSION "3.0.12"
| #define STDC_HEADERS 1
| #define HAVE_SYS_TYPES_H 1
| #define HAVE_SYS_STAT_H 1
| #define HAVE_STDLIB_H 1
| #define HAVE_STRING_H 1
| #define HAVE_MEMORY_H 1
| #define HAVE_STRINGS_H 1
| #define HAVE_INTTYPES_H 1
| #define HAVE_STDINT_H 1
| #define HAVE_UNISTD_H 1
| #define HAVE_DLFCN_H 1
| #define LT_OBJDIR ".libs/"
| /* end confdefs.h.  */
| #include <stdio.h>
| #ifdef HAVE_SYS_TYPES_H
| # include <sys/types.h>
| #endif
| #ifdef HAVE_SYS_STAT_H
| # include <sys/stat.h>
| #endif
| #ifdef STDC_HEADERS
| # include <stdlib.h>
| # include <stddef.h>
| #else
| # ifdef HAVE_STDLIB_H
| #  include <stdlib.h>
| # endif
| #endif
| #ifdef HAVE_STRING_H
| # if !defined STDC_HEADERS && defined HAVE_MEMORY_H
| #  include <memory.h>
| # endif
| # include <string.h>
| #endif
| #ifdef HAVE_STRINGS_H
| # include <strings.h>
| #endif
| #ifdef HAVE_INTTYPES_H
| # include <inttypes.h>
| #endif
| #ifdef HAVE_STDINT_H
| # include <stdint.h>
| #endif
| #ifdef HAVE_UNISTD_H
| # include <unistd.h>
| #endif
| int
| main ()
| {
| static int test_array [1 - 2 * !(((long int) (sizeof (size_t))) <= 0)];
| test_array [0] = 0;
| return test_array [0];
| 
|   ;
|   return 0;
| }
configure:12085: mipsel-linux-gcc -c   conftest.c >&5
conftest.c: In function `main':
conftest.c:59: error: size of array `test_array' is negative
configure:12085: $? = 1
configure: failed program was:
| /* confdefs.h */
| #define PACKAGE_NAME "libffi"
| #define PACKAGE_TARNAME "libffi"
| #define PACKAGE_VERSION "3.0.12"
| #define PACKAGE_STRING "libffi 3.0.12"
| #define PACKAGE_BUGREPORT "http://github.com/atgreen/libffi/issues"
| #define PACKAGE_URL ""
| #define PACKAGE "libffi"
| #define VERSION "3.0.12"
| #define STDC_HEADERS 1
| #define HAVE_SYS_TYPES_H 1
| #define HAVE_SYS_STAT_H 1
| #define HAVE_STDLIB_H 1
| #define HAVE_STRING_H 1
| #define HAVE_MEMORY_H 1
| #define HAVE_STRINGS_H 1
| #define HAVE_INTTYPES_H 1
| #define HAVE_STDINT_H 1
| #define HAVE_UNISTD_H 1
| #define HAVE_DLFCN_H 1
| #define LT_OBJDIR ".libs/"
| /* end confdefs.h.  */
| #include <stdio.h>
| #ifdef HAVE_SYS_TYPES_H
| # include <sys/types.h>
| #endif
| #ifdef HAVE_SYS_STAT_H
| # include <sys/stat.h>
| #endif
| #ifdef STDC_HEADERS
| # include <stdlib.h>
| # include <stddef.h>
| #else
| # ifdef HAVE_STDLIB_H
| #  include <stdlib.h>
| # endif
| #endif
| #ifdef HAVE_STRING_H
| # if !defined STDC_HEADERS && defined HAVE_MEMORY_H
| #  include <memory.h>
| # endif
| # include <string.h>
| #endif
| #ifdef HAVE_STRINGS_H
| # include <strings.h>
| #endif
| #ifdef HAVE_INTTYPES_H
| # include <inttypes.h>
| #endif
| #ifdef HAVE_STDINT_H
| # include <stdint.h>
| #endif
| #ifdef HAVE_UNISTD_H
| # include <unistd.h>
| #endif
| int
| main ()
| {
| static int test_array [1 - 2 * !(((long int) (sizeof (size_t))) <= 1)];
| test_array [0] = 0;
| return test_array [0];
| 
|   ;
|   return 0;
| }
configure:12085: mipsel-linux-gcc -c   conftest.c >&5
conftest.c: In function `main':
conftest.c:59: error: size of array `test_array' is negative
configure:12085: $? = 1
configure: failed program was:
| /* confdefs.h */
| #define PACKAGE_NAME "libffi"
| #define PACKAGE_TARNAME "libffi"
| #define PACKAGE_VERSION "3.0.12"
| #define PACKAGE_STRING "libffi 3.0.12"
| #define PACKAGE_BUGREPORT "http://github.com/atgreen/libffi/issues"
| #define PACKAGE_URL ""
| #define PACKAGE "libffi"
| #define VERSION "3.0.12"
| #define STDC_HEADERS 1
| #define HAVE_SYS_TYPES_H 1
| #define HAVE_SYS_STAT_H 1
| #define HAVE_STDLIB_H 1
| #define HAVE_STRING_H 1
| #define HAVE_MEMORY_H 1
| #define HAVE_STRINGS_H 1
| #define HAVE_INTTYPES_H 1
| #define HAVE_STDINT_H 1
| #define HAVE_UNISTD_H 1
| #define HAVE_DLFCN_H 1
| #define LT_OBJDIR ".libs/"
| /* end confdefs.h.  */
| #include <stdio.h>
| #ifdef HAVE_SYS_TYPES_H
| # include <sys/types.h>
| #endif
| #ifdef HAVE_SYS_STAT_H
| # include <sys/stat.h>
| #endif
| #ifdef STDC_HEADERS
| # include <stdlib.h>
| # include <stddef.h>
| #else
| # ifdef HAVE_STDLIB_H
| #  include <stdlib.h>
| # endif
| #endif
| #ifdef HAVE_STRING_H
| # if !defined STDC_HEADERS && defined HAVE_MEMORY_H
| #  include <memory.h>
| # endif
| # include <string.h>
| #endif
| #ifdef HAVE_STRINGS_H
| # include <strings.h>
| #endif
| #ifdef HAVE_INTTYPES_H
| # include <inttypes.h>
| #endif
| #ifdef HAVE_STDINT_H
| # include <stdint.h>
| #endif
| #ifdef HAVE_UNISTD_H
| # include <unistd.h>
| #endif
| int
| main ()
| {
| static int test_array [1 - 2 * !(((long int) (sizeof (size_t))) <= 3)];
| test_array [0] = 0;
| return test_array [0];
| 
|   ;
|   return 0;
| }
configure:12085: mipsel-linux-gcc -c   conftest.c >&5
configure:12085: $? = 0
configure:12085: mipsel-linux-gcc -c   conftest.c >&5
configure:12085: $? = 0
configure:12085: mipsel-linux-gcc -c   conftest.c >&5
configure:12085: $? = 0
configure:12099: result: 4
configure:12110: checking for C compiler vendor
configure:12155: mipsel-linux-gcc -c   conftest.c >&5
conftest.c: In function `main':
conftest.c:30: error: `thisisanerror' undeclared (first use in this function)
conftest.c:30: error: (Each undeclared identifier is reported only once
conftest.c:30: error: for each function it appears in.)
configure:12155: $? = 1
configure: failed program was:
| /* confdefs.h */
| #define PACKAGE_NAME "libffi"
| #define PACKAGE_TARNAME "libffi"
| #define PACKAGE_VERSION "3.0.12"
| #define PACKAGE_STRING "libffi 3.0.12"
| #define PACKAGE_BUGREPORT "http://github.com/atgreen/libffi/issues"
| #define PACKAGE_URL ""
| #define PACKAGE "libffi"
| #define VERSION "3.0.12"
| #define STDC_HEADERS 1
| #define HAVE_SYS_TYPES_H 1
| #define HAVE_SYS_STAT_H 1
| #define HAVE_STDLIB_H 1
| #define HAVE_STRING_H 1
| #define HAVE_MEMORY_H 1
| #define HAVE_STRINGS_H 1
| #define HAVE_INTTYPES_H 1
| #define HAVE_STDINT_H 1
| #define HAVE_UNISTD_H 1
| #define HAVE_DLFCN_H 1
| #define LT_OBJDIR ".libs/"
| #define SIZEOF_SIZE_T 4
| /* end confdefs.h.  */
| 
| int
| main ()
| {
| 
|       #if !(defined(__ICC) || defined(__ECC) || defined(__INTEL_COMPILER))
|         thisisanerror;
|       #endif
| 
|   ;
|   return 0;
| }
configure:12155: mipsel-linux-gcc -c   conftest.c >&5
conftest.c: In function `main':
conftest.c:30: error: `thisisanerror' undeclared (first use in this function)
conftest.c:30: error: (Each undeclared identifier is reported only once
conftest.c:30: error: for each function it appears in.)
configure:12155: $? = 1
configure: failed program was:
| /* confdefs.h */
| #define PACKAGE_NAME "libffi"
| #define PACKAGE_TARNAME "libffi"
| #define PACKAGE_VERSION "3.0.12"
| #define PACKAGE_STRING "libffi 3.0.12"
| #define PACKAGE_BUGREPORT "http://github.com/atgreen/libffi/issues"
| #define PACKAGE_URL ""
| #define PACKAGE "libffi"
| #define VERSION "3.0.12"
| #define STDC_HEADERS 1
| #define HAVE_SYS_TYPES_H 1
| #define HAVE_SYS_STAT_H 1
| #define HAVE_STDLIB_H 1
| #define HAVE_STRING_H 1
| #define HAVE_MEMORY_H 1
| #define HAVE_STRINGS_H 1
| #define HAVE_INTTYPES_H 1
| #define HAVE_STDINT_H 1
| #define HAVE_UNISTD_H 1
| #define HAVE_DLFCN_H 1
| #define LT_OBJDIR ".libs/"
| #define SIZEOF_SIZE_T 4
| /* end confdefs.h.  */
| 
| int
| main ()
| {
| 
|       #if !(defined(__xlc__) || defined(__xlC__) || defined(__IBMC__) || defined(__IBMCPP__))
|         thisisanerror;
|       #endif
| 
|   ;
|   return 0;
| }
configure:12155: mipsel-linux-gcc -c   conftest.c >&5
conftest.c: In function `main':
conftest.c:30: error: `thisisanerror' undeclared (first use in this function)
conftest.c:30: error: (Each undeclared identifier is reported only once
conftest.c:30: error: for each function it appears in.)
configure:12155: $? = 1
configure: failed program was:
| /* confdefs.h */
| #define PACKAGE_NAME "libffi"
| #define PACKAGE_TARNAME "libffi"
| #define PACKAGE_VERSION "3.0.12"
| #define PACKAGE_STRING "libffi 3.0.12"
| #define PACKAGE_BUGREPORT "http://github.com/atgreen/libffi/issues"
| #define PACKAGE_URL ""
| #define PACKAGE "libffi"
| #define VERSION "3.0.12"
| #define STDC_HEADERS 1
| #define HAVE_SYS_TYPES_H 1
| #define HAVE_SYS_STAT_H 1
| #define HAVE_STDLIB_H 1
| #define HAVE_STRING_H 1
| #define HAVE_MEMORY_H 1
| #define HAVE_STRINGS_H 1
| #define HAVE_INTTYPES_H 1
| #define HAVE_STDINT_H 1
| #define HAVE_UNISTD_H 1
| #define HAVE_DLFCN_H 1
| #define LT_OBJDIR ".libs/"
| #define SIZEOF_SIZE_T 4
| /* end confdefs.h.  */
| 
| int
| main ()
| {
| 
|       #if !(defined(__PATHCC__) || defined(__PATHSCALE__))
|         thisisanerror;
|       #endif
| 
|   ;
|   return 0;
| }
configure:12155: mipsel-linux-gcc -c   conftest.c >&5
conftest.c: In function `main':
conftest.c:30: error: `thisisanerror' undeclared (first use in this function)
conftest.c:30: error: (Each undeclared identifier is reported only once
conftest.c:30: error: for each function it appears in.)
configure:12155: $? = 1
configure: failed program was:
| /* confdefs.h */
| #define PACKAGE_NAME "libffi"
| #define PACKAGE_TARNAME "libffi"
| #define PACKAGE_VERSION "3.0.12"
| #define PACKAGE_STRING "libffi 3.0.12"
| #define PACKAGE_BUGREPORT "http://github.com/atgreen/libffi/issues"
| #define PACKAGE_URL ""
| #define PACKAGE "libffi"
| #define VERSION "3.0.12"
| #define STDC_HEADERS 1
| #define HAVE_SYS_TYPES_H 1
| #define HAVE_SYS_STAT_H 1
| #define HAVE_STDLIB_H 1
| #define HAVE_STRING_H 1
| #define HAVE_MEMORY_H 1
| #define HAVE_STRINGS_H 1
| #define HAVE_INTTYPES_H 1
| #define HAVE_STDINT_H 1
| #define HAVE_UNISTD_H 1
| #define HAVE_DLFCN_H 1
| #define LT_OBJDIR ".libs/"
| #define SIZEOF_SIZE_T 4
| /* end confdefs.h.  */
| 
| int
| main ()
| {
| 
|       #if !(defined(__clang__))
|         thisisanerror;
|       #endif
| 
|   ;
|   return 0;
| }
configure:12155: mipsel-linux-gcc -c   conftest.c >&5
configure:12155: $? = 0
configure:12163: result: gnu
configure:12438: checking whether C compiler accepts -fstrict-aliasing
configure:12457: mipsel-linux-gcc -c -O3 -fomit-frame-pointer  -fstrict-aliasing  conftest.c >&5
configure:12457: $? = 0
configure:12465: result: yes
configure:12475: checking whether C compiler accepts -ffast-math
configure:12494: mipsel-linux-gcc -c -O3 -fomit-frame-pointer -fstrict-aliasing  -ffast-math  conftest.c >&5
configure:12494: $? = 0
configure:12502: result: yes
configure:12523: checking for gcc architecture flag
configure:12525: result: 
configure:12910: checking for gcc architecture flag
configure:12912: result: unknown
configure:12935: checking whether C compiler accepts -O3 -fomit-frame-pointer -fstrict-aliasing -ffast-math
configure:12954: mipsel-linux-gcc -c -O3 -fomit-frame-pointer -fstrict-aliasing -ffast-math  -O3 -fomit-frame-pointer -fstrict-aliasing -ffast-math  conftest.c >&5
configure:12954: $? = 0
configure:12963: result: yes
configure:12996: : CFLAGS="$CFLAGS "
configure:12999: $? = 0
configure:13014: checking CFLAGS for maximum warnings
configure:13034: mipsel-linux-gcc -c -O3 -fomit-frame-pointer -fstrict-aliasing -ffast-math  -warn all  -warn all  conftest.c >&5
mipsel-linux-gcc: all: No such file or directory
mipsel-linux-gcc: all: No such file or directory
mipsel-linux-gcc: unrecognized option `-warn'
mipsel-linux-gcc: unrecognized option `-warn'
configure:13034: $? = 1
configure: failed program was:
| /* confdefs.h */
| #define PACKAGE_NAME "libffi"
| #define PACKAGE_TARNAME "libffi"
| #define PACKAGE_VERSION "3.0.12"
| #define PACKAGE_STRING "libffi 3.0.12"
| #define PACKAGE_BUGREPORT "http://github.com/atgreen/libffi/issues"
| #define PACKAGE_URL ""
| #define PACKAGE "libffi"
| #define VERSION "3.0.12"
| #define STDC_HEADERS 1
| #define HAVE_SYS_TYPES_H 1
| #define HAVE_SYS_STAT_H 1
| #define HAVE_STDLIB_H 1
| #define HAVE_STRING_H 1
| #define HAVE_MEMORY_H 1
| #define HAVE_STRINGS_H 1
| #define HAVE_INTTYPES_H 1
| #define HAVE_STDINT_H 1
| #define HAVE_UNISTD_H 1
| #define HAVE_DLFCN_H 1
| #define LT_OBJDIR ".libs/"
| #define SIZEOF_SIZE_T 4
| /* end confdefs.h.  */
| 
| int
| main ()
| {
| 
|   ;
|   return 0;
| }
configure:13034: mipsel-linux-gcc -c -O3 -fomit-frame-pointer -fstrict-aliasing -ffast-math  -pedantic  -Wall  conftest.c >&5
configure:13034: $? = 0
configure:13042: result: -Wall
configure:13058: : CFLAGS="$CFLAGS $ac_cv_cflags_warn_all"
configure:13061: $? = 0
configure:13091: checking whether to enable maintainer-specific portions of Makefiles
configure:13100: result: no
configure:13116: checking sys/mman.h usability
configure:13116: mipsel-linux-gcc -c -O3 -fomit-frame-pointer -fstrict-aliasing -ffast-math  -Wall -fexceptions  conftest.c >&5
configure:13116: $? = 0
configure:13116: result: yes
configure:13116: checking sys/mman.h presence
configure:13116: mipsel-linux-gcc -E  conftest.c
configure:13116: $? = 0
configure:13116: result: yes
configure:13116: checking for sys/mman.h
configure:13116: result: yes
configure:13128: checking for mmap
configure:13128: mipsel-linux-gcc -o conftest -O3 -fomit-frame-pointer -fstrict-aliasing -ffast-math  -Wall -fexceptions   conftest.c  >&5
configure:13128: $? = 0
configure:13128: result: yes
configure:13138: checking for sys/mman.h
configure:13138: result: yes
configure:13146: checking for mmap
configure:13146: result: yes
configure:13159: checking whether read-only mmap of a plain file works
configure:13176: result: yes
configure:13178: checking whether mmap from /dev/zero works
configure:13200: result: yes
configure:13204: checking for MAP_ANON(YMOUS)
configure:13227: mipsel-linux-gcc -c -O3 -fomit-frame-pointer -fstrict-aliasing -ffast-math  -Wall -fexceptions  conftest.c >&5
conftest.c: In function `main':
conftest.c:37: warning: unused variable `n'
configure:13227: $? = 0
configure:13234: result: yes
configure:13240: checking whether mmap with MAP_ANON(YMOUS) works
configure:13257: result: yes
configure:13745: checking for ANSI C header files
configure:13849: result: yes
configure:13859: checking for memcpy
configure:13859: mipsel-linux-gcc -o conftest -O3 -fomit-frame-pointer -fstrict-aliasing -ffast-math  -Wall -fexceptions   conftest.c  >&5
conftest.c:53: warning: conflicting types for built-in function 'memcpy'
configure:13859: $? = 0
configure:13859: result: yes
configure:13868: checking for size_t
configure:13868: mipsel-linux-gcc -c -O3 -fomit-frame-pointer -fstrict-aliasing -ffast-math  -Wall -fexceptions  conftest.c >&5
configure:13868: $? = 0
configure:13868: mipsel-linux-gcc -c -O3 -fomit-frame-pointer -fstrict-aliasing -ffast-math  -Wall -fexceptions  conftest.c >&5
conftest.c: In function `main':
conftest.c:67: error: parse error before ')' token
configure:13868: $? = 1
configure: failed program was:
| /* confdefs.h */
| #define PACKAGE_NAME "libffi"
| #define PACKAGE_TARNAME "libffi"
| #define PACKAGE_VERSION "3.0.12"
| #define PACKAGE_STRING "libffi 3.0.12"
| #define PACKAGE_BUGREPORT "http://github.com/atgreen/libffi/issues"
| #define PACKAGE_URL ""
| #define PACKAGE "libffi"
| #define VERSION "3.0.12"
| #define STDC_HEADERS 1
| #define HAVE_SYS_TYPES_H 1
| #define HAVE_SYS_STAT_H 1
| #define HAVE_STDLIB_H 1
| #define HAVE_STRING_H 1
| #define HAVE_MEMORY_H 1
| #define HAVE_STRINGS_H 1
| #define HAVE_INTTYPES_H 1
| #define HAVE_STDINT_H 1
| #define HAVE_UNISTD_H 1
| #define HAVE_DLFCN_H 1
| #define LT_OBJDIR ".libs/"
| #define SIZEOF_SIZE_T 4
| #define HAVE_SYS_MMAN_H 1
| #define HAVE_MMAP 1
| #define HAVE_MMAP_FILE 1
| #define HAVE_MMAP_DEV_ZERO 1
| #define HAVE_MMAP_ANON 1
| #define STDC_HEADERS 1
| #define HAVE_MEMCPY 1
| /* end confdefs.h.  */
| #include <stdio.h>
| #ifdef HAVE_SYS_TYPES_H
| # include <sys/types.h>
| #endif
| #ifdef HAVE_SYS_STAT_H
| # include <sys/stat.h>
| #endif
| #ifdef STDC_HEADERS
| # include <stdlib.h>
| # include <stddef.h>
| #else
| # ifdef HAVE_STDLIB_H
| #  include <stdlib.h>
| # endif
| #endif
| #ifdef HAVE_STRING_H
| # if !defined STDC_HEADERS && defined HAVE_MEMORY_H
| #  include <memory.h>
| # endif
| # include <string.h>
| #endif
| #ifdef HAVE_STRINGS_H
| # include <strings.h>
| #endif
| #ifdef HAVE_INTTYPES_H
| # include <inttypes.h>
| #endif
| #ifdef HAVE_STDINT_H
| # include <stdint.h>
| #endif
| #ifdef HAVE_UNISTD_H
| # include <unistd.h>
| #endif
| int
| main ()
| {
| if (sizeof ((size_t)))
| 	    return 0;
|   ;
|   return 0;
| }
configure:13868: result: yes
configure:13881: checking for working alloca.h
configure:13898: mipsel-linux-gcc -o conftest -O3 -fomit-frame-pointer -fstrict-aliasing -ffast-math  -Wall -fexceptions   conftest.c  >&5
configure:13898: $? = 0
configure:13906: result: yes
configure:13914: checking for alloca
configure:13951: mipsel-linux-gcc -o conftest -O3 -fomit-frame-pointer -fstrict-aliasing -ffast-math  -Wall -fexceptions   conftest.c  >&5
configure:13951: $? = 0
configure:13959: result: yes
configure:14070: checking size of double
configure:14075: mipsel-linux-gcc -c -O3 -fomit-frame-pointer -fstrict-aliasing -ffast-math  -Wall -fexceptions  conftest.c >&5
configure:14075: $? = 0
configure:14075: mipsel-linux-gcc -c -O3 -fomit-frame-pointer -fstrict-aliasing -ffast-math  -Wall -fexceptions  conftest.c >&5
conftest.c: In function `main':
conftest.c:69: error: size of array `test_array' is negative
configure:14075: $? = 1
configure: failed program was:
| /* confdefs.h */
| #define PACKAGE_NAME "libffi"
| #define PACKAGE_TARNAME "libffi"
| #define PACKAGE_VERSION "3.0.12"
| #define PACKAGE_STRING "libffi 3.0.12"
| #define PACKAGE_BUGREPORT "http://github.com/atgreen/libffi/issues"
| #define PACKAGE_URL ""
| #define PACKAGE "libffi"
| #define VERSION "3.0.12"
| #define STDC_HEADERS 1
| #define HAVE_SYS_TYPES_H 1
| #define HAVE_SYS_STAT_H 1
| #define HAVE_STDLIB_H 1
| #define HAVE_STRING_H 1
| #define HAVE_MEMORY_H 1
| #define HAVE_STRINGS_H 1
| #define HAVE_INTTYPES_H 1
| #define HAVE_STDINT_H 1
| #define HAVE_UNISTD_H 1
| #define HAVE_DLFCN_H 1
| #define LT_OBJDIR ".libs/"
| #define SIZEOF_SIZE_T 4
| #define HAVE_SYS_MMAN_H 1
| #define HAVE_MMAP 1
| #define HAVE_MMAP_FILE 1
| #define HAVE_MMAP_DEV_ZERO 1
| #define HAVE_MMAP_ANON 1
| #define STDC_HEADERS 1
| #define HAVE_MEMCPY 1
| #define HAVE_ALLOCA_H 1
| #define HAVE_ALLOCA 1
| /* end confdefs.h.  */
| #include <stdio.h>
| #ifdef HAVE_SYS_TYPES_H
| # include <sys/types.h>
| #endif
| #ifdef HAVE_SYS_STAT_H
| # include <sys/stat.h>
| #endif
| #ifdef STDC_HEADERS
| # include <stdlib.h>
| # include <stddef.h>
| #else
| # ifdef HAVE_STDLIB_H
| #  include <stdlib.h>
| # endif
| #endif
| #ifdef HAVE_STRING_H
| # if !defined STDC_HEADERS && defined HAVE_MEMORY_H
| #  include <memory.h>
| # endif
| # include <string.h>
| #endif
| #ifdef HAVE_STRINGS_H
| # include <strings.h>
| #endif
| #ifdef HAVE_INTTYPES_H
| # include <inttypes.h>
| #endif
| #ifdef HAVE_STDINT_H
| # include <stdint.h>
| #endif
| #ifdef HAVE_UNISTD_H
| # include <unistd.h>
| #endif
| int
| main ()
| {
| static int test_array [1 - 2 * !(((long int) (sizeof (double))) <= 0)];
| test_array [0] = 0;
| return test_array [0];
| 
|   ;
|   return 0;
| }
configure:14075: mipsel-linux-gcc -c -O3 -fomit-frame-pointer -fstrict-aliasing -ffast-math  -Wall -fexceptions  conftest.c >&5
conftest.c: In function `main':
conftest.c:69: error: size of array `test_array' is negative
configure:14075: $? = 1
configure: failed program was:
| /* confdefs.h */
| #define PACKAGE_NAME "libffi"
| #define PACKAGE_TARNAME "libffi"
| #define PACKAGE_VERSION "3.0.12"
| #define PACKAGE_STRING "libffi 3.0.12"
| #define PACKAGE_BUGREPORT "http://github.com/atgreen/libffi/issues"
| #define PACKAGE_URL ""
| #define PACKAGE "libffi"
| #define VERSION "3.0.12"
| #define STDC_HEADERS 1
| #define HAVE_SYS_TYPES_H 1
| #define HAVE_SYS_STAT_H 1
| #define HAVE_STDLIB_H 1
| #define HAVE_STRING_H 1
| #define HAVE_MEMORY_H 1
| #define HAVE_STRINGS_H 1
| #define HAVE_INTTYPES_H 1
| #define HAVE_STDINT_H 1
| #define HAVE_UNISTD_H 1
| #define HAVE_DLFCN_H 1
| #define LT_OBJDIR ".libs/"
| #define SIZEOF_SIZE_T 4
| #define HAVE_SYS_MMAN_H 1
| #define HAVE_MMAP 1
| #define HAVE_MMAP_FILE 1
| #define HAVE_MMAP_DEV_ZERO 1
| #define HAVE_MMAP_ANON 1
| #define STDC_HEADERS 1
| #define HAVE_MEMCPY 1
| #define HAVE_ALLOCA_H 1
| #define HAVE_ALLOCA 1
| /* end confdefs.h.  */
| #include <stdio.h>
| #ifdef HAVE_SYS_TYPES_H
| # include <sys/types.h>
| #endif
| #ifdef HAVE_SYS_STAT_H
| # include <sys/stat.h>
| #endif
| #ifdef STDC_HEADERS
| # include <stdlib.h>
| # include <stddef.h>
| #else
| # ifdef HAVE_STDLIB_H
| #  include <stdlib.h>
| # endif
| #endif
| #ifdef HAVE_STRING_H
| # if !defined STDC_HEADERS && defined HAVE_MEMORY_H
| #  include <memory.h>
| # endif
| # include <string.h>
| #endif
| #ifdef HAVE_STRINGS_H
| # include <strings.h>
| #endif
| #ifdef HAVE_INTTYPES_H
| # include <inttypes.h>
| #endif
| #ifdef HAVE_STDINT_H
| # include <stdint.h>
| #endif
| #ifdef HAVE_UNISTD_H
| # include <unistd.h>
| #endif
| int
| main ()
| {
| static int test_array [1 - 2 * !(((long int) (sizeof (double))) <= 1)];
| test_array [0] = 0;
| return test_array [0];
| 
|   ;
|   return 0;
| }
configure:14075: mipsel-linux-gcc -c -O3 -fomit-frame-pointer -fstrict-aliasing -ffast-math  -Wall -fexceptions  conftest.c >&5
conftest.c: In function `main':
conftest.c:69: error: size of array `test_array' is negative
configure:14075: $? = 1
configure: failed program was:
| /* confdefs.h */
| #define PACKAGE_NAME "libffi"
| #define PACKAGE_TARNAME "libffi"
| #define PACKAGE_VERSION "3.0.12"
| #define PACKAGE_STRING "libffi 3.0.12"
| #define PACKAGE_BUGREPORT "http://github.com/atgreen/libffi/issues"
| #define PACKAGE_URL ""
| #define PACKAGE "libffi"
| #define VERSION "3.0.12"
| #define STDC_HEADERS 1
| #define HAVE_SYS_TYPES_H 1
| #define HAVE_SYS_STAT_H 1
| #define HAVE_STDLIB_H 1
| #define HAVE_STRING_H 1
| #define HAVE_MEMORY_H 1
| #define HAVE_STRINGS_H 1
| #define HAVE_INTTYPES_H 1
| #define HAVE_STDINT_H 1
| #define HAVE_UNISTD_H 1
| #define HAVE_DLFCN_H 1
| #define LT_OBJDIR ".libs/"
| #define SIZEOF_SIZE_T 4
| #define HAVE_SYS_MMAN_H 1
| #define HAVE_MMAP 1
| #define HAVE_MMAP_FILE 1
| #define HAVE_MMAP_DEV_ZERO 1
| #define HAVE_MMAP_ANON 1
| #define STDC_HEADERS 1
| #define HAVE_MEMCPY 1
| #define HAVE_ALLOCA_H 1
| #define HAVE_ALLOCA 1
| /* end confdefs.h.  */
| #include <stdio.h>
| #ifdef HAVE_SYS_TYPES_H
| # include <sys/types.h>
| #endif
| #ifdef HAVE_SYS_STAT_H
| # include <sys/stat.h>
| #endif
| #ifdef STDC_HEADERS
| # include <stdlib.h>
| # include <stddef.h>
| #else
| # ifdef HAVE_STDLIB_H
| #  include <stdlib.h>
| # endif
| #endif
| #ifdef HAVE_STRING_H
| # if !defined STDC_HEADERS && defined HAVE_MEMORY_H
| #  include <memory.h>
| # endif
| # include <string.h>
| #endif
| #ifdef HAVE_STRINGS_H
| # include <strings.h>
| #endif
| #ifdef HAVE_INTTYPES_H
| # include <inttypes.h>
| #endif
| #ifdef HAVE_STDINT_H
| # include <stdint.h>
| #endif
| #ifdef HAVE_UNISTD_H
| # include <unistd.h>
| #endif
| int
| main ()
| {
| static int test_array [1 - 2 * !(((long int) (sizeof (double))) <= 3)];
| test_array [0] = 0;
| return test_array [0];
| 
|   ;
|   return 0;
| }
configure:14075: mipsel-linux-gcc -c -O3 -fomit-frame-pointer -fstrict-aliasing -ffast-math  -Wall -fexceptions  conftest.c >&5
conftest.c: In function `main':
conftest.c:69: error: size of array `test_array' is negative
configure:14075: $? = 1
configure: failed program was:
| /* confdefs.h */
| #define PACKAGE_NAME "libffi"
| #define PACKAGE_TARNAME "libffi"
| #define PACKAGE_VERSION "3.0.12"
| #define PACKAGE_STRING "libffi 3.0.12"
| #define PACKAGE_BUGREPORT "http://github.com/atgreen/libffi/issues"
| #define PACKAGE_URL ""
| #define PACKAGE "libffi"
| #define VERSION "3.0.12"
| #define STDC_HEADERS 1
| #define HAVE_SYS_TYPES_H 1
| #define HAVE_SYS_STAT_H 1
| #define HAVE_STDLIB_H 1
| #define HAVE_STRING_H 1
| #define HAVE_MEMORY_H 1
| #define HAVE_STRINGS_H 1
| #define HAVE_INTTYPES_H 1
| #define HAVE_STDINT_H 1
| #define HAVE_UNISTD_H 1
| #define HAVE_DLFCN_H 1
| #define LT_OBJDIR ".libs/"
| #define SIZEOF_SIZE_T 4
| #define HAVE_SYS_MMAN_H 1
| #define HAVE_MMAP 1
| #define HAVE_MMAP_FILE 1
| #define HAVE_MMAP_DEV_ZERO 1
| #define HAVE_MMAP_ANON 1
| #define STDC_HEADERS 1
| #define HAVE_MEMCPY 1
| #define HAVE_ALLOCA_H 1
| #define HAVE_ALLOCA 1
| /* end confdefs.h.  */
| #include <stdio.h>
| #ifdef HAVE_SYS_TYPES_H
| # include <sys/types.h>
| #endif
| #ifdef HAVE_SYS_STAT_H
| # include <sys/stat.h>
| #endif
| #ifdef STDC_HEADERS
| # include <stdlib.h>
| # include <stddef.h>
| #else
| # ifdef HAVE_STDLIB_H
| #  include <stdlib.h>
| # endif
| #endif
| #ifdef HAVE_STRING_H
| # if !defined STDC_HEADERS && defined HAVE_MEMORY_H
| #  include <memory.h>
| # endif
| # include <string.h>
| #endif
| #ifdef HAVE_STRINGS_H
| # include <strings.h>
| #endif
| #ifdef HAVE_INTTYPES_H
| # include <inttypes.h>
| #endif
| #ifdef HAVE_STDINT_H
| # include <stdint.h>
| #endif
| #ifdef HAVE_UNISTD_H
| # include <unistd.h>
| #endif
| int
| main ()
| {
| static int test_array [1 - 2 * !(((long int) (sizeof (double))) <= 7)];
| test_array [0] = 0;
| return test_array [0];
| 
|   ;
|   return 0;
| }
configure:14075: mipsel-linux-gcc -c -O3 -fomit-frame-pointer -fstrict-aliasing -ffast-math  -Wall -fexceptions  conftest.c >&5
configure:14075: $? = 0
configure:14075: mipsel-linux-gcc -c -O3 -fomit-frame-pointer -fstrict-aliasing -ffast-math  -Wall -fexceptions  conftest.c >&5
configure:14075: $? = 0
configure:14075: mipsel-linux-gcc -c -O3 -fomit-frame-pointer -fstrict-aliasing -ffast-math  -Wall -fexceptions  conftest.c >&5
configure:14075: $? = 0
configure:14075: mipsel-linux-gcc -c -O3 -fomit-frame-pointer -fstrict-aliasing -ffast-math  -Wall -fexceptions  conftest.c >&5
configure:14075: $? = 0
configure:14089: result: 8
configure:14103: checking size of long double
configure:14108: mipsel-linux-gcc -c -O3 -fomit-frame-pointer -fstrict-aliasing -ffast-math  -Wall -fexceptions  conftest.c >&5
configure:14108: $? = 0
configure:14108: mipsel-linux-gcc -c -O3 -fomit-frame-pointer -fstrict-aliasing -ffast-math  -Wall -fexceptions  conftest.c >&5
conftest.c: In function `main':
conftest.c:70: error: size of array `test_array' is negative
configure:14108: $? = 1
configure: failed program was:
| /* confdefs.h */
| #define PACKAGE_NAME "libffi"
| #define PACKAGE_TARNAME "libffi"
| #define PACKAGE_VERSION "3.0.12"
| #define PACKAGE_STRING "libffi 3.0.12"
| #define PACKAGE_BUGREPORT "http://github.com/atgreen/libffi/issues"
| #define PACKAGE_URL ""
| #define PACKAGE "libffi"
| #define VERSION "3.0.12"
| #define STDC_HEADERS 1
| #define HAVE_SYS_TYPES_H 1
| #define HAVE_SYS_STAT_H 1
| #define HAVE_STDLIB_H 1
| #define HAVE_STRING_H 1
| #define HAVE_MEMORY_H 1
| #define HAVE_STRINGS_H 1
| #define HAVE_INTTYPES_H 1
| #define HAVE_STDINT_H 1
| #define HAVE_UNISTD_H 1
| #define HAVE_DLFCN_H 1
| #define LT_OBJDIR ".libs/"
| #define SIZEOF_SIZE_T 4
| #define HAVE_SYS_MMAN_H 1
| #define HAVE_MMAP 1
| #define HAVE_MMAP_FILE 1
| #define HAVE_MMAP_DEV_ZERO 1
| #define HAVE_MMAP_ANON 1
| #define STDC_HEADERS 1
| #define HAVE_MEMCPY 1
| #define HAVE_ALLOCA_H 1
| #define HAVE_ALLOCA 1
| #define SIZEOF_DOUBLE 8
| /* end confdefs.h.  */
| #include <stdio.h>
| #ifdef HAVE_SYS_TYPES_H
| # include <sys/types.h>
| #endif
| #ifdef HAVE_SYS_STAT_H
| # include <sys/stat.h>
| #endif
| #ifdef STDC_HEADERS
| # include <stdlib.h>
| # include <stddef.h>
| #else
| # ifdef HAVE_STDLIB_H
| #  include <stdlib.h>
| # endif
| #endif
| #ifdef HAVE_STRING_H
| # if !defined STDC_HEADERS && defined HAVE_MEMORY_H
| #  include <memory.h>
| # endif
| # include <string.h>
| #endif
| #ifdef HAVE_STRINGS_H
| # include <strings.h>
| #endif
| #ifdef HAVE_INTTYPES_H
| # include <inttypes.h>
| #endif
| #ifdef HAVE_STDINT_H
| # include <stdint.h>
| #endif
| #ifdef HAVE_UNISTD_H
| # include <unistd.h>
| #endif
| int
| main ()
| {
| static int test_array [1 - 2 * !(((long int) (sizeof (long double))) <= 0)];
| test_array [0] = 0;
| return test_array [0];
| 
|   ;
|   return 0;
| }
configure:14108: mipsel-linux-gcc -c -O3 -fomit-frame-pointer -fstrict-aliasing -ffast-math  -Wall -fexceptions  conftest.c >&5
conftest.c: In function `main':
conftest.c:70: error: size of array `test_array' is negative
configure:14108: $? = 1
configure: failed program was:
| /* confdefs.h */
| #define PACKAGE_NAME "libffi"
| #define PACKAGE_TARNAME "libffi"
| #define PACKAGE_VERSION "3.0.12"
| #define PACKAGE_STRING "libffi 3.0.12"
| #define PACKAGE_BUGREPORT "http://github.com/atgreen/libffi/issues"
| #define PACKAGE_URL ""
| #define PACKAGE "libffi"
| #define VERSION "3.0.12"
| #define STDC_HEADERS 1
| #define HAVE_SYS_TYPES_H 1
| #define HAVE_SYS_STAT_H 1
| #define HAVE_STDLIB_H 1
| #define HAVE_STRING_H 1
| #define HAVE_MEMORY_H 1
| #define HAVE_STRINGS_H 1
| #define HAVE_INTTYPES_H 1
| #define HAVE_STDINT_H 1
| #define HAVE_UNISTD_H 1
| #define HAVE_DLFCN_H 1
| #define LT_OBJDIR ".libs/"
| #define SIZEOF_SIZE_T 4
| #define HAVE_SYS_MMAN_H 1
| #define HAVE_MMAP 1
| #define HAVE_MMAP_FILE 1
| #define HAVE_MMAP_DEV_ZERO 1
| #define HAVE_MMAP_ANON 1
| #define STDC_HEADERS 1
| #define HAVE_MEMCPY 1
| #define HAVE_ALLOCA_H 1
| #define HAVE_ALLOCA 1
| #define SIZEOF_DOUBLE 8
| /* end confdefs.h.  */
| #include <stdio.h>
| #ifdef HAVE_SYS_TYPES_H
| # include <sys/types.h>
| #endif
| #ifdef HAVE_SYS_STAT_H
| # include <sys/stat.h>
| #endif
| #ifdef STDC_HEADERS
| # include <stdlib.h>
| # include <stddef.h>
| #else
| # ifdef HAVE_STDLIB_H
| #  include <stdlib.h>
| # endif
| #endif
| #ifdef HAVE_STRING_H
| # if !defined STDC_HEADERS && defined HAVE_MEMORY_H
| #  include <memory.h>
| # endif
| # include <string.h>
| #endif
| #ifdef HAVE_STRINGS_H
| # include <strings.h>
| #endif
| #ifdef HAVE_INTTYPES_H
| # include <inttypes.h>
| #endif
| #ifdef HAVE_STDINT_H
| # include <stdint.h>
| #endif
| #ifdef HAVE_UNISTD_H
| # include <unistd.h>
| #endif
| int
| main ()
| {
| static int test_array [1 - 2 * !(((long int) (sizeof (long double))) <= 1)];
| test_array [0] = 0;
| return test_array [0];
| 
|   ;
|   return 0;
| }
configure:14108: mipsel-linux-gcc -c -O3 -fomit-frame-pointer -fstrict-aliasing -ffast-math  -Wall -fexceptions  conftest.c >&5
conftest.c: In function `main':
conftest.c:70: error: size of array `test_array' is negative
configure:14108: $? = 1
configure: failed program was:
| /* confdefs.h */
| #define PACKAGE_NAME "libffi"
| #define PACKAGE_TARNAME "libffi"
| #define PACKAGE_VERSION "3.0.12"
| #define PACKAGE_STRING "libffi 3.0.12"
| #define PACKAGE_BUGREPORT "http://github.com/atgreen/libffi/issues"
| #define PACKAGE_URL ""
| #define PACKAGE "libffi"
| #define VERSION "3.0.12"
| #define STDC_HEADERS 1
| #define HAVE_SYS_TYPES_H 1
| #define HAVE_SYS_STAT_H 1
| #define HAVE_STDLIB_H 1
| #define HAVE_STRING_H 1
| #define HAVE_MEMORY_H 1
| #define HAVE_STRINGS_H 1
| #define HAVE_INTTYPES_H 1
| #define HAVE_STDINT_H 1
| #define HAVE_UNISTD_H 1
| #define HAVE_DLFCN_H 1
| #define LT_OBJDIR ".libs/"
| #define SIZEOF_SIZE_T 4
| #define HAVE_SYS_MMAN_H 1
| #define HAVE_MMAP 1
| #define HAVE_MMAP_FILE 1
| #define HAVE_MMAP_DEV_ZERO 1
| #define HAVE_MMAP_ANON 1
| #define STDC_HEADERS 1
| #define HAVE_MEMCPY 1
| #define HAVE_ALLOCA_H 1
| #define HAVE_ALLOCA 1
| #define SIZEOF_DOUBLE 8
| /* end confdefs.h.  */
| #include <stdio.h>
| #ifdef HAVE_SYS_TYPES_H
| # include <sys/types.h>
| #endif
| #ifdef HAVE_SYS_STAT_H
| # include <sys/stat.h>
| #endif
| #ifdef STDC_HEADERS
| # include <stdlib.h>
| # include <stddef.h>
| #else
| # ifdef HAVE_STDLIB_H
| #  include <stdlib.h>
| # endif
| #endif
| #ifdef HAVE_STRING_H
| # if !defined STDC_HEADERS && defined HAVE_MEMORY_H
| #  include <memory.h>
| # endif
| # include <string.h>
| #endif
| #ifdef HAVE_STRINGS_H
| # include <strings.h>
| #endif
| #ifdef HAVE_INTTYPES_H
| # include <inttypes.h>
| #endif
| #ifdef HAVE_STDINT_H
| # include <stdint.h>
| #endif
| #ifdef HAVE_UNISTD_H
| # include <unistd.h>
| #endif
| int
| main ()
| {
| static int test_array [1 - 2 * !(((long int) (sizeof (long double))) <= 3)];
| test_array [0] = 0;
| return test_array [0];
| 
|   ;
|   return 0;
| }
configure:14108: mipsel-linux-gcc -c -O3 -fomit-frame-pointer -fstrict-aliasing -ffast-math  -Wall -fexceptions  conftest.c >&5
conftest.c: In function `main':
conftest.c:70: error: size of array `test_array' is negative
configure:14108: $? = 1
configure: failed program was:
| /* confdefs.h */
| #define PACKAGE_NAME "libffi"
| #define PACKAGE_TARNAME "libffi"
| #define PACKAGE_VERSION "3.0.12"
| #define PACKAGE_STRING "libffi 3.0.12"
| #define PACKAGE_BUGREPORT "http://github.com/atgreen/libffi/issues"
| #define PACKAGE_URL ""
| #define PACKAGE "libffi"
| #define VERSION "3.0.12"
| #define STDC_HEADERS 1
| #define HAVE_SYS_TYPES_H 1
| #define HAVE_SYS_STAT_H 1
| #define HAVE_STDLIB_H 1
| #define HAVE_STRING_H 1
| #define HAVE_MEMORY_H 1
| #define HAVE_STRINGS_H 1
| #define HAVE_INTTYPES_H 1
| #define HAVE_STDINT_H 1
| #define HAVE_UNISTD_H 1
| #define HAVE_DLFCN_H 1
| #define LT_OBJDIR ".libs/"
| #define SIZEOF_SIZE_T 4
| #define HAVE_SYS_MMAN_H 1
| #define HAVE_MMAP 1
| #define HAVE_MMAP_FILE 1
| #define HAVE_MMAP_DEV_ZERO 1
| #define HAVE_MMAP_ANON 1
| #define STDC_HEADERS 1
| #define HAVE_MEMCPY 1
| #define HAVE_ALLOCA_H 1
| #define HAVE_ALLOCA 1
| #define SIZEOF_DOUBLE 8
| /* end confdefs.h.  */
| #include <stdio.h>
| #ifdef HAVE_SYS_TYPES_H
| # include <sys/types.h>
| #endif
| #ifdef HAVE_SYS_STAT_H
| # include <sys/stat.h>
| #endif
| #ifdef STDC_HEADERS
| # include <stdlib.h>
| # include <stddef.h>
| #else
| # ifdef HAVE_STDLIB_H
| #  include <stdlib.h>
| # endif
| #endif
| #ifdef HAVE_STRING_H
| # if !defined STDC_HEADERS && defined HAVE_MEMORY_H
| #  include <memory.h>
| # endif
| # include <string.h>
| #endif
| #ifdef HAVE_STRINGS_H
| # include <strings.h>
| #endif
| #ifdef HAVE_INTTYPES_H
| # include <inttypes.h>
| #endif
| #ifdef HAVE_STDINT_H
| # include <stdint.h>
| #endif
| #ifdef HAVE_UNISTD_H
| # include <unistd.h>
| #endif
| int
| main ()
| {
| static int test_array [1 - 2 * !(((long int) (sizeof (long double))) <= 7)];
| test_array [0] = 0;
| return test_array [0];
| 
|   ;
|   return 0;
| }
configure:14108: mipsel-linux-gcc -c -O3 -fomit-frame-pointer -fstrict-aliasing -ffast-math  -Wall -fexceptions  conftest.c >&5
configure:14108: $? = 0
configure:14108: mipsel-linux-gcc -c -O3 -fomit-frame-pointer -fstrict-aliasing -ffast-math  -Wall -fexceptions  conftest.c >&5
configure:14108: $? = 0
configure:14108: mipsel-linux-gcc -c -O3 -fomit-frame-pointer -fstrict-aliasing -ffast-math  -Wall -fexceptions  conftest.c >&5
configure:14108: $? = 0
configure:14108: mipsel-linux-gcc -c -O3 -fomit-frame-pointer -fstrict-aliasing -ffast-math  -Wall -fexceptions  conftest.c >&5
configure:14108: $? = 0
configure:14122: result: 8
configure:14147: checking whether byte ordering is bigendian
configure:14162: mipsel-linux-gcc -c -O3 -fomit-frame-pointer -fstrict-aliasing -ffast-math  -Wall -fexceptions  conftest.c >&5
conftest.c:36: error: parse error before "a"
conftest.c:38: error: syntax error before "typedef"
configure:14162: $? = 1
configure: failed program was:
| /* confdefs.h */
| #define PACKAGE_NAME "libffi"
| #define PACKAGE_TARNAME "libffi"
| #define PACKAGE_VERSION "3.0.12"
| #define PACKAGE_STRING "libffi 3.0.12"
| #define PACKAGE_BUGREPORT "http://github.com/atgreen/libffi/issues"
| #define PACKAGE_URL ""
| #define PACKAGE "libffi"
| #define VERSION "3.0.12"
| #define STDC_HEADERS 1
| #define HAVE_SYS_TYPES_H 1
| #define HAVE_SYS_STAT_H 1
| #define HAVE_STDLIB_H 1
| #define HAVE_STRING_H 1
| #define HAVE_MEMORY_H 1
| #define HAVE_STRINGS_H 1
| #define HAVE_INTTYPES_H 1
| #define HAVE_STDINT_H 1
| #define HAVE_UNISTD_H 1
| #define HAVE_DLFCN_H 1
| #define LT_OBJDIR ".libs/"
| #define SIZEOF_SIZE_T 4
| #define HAVE_SYS_MMAN_H 1
| #define HAVE_MMAP 1
| #define HAVE_MMAP_FILE 1
| #define HAVE_MMAP_DEV_ZERO 1
| #define HAVE_MMAP_ANON 1
| #define STDC_HEADERS 1
| #define HAVE_MEMCPY 1
| #define HAVE_ALLOCA_H 1
| #define HAVE_ALLOCA 1
| #define SIZEOF_DOUBLE 8
| #define SIZEOF_LONG_DOUBLE 8
| /* end confdefs.h.  */
| #ifndef __APPLE_CC__
| 	       not a universal capable compiler
| 	     #endif
| 	     typedef int dummy;
| 
configure:14207: mipsel-linux-gcc -c -O3 -fomit-frame-pointer -fstrict-aliasing -ffast-math  -Wall -fexceptions  conftest.c >&5
configure:14207: $? = 0
configure:14225: mipsel-linux-gcc -c -O3 -fomit-frame-pointer -fstrict-aliasing -ffast-math  -Wall -fexceptions  conftest.c >&5
conftest.c: In function `main':
conftest.c:42: error: `not' undeclared (first use in this function)
conftest.c:42: error: (Each undeclared identifier is reported only once
conftest.c:42: error: for each function it appears in.)
conftest.c:42: error: parse error before "big"
configure:14225: $? = 1
configure: failed program was:
| /* confdefs.h */
| #define PACKAGE_NAME "libffi"
| #define PACKAGE_TARNAME "libffi"
| #define PACKAGE_VERSION "3.0.12"
| #define PACKAGE_STRING "libffi 3.0.12"
| #define PACKAGE_BUGREPORT "http://github.com/atgreen/libffi/issues"
| #define PACKAGE_URL ""
| #define PACKAGE "libffi"
| #define VERSION "3.0.12"
| #define STDC_HEADERS 1
| #define HAVE_SYS_TYPES_H 1
| #define HAVE_SYS_STAT_H 1
| #define HAVE_STDLIB_H 1
| #define HAVE_STRING_H 1
| #define HAVE_MEMORY_H 1
| #define HAVE_STRINGS_H 1
| #define HAVE_INTTYPES_H 1
| #define HAVE_STDINT_H 1
| #define HAVE_UNISTD_H 1
| #define HAVE_DLFCN_H 1
| #define LT_OBJDIR ".libs/"
| #define SIZEOF_SIZE_T 4
| #define HAVE_SYS_MMAN_H 1
| #define HAVE_MMAP 1
| #define HAVE_MMAP_FILE 1
| #define HAVE_MMAP_DEV_ZERO 1
| #define HAVE_MMAP_ANON 1
| #define STDC_HEADERS 1
| #define HAVE_MEMCPY 1
| #define HAVE_ALLOCA_H 1
| #define HAVE_ALLOCA 1
| #define SIZEOF_DOUBLE 8
| #define SIZEOF_LONG_DOUBLE 8
| /* end confdefs.h.  */
| #include <sys/types.h>
| 		#include <sys/param.h>
| 
| int
| main ()
| {
| #if BYTE_ORDER != BIG_ENDIAN
| 		 not big endian
| 		#endif
| 
|   ;
|   return 0;
| }
configure:14353: result: no
configure:14372: checking assembler .cfi pseudo-op support
configure:14390: mipsel-linux-gcc -c -O3 -fomit-frame-pointer -fstrict-aliasing -ffast-math  -Wall -fexceptions  conftest.c >&5
configure:14390: $? = 0
configure:14398: result: yes
configure:14690: checking whether .eh_frame section should be read-only
configure:14710: result: no
configure:14725: checking for __attribute__((visibility("hidden")))
configure:14734: mipsel-linux-gcc -Werror -S conftest.c -o conftest.s 1>&5
configure:14737: $? = 0
configure:14746: result: yes
configure:14960: checking that generated files are newer than configure
configure:14966: result: done
configure:15142: creating ./config.status

## ---------------------- ##
## Running config.status. ##
## ---------------------- ##

This file was extended by libffi config.status 3.0.12, which was
generated by GNU Autoconf 2.69.  Invocation command line was

  CONFIG_FILES    = 
  CONFIG_HEADERS  = 
  CONFIG_LINKS    = 
  CONFIG_COMMANDS = 
  $ ./config.status 

on localhost.localdomain

config.status:1208: creating include/Makefile
config.status:1208: creating include/ffi.h
config.status:1208: creating Makefile
config.status:1208: creating testsuite/Makefile
config.status:1208: creating man/Makefile
config.status:1208: creating libffi.pc
config.status:1208: creating fficonfig.h
config.status:1374: fficonfig.h is unchanged
config.status:1434: linking ../src/mips/ffitarget.h to include/ffitarget.h
config.status:1453: executing buildir commands
config.status:1593: reusing top_srcdir/Makefile from earlier configure
config.status:1598: build in mipsel-unknown-linux-gnu (HOST=)
config.status:1453: executing depfiles commands
config.status:1453: executing libtool commands
config.status:1453: executing include commands
config.status:1453: executing src commands

## ---------------- ##
## Cache variables. ##
## ---------------- ##

ac_cv_build=i686-pc-linux-gnu
ac_cv_c_bigendian=no
ac_cv_c_compiler_gnu=yes
ac_cv_cflags_warn_all=-Wall
ac_cv_decl_map_anon=yes
ac_cv_env_CCASFLAGS_set=
ac_cv_env_CCASFLAGS_value=
ac_cv_env_CCAS_set=
ac_cv_env_CCAS_value=
ac_cv_env_CPPFLAGS_set=
ac_cv_env_CPPFLAGS_value=
ac_cv_env_CPP_set=
ac_cv_env_CPP_value=
ac_cv_env_build_alias_set=
ac_cv_env_build_alias_value=
ac_cv_env_host_alias_set=set
ac_cv_env_host_alias_value=mipsel-linux
ac_cv_env_target_alias_set=
ac_cv_env_target_alias_value=
ac_cv_func_alloca_works=yes
ac_cv_func_memcpy=yes
ac_cv_func_mmap=yes
ac_cv_func_mmap_anon=yes
ac_cv_func_mmap_dev_zero=yes
ac_cv_func_mmap_file=yes
ac_cv_header_dlfcn_h=yes
ac_cv_header_inttypes_h=yes
ac_cv_header_memory_h=yes
ac_cv_header_stdc=yes
ac_cv_header_stdint_h=yes
ac_cv_header_stdlib_h=yes
ac_cv_header_string_h=yes
ac_cv_header_strings_h=yes
ac_cv_header_sys_mman_h=yes
ac_cv_header_sys_stat_h=yes
ac_cv_header_sys_types_h=yes
ac_cv_header_unistd_h=yes
ac_cv_host=mipsel-unknown-linux-gnu
ac_cv_objext=o
ac_cv_path_EGREP='/bin/grep -E'
ac_cv_path_FGREP='/bin/grep -F'
ac_cv_path_GREP=/bin/grep
ac_cv_path_SED=/bin/sed
ac_cv_path_ax_enable_builddir_sed=sed
ac_cv_path_install='/usr/bin/install -c'
ac_cv_path_mkdir=/bin/mkdir
ac_cv_prog_AR=mipsel-linux-ar
ac_cv_prog_AWK=gawk
ac_cv_prog_CC=mipsel-linux-gcc
ac_cv_prog_CPP='mipsel-linux-gcc -E'
ac_cv_prog_OBJDUMP=mipsel-linux-objdump
ac_cv_prog_RANLIB=mipsel-linux-ranlib
ac_cv_prog_STRIP=mipsel-linux-strip
ac_cv_prog_cc_c89=
ac_cv_prog_cc_g=yes
ac_cv_prog_cc_mipsel_linux_gcc_c_o=yes
ac_cv_prog_make_make_set=yes
ac_cv_sizeof_double=8
ac_cv_sizeof_long_double=8
ac_cv_sizeof_size_t=4
ac_cv_target=mipsel-unknown-linux-gnu
ac_cv_type_size_t=yes
ac_cv_working_alloca_h=yes
am_cv_CCAS_dependencies_compiler_type=gcc3
am_cv_CC_dependencies_compiler_type=gcc3
ax_cv_c_compiler_vendor=gnu
ax_cv_check_cflags___O3__fomit_frame_pointer__fstrict_aliasing__ffast_math=yes
ax_cv_check_cflags___ffast_math=yes
ax_cv_check_cflags___fstrict_aliasing=yes
ax_cv_gcc_archflag=unknown
gcc_cv_as_cfi_pseudo_op=yes
libffi_cv_hidden_visibility_attribute=yes
libffi_cv_ro_eh_frame=no
lt_cv_ar_at_file=@
lt_cv_archive_cmds_need_lc=no
lt_cv_deplibs_check_method=pass_all
lt_cv_file_magic_cmd='$MAGIC_CMD'
lt_cv_file_magic_test_file=
lt_cv_ld_reload_flag=-r
lt_cv_nm_interface='BSD nm'
lt_cv_objdir=.libs
lt_cv_path_LD=mipsel-linux-ld
lt_cv_path_NM='/opt/buildroot-gcc342/bin/mipsel-linux-nm -B'
lt_cv_path_mainfest_tool=no
lt_cv_prog_compiler_c_o=yes
lt_cv_prog_compiler_pic='-fPIC -DPIC'
lt_cv_prog_compiler_pic_works=yes
lt_cv_prog_compiler_rtti_exceptions=no
lt_cv_prog_compiler_static_works=yes
lt_cv_prog_gnu_ld=yes
lt_cv_sharedlib_from_linklib_cmd='printf %s\n'
lt_cv_shlibpath_overrides_runpath=no
lt_cv_sys_global_symbol_pipe='sed -n -e '\''s/^.*[	 ]\([ABCDGIRSTW][ABCDGIRSTW]*\)[	 ][	 ]*\([_A-Za-z][_A-Za-z0-9]*\)$/\1 \2 \2/p'\'' | sed '\''/ __gnu_lto/d'\'''
lt_cv_sys_global_symbol_to_c_name_address='sed -n -e '\''s/^: \([^ ]*\)[ ]*$/  {\"\1\", (void *) 0},/p'\'' -e '\''s/^[ABCDGIRSTW]* \([^ ]*\) \([^ ]*\)$/  {"\2", (void *) \&\2},/p'\'''
lt_cv_sys_global_symbol_to_c_name_address_lib_prefix='sed -n -e '\''s/^: \([^ ]*\)[ ]*$/  {\"\1\", (void *) 0},/p'\'' -e '\''s/^[ABCDGIRSTW]* \([^ ]*\) \(lib[^ ]*\)$/  {"\2", (void *) \&\2},/p'\'' -e '\''s/^[ABCDGIRSTW]* \([^ ]*\) \([^ ]*\)$/  {"lib\2", (void *) \&\2},/p'\'''
lt_cv_sys_global_symbol_to_cdecl='sed -n -e '\''s/^T .* \(.*\)$/extern int \1();/p'\'' -e '\''s/^[ABCDGIRSTW]* .* \(.*\)$/extern char \1;/p'\'''
lt_cv_sys_max_cmd_len=1572864
lt_cv_to_host_file_cmd=func_convert_file_noop
lt_cv_to_tool_file_cmd=func_convert_file_noop

## ----------------- ##
## Output variables. ##
## ----------------- ##

AARCH64_FALSE=''
AARCH64_TRUE='#'
ACLOCAL='${SHELL} $(LIBFFIROOT)/missing --run aclocal-1.12'
ALLOCA=''
ALPHA_FALSE=''
ALPHA_TRUE='#'
AMDEPBACKSLASH='\'
AMDEP_FALSE='#'
AMDEP_TRUE=''
AMTAR='$${TAR-tar}'
AM_LTLDFLAGS=''
AM_RUNTESTFLAGS=''
AR='mipsel-linux-ar'
ARM_FALSE=''
ARM_TRUE='#'
AUTOCONF='${SHELL} $(LIBFFIROOT)/missing --run autoconf'
AUTOHEADER='${SHELL} $(LIBFFIROOT)/missing --run autoheader'
AUTOMAKE='${SHELL} $(LIBFFIROOT)/missing --run automake-1.12'
AVR32_FALSE=''
AVR32_TRUE='#'
AWK='gawk'
BFIN_FALSE=''
BFIN_TRUE='#'
CC='mipsel-linux-gcc'
CCAS='mipsel-linux-gcc'
CCASDEPMODE='depmode=gcc3'
CCASFLAGS=''
CCDEPMODE='depmode=gcc3'
CFLAGS='-O3 -fomit-frame-pointer -fstrict-aliasing -ffast-math  -Wall -fexceptions'
CPP='mipsel-linux-gcc -E'
CPPFLAGS=''
CYGPATH_W='echo'
DEFS='-DHAVE_CONFIG_H'
DEPDIR='.deps'
DLLTOOL='false'
DSYMUTIL=''
DUMPBIN=''
ECHO_C=''
ECHO_N='-n'
ECHO_T=''
EGREP='/bin/grep -E'
EXEEXT=''
FFI_DEBUG_FALSE=''
FFI_DEBUG_TRUE='#'
FFI_EXEC_TRAMPOLINE_TABLE='0'
FFI_EXEC_TRAMPOLINE_TABLE_FALSE=''
FFI_EXEC_TRAMPOLINE_TABLE_TRUE='#'
FGREP='/bin/grep -F'
FRV_FALSE=''
FRV_TRUE='#'
GREP='/bin/grep'
HAVE_LONG_DOUBLE='defined(__mips64)'
IA64_FALSE=''
IA64_TRUE='#'
INSTALL_DATA='${INSTALL} -m 644'
INSTALL_PROGRAM='${INSTALL}'
INSTALL_SCRIPT='${INSTALL}'
INSTALL_STRIP_PROGRAM='$(install_sh) -c -s'
LD='mipsel-linux-ld'
LDFLAGS=''
LIBFFI_CRIS_FALSE=''
LIBFFI_CRIS_TRUE='#'
LIBOBJS=''
LIBS=''
LIBTOOL='$(SHELL) $(top_builddir)/libtool'
LIPO=''
LN_S='ln -s'
LTLIBOBJS=''
M32R_FALSE=''
M32R_TRUE='#'
M68K_FALSE=''
M68K_TRUE='#'
MAINT='#'
MAINTAINER_MODE_FALSE=''
MAINTAINER_MODE_TRUE='#'
MAKEINFO='${SHELL} $(LIBFFIROOT)/missing --run makeinfo'
MANIFEST_TOOL=':'
MICROBLAZE_FALSE=''
MICROBLAZE_TRUE='#'
MIPS_FALSE='#'
MIPS_TRUE=''
MKDIR_P='/bin/mkdir -p'
MOXIE_FALSE=''
MOXIE_TRUE='#'
NM='/opt/buildroot-gcc342/bin/mipsel-linux-nm -B'
NMEDIT=''
OBJDUMP='mipsel-linux-objdump'
OBJEXT='o'
OTOOL64=''
OTOOL=''
PA64_HPUX_FALSE=''
PA64_HPUX_TRUE='#'
PACKAGE='libffi'
PACKAGE_BUGREPORT='http://github.com/atgreen/libffi/issues'
PACKAGE_NAME='libffi'
PACKAGE_STRING='libffi 3.0.12'
PACKAGE_TARNAME='libffi'
PACKAGE_URL=''
PACKAGE_VERSION='3.0.12'
PATH_SEPARATOR=':'
PA_HPUX_FALSE=''
PA_HPUX_TRUE='#'
PA_LINUX_FALSE=''
PA_LINUX_TRUE='#'
POWERPC_AIX_FALSE=''
POWERPC_AIX_TRUE='#'
POWERPC_DARWIN_FALSE=''
POWERPC_DARWIN_TRUE='#'
POWERPC_FALSE=''
POWERPC_FREEBSD_FALSE=''
POWERPC_FREEBSD_TRUE='#'
POWERPC_TRUE='#'
PRTDIAG=''
RANLIB='mipsel-linux-ranlib'
S390_FALSE=''
S390_TRUE='#'
SED='/bin/sed'
SET_MAKE=''
SH64_FALSE=''
SH64_TRUE='#'
SHELL='/bin/sh'
SH_FALSE=''
SH_TRUE='#'
SPARC_FALSE=''
SPARC_TRUE='#'
STRIP='mipsel-linux-strip'
TARGET='MIPS'
TARGETDIR='mips'
TESTSUBDIR_FALSE='#'
TESTSUBDIR_TRUE=''
TILE_FALSE=''
TILE_TRUE='#'
VERSION='3.0.12'
X86_64_FALSE=''
X86_64_TRUE='#'
X86_DARWIN_FALSE=''
X86_DARWIN_TRUE='#'
X86_FALSE=''
X86_FREEBSD_FALSE=''
X86_FREEBSD_TRUE='#'
X86_TRUE='#'
X86_WIN32_FALSE=''
X86_WIN32_TRUE='#'
X86_WIN64_FALSE=''
X86_WIN64_TRUE='#'
XTENSA_FALSE=''
XTENSA_TRUE='#'
ac_ct_AR=''
ac_ct_CC=''
ac_ct_DUMPBIN=''
am__EXEEXT_FALSE=''
am__EXEEXT_TRUE='#'
am__fastdepCCAS_FALSE='#'
am__fastdepCCAS_TRUE=''
am__fastdepCC_FALSE='#'
am__fastdepCC_TRUE=''
am__include='include'
am__isrc=' -I$(srcdir)'
am__leading_dot='.'
am__nodep='_no'
am__quote=''
am__tar='$${TAR-tar} chof - "$$tardir"'
am__untar='$${TAR-tar} xf -'
ax_enable_builddir_sed='sed'
bindir='${exec_prefix}/bin'
build='i686-pc-linux-gnu'
build_alias=''
build_cpu='i686'
build_os='linux-gnu'
build_vendor='pc'
datadir='${datarootdir}'
datarootdir='${prefix}/share'
docdir='${datarootdir}/doc/${PACKAGE_TARNAME}'
dvidir='${docdir}'
exec_prefix='${prefix}'
host='mipsel-unknown-linux-gnu'
host_alias='mipsel-linux'
host_cpu='mipsel'
host_os='linux-gnu'
host_vendor='unknown'
htmldir='${docdir}'
includedir='${prefix}/include'
infodir='${datarootdir}/info'
install_sh='${SHELL} $(LIBFFIROOT)/install-sh'
libdir='${exec_prefix}/lib'
libexecdir='${exec_prefix}/libexec'
localedir='${datarootdir}/locale'
localstatedir='${prefix}/var'
mandir='${datarootdir}/man'
mkdir_p='$(MKDIR_P)'
oldincludedir='/usr/include'
pdfdir='${docdir}'
prefix='/usr/local'
program_transform_name='s,x,x,'
psdir='${docdir}'
sbindir='${exec_prefix}/sbin'
sharedstatedir='${prefix}/com'
sys_symbol_underscore=''
sysconfdir='${prefix}/etc'
target='mipsel-unknown-linux-gnu'
target_alias='mipsel-linux'
target_cpu='mipsel'
target_os='linux-gnu'
target_vendor='unknown'
toolexecdir='$(libdir)/gcc-lib/$(target_alias)'
toolexeclibdir='$(libdir)'

## ----------- ##
## confdefs.h. ##
## ----------- ##

/* confdefs.h */
#define PACKAGE_NAME "libffi"
#define PACKAGE_TARNAME "libffi"
#define PACKAGE_VERSION "3.0.12"
#define PACKAGE_STRING "libffi 3.0.12"
#define PACKAGE_BUGREPORT "http://github.com/atgreen/libffi/issues"
#define PACKAGE_URL ""
#define PACKAGE "libffi"
#define VERSION "3.0.12"
#define STDC_HEADERS 1
#define HAVE_SYS_TYPES_H 1
#define HAVE_SYS_STAT_H 1
#define HAVE_STDLIB_H 1
#define HAVE_STRING_H 1
#define HAVE_MEMORY_H 1
#define HAVE_STRINGS_H 1
#define HAVE_INTTYPES_H 1
#define HAVE_STDINT_H 1
#define HAVE_UNISTD_H 1
#define HAVE_DLFCN_H 1
#define LT_OBJDIR ".libs/"
#define SIZEOF_SIZE_T 4
#define HAVE_SYS_MMAN_H 1
#define HAVE_MMAP 1
#define HAVE_MMAP_FILE 1
#define HAVE_MMAP_DEV_ZERO 1
#define HAVE_MMAP_ANON 1
#define STDC_HEADERS 1
#define HAVE_MEMCPY 1
#define HAVE_ALLOCA_H 1
#define HAVE_ALLOCA 1
#define SIZEOF_DOUBLE 8
#define SIZEOF_LONG_DOUBLE 8
#define HAVE_AS_CFI_PSEUDO_OP 1
#define EH_FRAME_FLAGS "aw"
#define HAVE_HIDDEN_VISIBILITY_ATTRIBUTE 1

configure: exit 0

## ---------------- ##
## Cache variables. ##
## ---------------- ##

ac_cv_build=i686-pc-linux-gnu
ac_cv_env_CCASFLAGS_set=
ac_cv_env_CCASFLAGS_value=
ac_cv_env_CCAS_set=
ac_cv_env_CCAS_value=
ac_cv_env_CPPFLAGS_set=
ac_cv_env_CPPFLAGS_value=
ac_cv_env_CPP_set=
ac_cv_env_CPP_value=
ac_cv_env_build_alias_set=
ac_cv_env_build_alias_value=
ac_cv_env_host_alias_set=set
ac_cv_env_host_alias_value=mipsel-linux
ac_cv_env_target_alias_set=
ac_cv_env_target_alias_value=
ac_cv_host=mipsel-unknown-linux-gnu
ac_cv_target=mipsel-unknown-linux-gnu

## ----------------- ##
## Output variables. ##
## ----------------- ##

AARCH64_FALSE=''
AARCH64_TRUE=''
ACLOCAL=''
ALLOCA=''
ALPHA_FALSE=''
ALPHA_TRUE=''
AMDEPBACKSLASH=''
AMDEP_FALSE=''
AMDEP_TRUE=''
AMTAR=''
AM_LTLDFLAGS=''
AM_RUNTESTFLAGS=''
AR='mipsel-linux-ar'
ARM_FALSE=''
ARM_TRUE=''
AUTOCONF=''
AUTOHEADER=''
AUTOMAKE=''
AVR32_FALSE=''
AVR32_TRUE=''
AWK=''
BFIN_FALSE=''
BFIN_TRUE=''
CC='mipsel-linux-gcc'
CCAS=''
CCASDEPMODE=''
CCASFLAGS=''
CCDEPMODE=''
CFLAGS=''
CPP=''
CPPFLAGS=''
CYGPATH_W=''
DEFS=''
DEPDIR=''
DLLTOOL=''
DSYMUTIL=''
DUMPBIN=''
ECHO_C=''
ECHO_N='-n'
ECHO_T=''
EGREP=''
EXEEXT=''
FFI_DEBUG_FALSE=''
FFI_DEBUG_TRUE=''
FFI_EXEC_TRAMPOLINE_TABLE=''
FFI_EXEC_TRAMPOLINE_TABLE_FALSE=''
FFI_EXEC_TRAMPOLINE_TABLE_TRUE=''
FGREP=''
FRV_FALSE=''
FRV_TRUE=''
GREP=''
HAVE_LONG_DOUBLE=''
IA64_FALSE=''
IA64_TRUE=''
INSTALL_DATA=''
INSTALL_PROGRAM=''
INSTALL_SCRIPT=''
INSTALL_STRIP_PROGRAM=''
LD='mipsel-linux-ld'
LDFLAGS=''
LIBFFI_CRIS_FALSE=''
LIBFFI_CRIS_TRUE=''
LIBOBJS=''
LIBS=''
LIBTOOL=''
LIPO=''
LN_S=''
LTLIBOBJS=''
M32R_FALSE=''
M32R_TRUE=''
M68K_FALSE=''
M68K_TRUE=''
MAINT=''
MAINTAINER_MODE_FALSE=''
MAINTAINER_MODE_TRUE=''
MAKEINFO=''
MANIFEST_TOOL=''
MICROBLAZE_FALSE=''
MICROBLAZE_TRUE=''
MIPS_FALSE=''
MIPS_TRUE=''
MKDIR_P=''
MOXIE_FALSE=''
MOXIE_TRUE=''
NM=''
NMEDIT=''
OBJDUMP=''
OBJEXT=''
OTOOL64=''
OTOOL=''
PA64_HPUX_FALSE=''
PA64_HPUX_TRUE=''
PACKAGE=''
PACKAGE_BUGREPORT='http://github.com/atgreen/libffi/issues'
PACKAGE_NAME='libffi'
PACKAGE_STRING='libffi 3.0.12'
PACKAGE_TARNAME='libffi'
PACKAGE_URL=''
PACKAGE_VERSION='3.0.12'
PATH_SEPARATOR=':'
PA_HPUX_FALSE=''
PA_HPUX_TRUE=''
PA_LINUX_FALSE=''
PA_LINUX_TRUE=''
POWERPC_AIX_FALSE=''
POWERPC_AIX_TRUE=''
POWERPC_DARWIN_FALSE=''
POWERPC_DARWIN_TRUE=''
POWERPC_FALSE=''
POWERPC_FREEBSD_FALSE=''
POWERPC_FREEBSD_TRUE=''
POWERPC_TRUE=''
PRTDIAG=''
RANLIB=''
S390_FALSE=''
S390_TRUE=''
SED=''
SET_MAKE=''
SH64_FALSE=''
SH64_TRUE=''
SHELL='/bin/sh'
SH_FALSE=''
SH_TRUE=''
SPARC_FALSE=''
SPARC_TRUE=''
STRIP='mipsel-linux-strip'
TARGET='mipsel-unknown-linux-gnu'
TARGETDIR=''
TESTSUBDIR_FALSE=''
TESTSUBDIR_TRUE=''
TILE_FALSE=''
TILE_TRUE=''
VERSION=''
X86_64_FALSE=''
X86_64_TRUE=''
X86_DARWIN_FALSE=''
X86_DARWIN_TRUE=''
X86_FALSE=''
X86_FREEBSD_FALSE=''
X86_FREEBSD_TRUE=''
X86_TRUE=''
X86_WIN32_FALSE=''
X86_WIN32_TRUE=''
X86_WIN64_FALSE=''
X86_WIN64_TRUE=''
XTENSA_FALSE=''
XTENSA_TRUE=''
ac_ct_AR=''
ac_ct_CC=''
ac_ct_DUMPBIN=''
am__EXEEXT_FALSE=''
am__EXEEXT_TRUE=''
am__fastdepCCAS_FALSE=''
am__fastdepCCAS_TRUE=''
am__fastdepCC_FALSE=''
am__fastdepCC_TRUE=''
am__include=''
am__isrc=''
am__leading_dot=''
am__nodep=''
am__quote=''
am__tar=''
am__untar=''
ax_enable_builddir_sed=''
bindir='${exec_prefix}/bin'
build='i686-pc-linux-gnu'
build_alias=''
build_cpu='i686'
build_os='linux-gnu'
build_vendor='pc'
datadir='${datarootdir}'
datarootdir='${prefix}/share'
docdir='${datarootdir}/doc/${PACKAGE_TARNAME}'
dvidir='${docdir}'
exec_prefix='NONE'
host='mipsel-unknown-linux-gnu'
host_alias='mipsel-linux'
host_cpu='mipsel'
host_os='linux-gnu'
host_vendor='unknown'
htmldir='${docdir}'
includedir='${prefix}/include'
infodir='${datarootdir}/info'
install_sh=''
libdir='${exec_prefix}/lib'
libexecdir='${exec_prefix}/libexec'
localedir='${datarootdir}/locale'
localstatedir='${prefix}/var'
mandir='${datarootdir}/man'
mkdir_p=''
oldincludedir='/usr/include'
pdfdir='${docdir}'
prefix='NONE'
program_transform_name='s,x,x,'
psdir='${docdir}'
sbindir='${exec_prefix}/sbin'
sharedstatedir='${prefix}/com'
sys_symbol_underscore=''
sysconfdir='${prefix}/etc'
target='mipsel-unknown-linux-gnu'
target_alias='mipsel-linux'
target_cpu='mipsel'
target_os='linux-gnu'
target_vendor='unknown'
toolexecdir=''
toolexeclibdir=''

configure: exit 0

## ---------------------- ##
## Running config.status. ##
## ---------------------- ##

This file was extended by libffi config.status 3.0.12, which was
generated by GNU Autoconf 2.69.  Invocation command line was

  CONFIG_FILES    = 
  CONFIG_HEADERS  = 
  CONFIG_LINKS    = 
  CONFIG_COMMANDS = 
  $ ./config.status testsuite/Makefile

on localhost.localdomain

config.status:1208: creating testsuite/Makefile
