
## ---------------------- ##
## Running config.status. ##
## ---------------------- ##

This file was extended by glib config.status 2.35.1, which was
generated by GNU Autoconf 2.68.  Invocation command line was

  CONFIG_FILES    = 
  CONFIG_HEADERS  = 
  CONFIG_LINKS    = 
  CONFIG_COMMANDS = 
  $ ./config.status gmodule/gmoduleconf.h

on localhost.localdomain

config.status:1903: creating gmodule/gmoduleconf.h

## ---------------------- ##
## Running config.status. ##
## ---------------------- ##

This file was extended by glib config.status 2.35.1, which was
generated by GNU Autoconf 2.68.  Invocation command line was

  CONFIG_FILES    = 
  CONFIG_HEADERS  = 
  CONFIG_LINKS    = 
  CONFIG_COMMANDS = 
  $ ./config.status gobject/glib-mkenums

on localhost.localdomain

config.status:1903: creating gobject/glib-mkenums

## ---------------------- ##
## Running config.status. ##
## ---------------------- ##

This file was extended by glib config.status 2.35.1, which was
generated by GNU Autoconf 2.68.  Invocation command line was

  CONFIG_FILES    = 
  CONFIG_HEADERS  = 
  CONFIG_LINKS    = 
  CONFIG_COMMANDS = 
  $ ./config.status gio/gdbus-2.0/codegen/config.py

on localhost.localdomain

config.status:1903: creating gio/gdbus-2.0/codegen/config.py
