This file contains any messages produced by compilers while
running configure, to aid debugging if configure makes a mistake.

It was created by GStreamer Libav configure 0.10.13, which was
generated by GNU Autoconf 2.68.  Invocation command line was

  $ ./configure --disable-yasm --enable-lgpl

## --------- ##
## Platform. ##
## --------- ##

hostname = localhost.localdomain
uname -m = i686
uname -r = 3.7.10
uname -s = Linux
uname -v = #2 SMP Tue May 21 22:04:26 CST 2013

/usr/bin/uname -p = i686
/bin/uname -X     = unknown

/bin/arch              = i686
/usr/bin/arch -k       = unknown
/usr/convex/getsysinfo = unknown
/usr/bin/hostinfo      = unknown
/bin/machine           = unknown
/usr/bin/oslevel       = unknown
/bin/universe          = unknown

PATH: /usr/lib/qt-3.3/bin
PATH: /usr/lib/ccache
PATH: /usr/local/bin
PATH: /usr/bin
PATH: /bin
PATH: /usr/local/sbin
PATH: /usr/sbin
PATH: /mybin
PATH: /home/vic/.local/bin
PATH: /home/vic/bin
PATH: /opt/brcm/hndtools-mipsel-linux/bin
PATH: /opt/brcm/hndtools-mipsel-uclibc/bin


## ----------- ##
## Core tests. ##
## ----------- ##

configure:2510: checking for a BSD-compatible install
configure:2578: result: /usr/bin/install -c
configure:2589: checking whether build environment is sane
configure:2639: result: yes
configure:2780: checking for a thread-safe mkdir -p
configure:2819: result: /usr/bin/mkdir -p
configure:2832: checking for gawk
configure:2848: found /usr/bin/gawk
configure:2859: result: gawk
configure:2870: checking whether make sets $(MAKE)
configure:2892: result: yes
configure:2984: checking nano version
configure:2990: result: 0 (release)
configure:3016: checking whether to enable maintainer-specific portions of Makefiles
configure:3025: result: no
configure:3043: checking build system type
configure:3057: result: i686-pc-linux-gnu
configure:3077: checking host system type
configure:3090: result: i686-pc-linux-gnu
configure:3485: checking how to print strings
configure:3512: result: printf
configure:3545: checking for style of include used by make
configure:3573: result: GNU
configure:3643: checking for gcc
configure:3659: found /usr/lib/ccache/gcc
configure:3670: result: gcc
configure:3899: checking for C compiler version
configure:3908: gcc --version >&5
gcc (GCC) 4.7.2 20121109 (Red Hat 4.7.2-8)
Copyright (C) 2012 Free Software Foundation, Inc.
This is free software; see the source for copying conditions.  There is NO
warranty; not even for MERCHANTABILITY or FITNESS FOR A PARTICULAR PURPOSE.

configure:3919: $? = 0
configure:3908: gcc -v >&5
Using built-in specs.
COLLECT_GCC=/usr/bin/gcc
COLLECT_LTO_WRAPPER=/usr/libexec/gcc/i686-redhat-linux/4.7.2/lto-wrapper
Target: i686-redhat-linux
Configured with: ../configure --prefix=/usr --mandir=/usr/share/man --infodir=/usr/share/info --with-bugurl=http://bugzilla.redhat.com/bugzilla --enable-bootstrap --enable-shared --enable-threads=posix --enable-checking=release --disable-build-with-cxx --disable-build-poststage1-with-cxx --with-system-zlib --enable-__cxa_atexit --disable-libunwind-exceptions --enable-gnu-unique-object --enable-linker-build-id --with-linker-hash-style=gnu --enable-languages=c,c++,objc,obj-c++,java,fortran,ada,go,lto --enable-plugin --enable-initfini-array --enable-java-awt=gtk --disable-dssi --with-java-home=/usr/lib/jvm/java-1.5.0-gcj-1.5.0.0/jre --enable-libgcj-multifile --enable-java-maintainer-mode --with-ecj-jar=/usr/share/java/eclipse-ecj.jar --disable-libjava-multilib --with-ppl --with-cloog --with-tune=generic --with-arch=i686 --build=i686-redhat-linux
Thread model: posix
gcc version 4.7.2 20121109 (Red Hat 4.7.2-8) (GCC) 
configure:3919: $? = 0
configure:3908: gcc -V >&5
gcc: error: unrecognized command line option '-V'
gcc: fatal error: no input files
compilation terminated.
configure:3919: $? = 4
configure:3908: gcc -qversion >&5
gcc: error: unrecognized command line option '-qversion'
gcc: fatal error: no input files
compilation terminated.
configure:3919: $? = 4
configure:3939: checking whether the C compiler works
configure:3961: gcc    conftest.c  >&5
configure:3965: $? = 0
configure:4013: result: yes
configure:4016: checking for C compiler default output file name
configure:4018: result: a.out
configure:4024: checking for suffix of executables
configure:4031: gcc -o conftest    conftest.c  >&5
configure:4035: $? = 0
configure:4057: result: 
configure:4079: checking whether we are cross compiling
configure:4087: gcc -o conftest    conftest.c  >&5
configure:4091: $? = 0
configure:4098: ./conftest
configure:4102: $? = 0
configure:4117: result: no
configure:4122: checking for suffix of object files
configure:4144: gcc -c   conftest.c >&5
configure:4148: $? = 0
configure:4169: result: o
configure:4173: checking whether we are using the GNU C compiler
configure:4192: gcc -c   conftest.c >&5
configure:4192: $? = 0
configure:4201: result: yes
configure:4210: checking whether gcc accepts -g
configure:4230: gcc -c -g  conftest.c >&5
configure:4230: $? = 0
configure:4271: result: yes
configure:4288: checking for gcc option to accept ISO C89
configure:4352: gcc  -c -g -O2  conftest.c >&5
configure:4352: $? = 0
configure:4365: result: none needed
configure:4387: checking dependency style of gcc
configure:4497: result: gcc3
configure:4512: checking for a sed that does not truncate output
configure:4576: result: /usr/bin/sed
configure:4594: checking for grep that handles long lines and -e
configure:4652: result: /usr/bin/grep
configure:4657: checking for egrep
configure:4719: result: /usr/bin/grep -E
configure:4724: checking for fgrep
configure:4786: result: /usr/bin/grep -F
configure:4821: checking for ld used by gcc
configure:4888: result: /usr/bin/ld
configure:4895: checking if the linker (/usr/bin/ld) is GNU ld
configure:4910: result: yes
configure:4922: checking for BSD- or MS-compatible name lister (nm)
configure:4971: result: /usr/bin/nm -B
configure:5101: checking the name lister (/usr/bin/nm -B) interface
configure:5108: gcc -c -g -O2  conftest.c >&5
configure:5111: /usr/bin/nm -B "conftest.o"
configure:5114: output
00000000 B some_variable
configure:5121: result: BSD nm
configure:5124: checking whether ln -s works
configure:5128: result: yes
configure:5136: checking the maximum length of command line arguments
configure:5261: result: 1572864
configure:5278: checking whether the shell understands some XSI constructs
configure:5288: result: yes
configure:5292: checking whether the shell understands "+="
configure:5298: result: yes
configure:5333: checking how to convert i686-pc-linux-gnu file names to i686-pc-linux-gnu format
configure:5373: result: func_convert_file_noop
configure:5380: checking how to convert i686-pc-linux-gnu file names to toolchain format
configure:5400: result: func_convert_file_noop
configure:5407: checking for /usr/bin/ld option to reload object files
configure:5414: result: -r
configure:5488: checking for objdump
configure:5515: result: objdump
configure:5544: checking how to recognize dependent libraries
configure:5746: result: pass_all
configure:5831: checking for dlltool
configure:5858: result: dlltool
configure:5888: checking how to associate runtime and link libraries
configure:5915: result: printf %s\n
configure:5976: checking for ar
configure:5992: found /usr/bin/ar
configure:6003: result: ar
configure:6040: checking for archiver @FILE support
configure:6057: gcc -c -g -O2  conftest.c >&5
configure:6057: $? = 0
configure:6060: ar cru libconftest.a @conftest.lst >&5
configure:6063: $? = 0
configure:6068: ar cru libconftest.a @conftest.lst >&5
ar: conftest.o: No such file or directory
configure:6071: $? = 1
configure:6083: result: @
configure:6141: checking for strip
configure:6157: found /usr/bin/strip
configure:6168: result: strip
configure:6240: checking for ranlib
configure:6256: found /usr/bin/ranlib
configure:6267: result: ranlib
configure:6369: checking command to parse /usr/bin/nm -B output from gcc object
configure:6488: gcc -c -g -O2  conftest.c >&5
configure:6491: $? = 0
configure:6495: /usr/bin/nm -B conftest.o \| sed -n -e 's/^.*[ ]\([ABCDGIRSTW][ABCDGIRSTW]*\)[ ][ ]*\([_A-Za-z][_A-Za-z0-9]*\)$/\1 \2 \2/p' | sed '/ __gnu_lto/d' \> conftest.nm
configure:6498: $? = 0
configure:6564: gcc -o conftest -g -O2   conftest.c conftstm.o >&5
configure:6567: $? = 0
configure:6605: result: ok
configure:6642: checking for sysroot
configure:6672: result: no
configure:6915: checking for mt
configure:6945: result: no
configure:6965: checking if : is a manifest tool
configure:6971: : '-?'
configure:6979: result: no
configure:7611: checking how to run the C preprocessor
configure:7642: gcc -E  conftest.c
configure:7642: $? = 0
configure:7656: gcc -E  conftest.c
conftest.c:11:28: fatal error: ac_nonexistent.h: No such file or directory
compilation terminated.
configure:7656: $? = 1
configure: failed program was:
| /* confdefs.h */
| #define PACKAGE_NAME "GStreamer Libav"
| #define PACKAGE_TARNAME "gst-ffmpeg"
| #define PACKAGE_VERSION "0.10.13"
| #define PACKAGE_STRING "GStreamer Libav 0.10.13"
| #define PACKAGE_BUGREPORT "http://bugzilla.gnome.org/enter_bug.cgi?product=GStreamer"
| #define PACKAGE_URL ""
| #define PACKAGE "gst-ffmpeg"
| #define VERSION "0.10.13"
| /* end confdefs.h.  */
| #include <ac_nonexistent.h>
configure:7681: result: gcc -E
configure:7701: gcc -E  conftest.c
configure:7701: $? = 0
configure:7715: gcc -E  conftest.c
conftest.c:11:28: fatal error: ac_nonexistent.h: No such file or directory
compilation terminated.
configure:7715: $? = 1
configure: failed program was:
| /* confdefs.h */
| #define PACKAGE_NAME "GStreamer Libav"
| #define PACKAGE_TARNAME "gst-ffmpeg"
| #define PACKAGE_VERSION "0.10.13"
| #define PACKAGE_STRING "GStreamer Libav 0.10.13"
| #define PACKAGE_BUGREPORT "http://bugzilla.gnome.org/enter_bug.cgi?product=GStreamer"
| #define PACKAGE_URL ""
| #define PACKAGE "gst-ffmpeg"
| #define VERSION "0.10.13"
| /* end confdefs.h.  */
| #include <ac_nonexistent.h>
configure:7744: checking for ANSI C header files
configure:7764: gcc -c -g -O2  conftest.c >&5
configure:7764: $? = 0
configure:7837: gcc -o conftest -g -O2   conftest.c  >&5
configure:7837: $? = 0
configure:7837: ./conftest
configure:7837: $? = 0
configure:7848: result: yes
configure:7861: checking for sys/types.h
configure:7861: gcc -c -g -O2  conftest.c >&5
configure:7861: $? = 0
configure:7861: result: yes
configure:7861: checking for sys/stat.h
configure:7861: gcc -c -g -O2  conftest.c >&5
configure:7861: $? = 0
configure:7861: result: yes
configure:7861: checking for stdlib.h
configure:7861: gcc -c -g -O2  conftest.c >&5
configure:7861: $? = 0
configure:7861: result: yes
configure:7861: checking for string.h
configure:7861: gcc -c -g -O2  conftest.c >&5
configure:7861: $? = 0
configure:7861: result: yes
configure:7861: checking for memory.h
configure:7861: gcc -c -g -O2  conftest.c >&5
configure:7861: $? = 0
configure:7861: result: yes
configure:7861: checking for strings.h
configure:7861: gcc -c -g -O2  conftest.c >&5
configure:7861: $? = 0
configure:7861: result: yes
configure:7861: checking for inttypes.h
configure:7861: gcc -c -g -O2  conftest.c >&5
configure:7861: $? = 0
configure:7861: result: yes
configure:7861: checking for stdint.h
configure:7861: gcc -c -g -O2  conftest.c >&5
configure:7861: $? = 0
configure:7861: result: yes
configure:7861: checking for unistd.h
configure:7861: gcc -c -g -O2  conftest.c >&5
configure:7861: $? = 0
configure:7861: result: yes
configure:7875: checking for dlfcn.h
configure:7875: gcc -c -g -O2  conftest.c >&5
configure:7875: $? = 0
configure:7875: result: yes
configure:8060: checking for objdir
configure:8075: result: .libs
configure:8346: checking if gcc supports -fno-rtti -fno-exceptions
configure:8364: gcc -c -g -O2  -fno-rtti -fno-exceptions conftest.c >&5
cc1: warning: command line option '-fno-rtti' is valid for C++/ObjC++ but not for C [enabled by default]
cc1: warning: command line option '-fno-rtti' is valid for C++/ObjC++ but not for C [enabled by default]
configure:8368: $? = 0
configure:8381: result: no
configure:8691: checking for gcc option to produce PIC
configure:8698: result: -fPIC -DPIC
configure:8706: checking if gcc PIC flag -fPIC -DPIC works
configure:8724: gcc -c -g -O2  -fPIC -DPIC -DPIC conftest.c >&5
configure:8728: $? = 0
configure:8741: result: yes
configure:8770: checking if gcc static flag -static works
configure:8798: result: no
configure:8813: checking if gcc supports -c -o file.o
configure:8834: gcc -c -g -O2  -o out/conftest2.o conftest.c >&5
configure:8838: $? = 0
configure:8860: result: yes
configure:8868: checking if gcc supports -c -o file.o
configure:8915: result: yes
configure:8948: checking whether the gcc linker (/usr/bin/ld) supports shared libraries
configure:10106: result: yes
configure:10143: checking whether -lc should be explicitly linked in
configure:10151: gcc -c -g -O2  conftest.c >&5
configure:10154: $? = 0
configure:10169: gcc -shared  -fPIC -DPIC conftest.o  -v -Wl,-soname -Wl,conftest -o conftest 2\>\&1 \| /usr/bin/grep  -lc  \>/dev/null 2\>\&1
configure:10172: $? = 0
configure:10186: result: no
configure:10351: checking dynamic linker characteristics
configure:10878: gcc -o conftest -g -O2   -Wl,-rpath -Wl,/foo conftest.c  >&5
configure:10878: $? = 0
configure:11100: result: GNU/Linux ld.so
configure:11207: checking how to hardcode library paths into programs
configure:11232: result: immediate
configure:11772: checking whether stripping libraries is possible
configure:11777: result: yes
configure:11812: checking if libtool supports shared libraries
configure:11814: result: yes
configure:11817: checking whether to build shared libraries
configure:11838: result: yes
configure:11841: checking whether to build static libraries
configure:11845: result: yes
configure:11993: Using GStreamer Libav source release as package name
configure:12017: Using Unknown package origin as package origin
configure:12075: checking for pkg-config
configure:12093: found /usr/bin/pkg-config
configure:12105: result: /usr/bin/pkg-config
configure:12130: checking pkg-config is at least version 0.9.0
configure:12133: result: yes
configure:12357: checking whether byte ordering is bigendian
configure:12372: gcc -c -g -O2  conftest.c >&5
conftest.c:28:9: error: unknown type name 'not'
conftest.c:28:15: error: expected '=', ',', ';', 'asm' or '__attribute__' before 'universal'
conftest.c:28:15: error: unknown type name 'universal'
configure:12372: $? = 1
configure: failed program was:
| /* confdefs.h */
| #define PACKAGE_NAME "GStreamer Libav"
| #define PACKAGE_TARNAME "gst-ffmpeg"
| #define PACKAGE_VERSION "0.10.13"
| #define PACKAGE_STRING "GStreamer Libav 0.10.13"
| #define PACKAGE_BUGREPORT "http://bugzilla.gnome.org/enter_bug.cgi?product=GStreamer"
| #define PACKAGE_URL ""
| #define PACKAGE "gst-ffmpeg"
| #define VERSION "0.10.13"
| #define STDC_HEADERS 1
| #define HAVE_SYS_TYPES_H 1
| #define HAVE_SYS_STAT_H 1
| #define HAVE_STDLIB_H 1
| #define HAVE_STRING_H 1
| #define HAVE_MEMORY_H 1
| #define HAVE_STRINGS_H 1
| #define HAVE_INTTYPES_H 1
| #define HAVE_STDINT_H 1
| #define HAVE_UNISTD_H 1
| #define HAVE_DLFCN_H 1
| #define LT_OBJDIR ".libs/"
| #define GST_PACKAGE_NAME "GStreamer Libav source release"
| #define GST_PACKAGE_ORIGIN "Unknown package origin"
| #define HAVE_CPU_I386 1
| #define HAVE_RDTSC 1
| /* end confdefs.h.  */
| #ifndef __APPLE_CC__
| 	       not a universal capable compiler
| 	     #endif
| 	     typedef int dummy;
| 
configure:12417: gcc -c -g -O2  conftest.c >&5
configure:12417: $? = 0
configure:12435: gcc -c -g -O2  conftest.c >&5
conftest.c: In function 'main':
conftest.c:34:4: error: unknown type name 'not'
conftest.c:34:12: error: expected '=', ',', ';', 'asm' or '__attribute__' before 'endian'
configure:12435: $? = 1
configure: failed program was:
| /* confdefs.h */
| #define PACKAGE_NAME "GStreamer Libav"
| #define PACKAGE_TARNAME "gst-ffmpeg"
| #define PACKAGE_VERSION "0.10.13"
| #define PACKAGE_STRING "GStreamer Libav 0.10.13"
| #define PACKAGE_BUGREPORT "http://bugzilla.gnome.org/enter_bug.cgi?product=GStreamer"
| #define PACKAGE_URL ""
| #define PACKAGE "gst-ffmpeg"
| #define VERSION "0.10.13"
| #define STDC_HEADERS 1
| #define HAVE_SYS_TYPES_H 1
| #define HAVE_SYS_STAT_H 1
| #define HAVE_STDLIB_H 1
| #define HAVE_STRING_H 1
| #define HAVE_MEMORY_H 1
| #define HAVE_STRINGS_H 1
| #define HAVE_INTTYPES_H 1
| #define HAVE_STDINT_H 1
| #define HAVE_UNISTD_H 1
| #define HAVE_DLFCN_H 1
| #define LT_OBJDIR ".libs/"
| #define GST_PACKAGE_NAME "GStreamer Libav source release"
| #define GST_PACKAGE_ORIGIN "Unknown package origin"
| #define HAVE_CPU_I386 1
| #define HAVE_RDTSC 1
| /* end confdefs.h.  */
| #include <sys/types.h>
| 		#include <sys/param.h>
| 
| int
| main ()
| {
| #if BYTE_ORDER != BIG_ENDIAN
| 		 not big endian
| 		#endif
| 
|   ;
|   return 0;
| }
configure:12563: result: no
configure:12751: checking for gcc
configure:12778: result: gcc
configure:13007: checking for C compiler version
configure:13016: gcc --version >&5
gcc (GCC) 4.7.2 20121109 (Red Hat 4.7.2-8)
Copyright (C) 2012 Free Software Foundation, Inc.
This is free software; see the source for copying conditions.  There is NO
warranty; not even for MERCHANTABILITY or FITNESS FOR A PARTICULAR PURPOSE.

configure:13027: $? = 0
configure:13016: gcc -v >&5
Using built-in specs.
COLLECT_GCC=/usr/bin/gcc
COLLECT_LTO_WRAPPER=/usr/libexec/gcc/i686-redhat-linux/4.7.2/lto-wrapper
Target: i686-redhat-linux
Configured with: ../configure --prefix=/usr --mandir=/usr/share/man --infodir=/usr/share/info --with-bugurl=http://bugzilla.redhat.com/bugzilla --enable-bootstrap --enable-shared --enable-threads=posix --enable-checking=release --disable-build-with-cxx --disable-build-poststage1-with-cxx --with-system-zlib --enable-__cxa_atexit --disable-libunwind-exceptions --enable-gnu-unique-object --enable-linker-build-id --with-linker-hash-style=gnu --enable-languages=c,c++,objc,obj-c++,java,fortran,ada,go,lto --enable-plugin --enable-initfini-array --enable-java-awt=gtk --disable-dssi --with-java-home=/usr/lib/jvm/java-1.5.0-gcj-1.5.0.0/jre --enable-libgcj-multifile --enable-java-maintainer-mode --with-ecj-jar=/usr/share/java/eclipse-ecj.jar --disable-libjava-multilib --with-ppl --with-cloog --with-tune=generic --with-arch=i686 --build=i686-redhat-linux
Thread model: posix
gcc version 4.7.2 20121109 (Red Hat 4.7.2-8) (GCC) 
configure:13027: $? = 0
configure:13016: gcc -V >&5
gcc: error: unrecognized command line option '-V'
gcc: fatal error: no input files
compilation terminated.
configure:13027: $? = 4
configure:13016: gcc -qversion >&5
gcc: error: unrecognized command line option '-qversion'
gcc: fatal error: no input files
compilation terminated.
configure:13027: $? = 4
configure:13031: checking whether we are using the GNU C compiler
configure:13059: result: yes
configure:13068: checking whether gcc accepts -g
configure:13129: result: yes
configure:13146: checking for gcc option to accept ISO C89
configure:13223: result: none needed
configure:13245: checking dependency style of gcc
configure:13355: result: gcc3
configure:13374: checking for gcc option to accept ISO C99
configure:13523: gcc  -c -g -O2  conftest.c >&5
conftest.c:78:29: error: expected ';', ',' or ')' before 'text'
conftest.c: In function 'main':
conftest.c:132:18: error: expected '=', ',', ';', 'asm' or '__attribute__' before 'newvar'
conftest.c:132:18: error: 'newvar' undeclared (first use in this function)
conftest.c:132:18: note: each undeclared identifier is reported only once for each function it appears in
conftest.c:142:3: error: 'for' loop initial declarations are only allowed in C99 mode
conftest.c:142:3: note: use option -std=c99 or -std=gnu99 to compile your code
configure:13523: $? = 1
configure: failed program was:
| /* confdefs.h */
| #define PACKAGE_NAME "GStreamer Libav"
| #define PACKAGE_TARNAME "gst-ffmpeg"
| #define PACKAGE_VERSION "0.10.13"
| #define PACKAGE_STRING "GStreamer Libav 0.10.13"
| #define PACKAGE_BUGREPORT "http://bugzilla.gnome.org/enter_bug.cgi?product=GStreamer"
| #define PACKAGE_URL ""
| #define PACKAGE "gst-ffmpeg"
| #define VERSION "0.10.13"
| #define STDC_HEADERS 1
| #define HAVE_SYS_TYPES_H 1
| #define HAVE_SYS_STAT_H 1
| #define HAVE_STDLIB_H 1
| #define HAVE_STRING_H 1
| #define HAVE_MEMORY_H 1
| #define HAVE_STRINGS_H 1
| #define HAVE_INTTYPES_H 1
| #define HAVE_STDINT_H 1
| #define HAVE_UNISTD_H 1
| #define HAVE_DLFCN_H 1
| #define LT_OBJDIR ".libs/"
| #define GST_PACKAGE_NAME "GStreamer Libav source release"
| #define GST_PACKAGE_ORIGIN "Unknown package origin"
| #define HAVE_CPU_I386 1
| #define HAVE_RDTSC 1
| #define HOST_CPU "i686"
| /* end confdefs.h.  */
| #include <stdarg.h>
| #include <stdbool.h>
| #include <stdlib.h>
| #include <wchar.h>
| #include <stdio.h>
| 
| // Check varargs macros.  These examples are taken from C99 6.10.3.5.
| #define debug(...) fprintf (stderr, __VA_ARGS__)
| #define showlist(...) puts (#__VA_ARGS__)
| #define report(test,...) ((test) ? puts (#test) : printf (__VA_ARGS__))
| static void
| test_varargs_macros (void)
| {
|   int x = 1234;
|   int y = 5678;
|   debug ("Flag");
|   debug ("X = %d\n", x);
|   showlist (The first, second, and third items.);
|   report (x>y, "x is %d but y is %d", x, y);
| }
| 
| // Check long long types.
| #define BIG64 18446744073709551615ull
| #define BIG32 4294967295ul
| #define BIG_OK (BIG64 / BIG32 == 4294967297ull && BIG64 % BIG32 == 0)
| #if !BIG_OK
|   your preprocessor is broken;
| #endif
| #if BIG_OK
| #else
|   your preprocessor is broken;
| #endif
| static long long int bignum = -9223372036854775807LL;
| static unsigned long long int ubignum = BIG64;
| 
| struct incomplete_array
| {
|   int datasize;
|   double data[];
| };
| 
| struct named_init {
|   int number;
|   const wchar_t *name;
|   double average;
| };
| 
| typedef const char *ccp;
| 
| static inline int
| test_restrict (ccp restrict text)
| {
|   // See if C++-style comments work.
|   // Iterate through items via the restricted pointer.
|   // Also check for declarations in for loops.
|   for (unsigned int i = 0; *(text+i) != '\0'; ++i)
|     continue;
|   return 0;
| }
| 
| // Check varargs and va_copy.
| static void
| test_varargs (const char *format, ...)
| {
|   va_list args;
|   va_start (args, format);
|   va_list args_copy;
|   va_copy (args_copy, args);
| 
|   const char *str;
|   int number;
|   float fnumber;
| 
|   while (*format)
|     {
|       switch (*format++)
| 	{
| 	case 's': // string
| 	  str = va_arg (args_copy, const char *);
| 	  break;
| 	case 'd': // int
| 	  number = va_arg (args_copy, int);
| 	  break;
| 	case 'f': // float
| 	  fnumber = va_arg (args_copy, double);
| 	  break;
| 	default:
| 	  break;
| 	}
|     }
|   va_end (args_copy);
|   va_end (args);
| }
| 
| int
| main ()
| {
| 
|   // Check bool.
|   _Bool success = false;
| 
|   // Check restrict.
|   if (test_restrict ("String literal") == 0)
|     success = true;
|   char *restrict newvar = "Another string";
| 
|   // Check varargs.
|   test_varargs ("s, d' f .", "string", 65, 34.234);
|   test_varargs_macros ();
| 
|   // Check flexible array members.
|   struct incomplete_array *ia =
|     malloc (sizeof (struct incomplete_array) + (sizeof (double) * 10));
|   ia->datasize = 10;
|   for (int i = 0; i < ia->datasize; ++i)
|     ia->data[i] = i * 1.234;
| 
|   // Check named initializers.
|   struct named_init ni = {
|     .number = 34,
|     .name = L"Test wide string",
|     .average = 543.34343,
|   };
| 
|   ni.number = 58;
| 
|   int dynamic_array[ni.number];
|   dynamic_array[ni.number - 1] = 543;
| 
|   // work around unused variable warnings
|   return (!success || bignum == 0LL || ubignum == 0uLL || newvar[0] == 'x'
| 	  || dynamic_array[ni.number - 1] != 543);
| 
|   ;
|   return 0;
| }
configure:13523: gcc -std=gnu99 -c -g -O2  conftest.c >&5
configure:13523: $? = 0
configure:13543: result: -std=gnu99
configure:13645: checking for gcc -std=gnu99 option to accept ISO Standard C
configure:13659: result: -std=gnu99
configure:13665: checking whether gcc -std=gnu99 and cc understand -c and -o together
configure:13696: gcc -std=gnu99 -c conftest.c -o conftest2.o >&5
configure:13700: $? = 0
configure:13706: gcc -std=gnu99 -c conftest.c -o conftest2.o >&5
configure:13710: $? = 0
configure:13721: cc -c conftest.c >&5
configure:13725: $? = 0
configure:13733: cc -c conftest.c -o conftest2.o >&5
configure:13737: $? = 0
configure:13743: cc -c conftest.c -o conftest2.o >&5
configure:13747: $? = 0
configure:13765: result: yes
configure:13793: checking for valgrind
configure:13811: found /usr/bin/valgrind
configure:13824: result: /usr/bin/valgrind
configure:14581: checking whether to build gtk-doc documentation
configure:14583: result: no
configure:14590: checking for gtkdoc-check
configure:14623: result: no
configure:14654: Looking for Python version >= 2.1
configure:14672: checking for python
configure:14690: found /usr/bin/python
configure:14702: result: /usr/bin/python
configure:14714: checking "/usr/bin/python":
configure:14716: result: okay
configure:14732: checking local Python configuration
configure:14769: result: looks good
configure:14777: checking whether to build plugin documentation
configure:14784: result: no (gtk-doc disabled or not available)
configure:14887: checking for cos in -lm
configure:14912: gcc -std=gnu99 -o conftest -g -O2   conftest.c -lm   >&5
conftest.c:35:6: warning: conflicting types for built-in function 'cos' [enabled by default]
configure:14912: $? = 0
configure:14921: result: yes
configure:14934: checking for ANSI C header files
configure:15038: result: yes
configure:15060: checking for GST
configure:15068: $PKG_CONFIG --exists --print-errors "$module >= $minver"
configure:15071: $? = 0
configure:15086: $PKG_CONFIG --exists --print-errors "$module >= $minver"
configure:15089: $? = 0
configure:15145: result: yes
configure:15159: using GStreamer tools in /usr/bin
configure:15169: using GStreamer plug-ins in /usr/lib/gstreamer-0.10
configure:15181: checking for GST_BASE
configure:15189: $PKG_CONFIG --exists --print-errors "$module >= $minver"
configure:15192: $? = 0
configure:15207: $PKG_CONFIG --exists --print-errors "$module >= $minver"
configure:15210: $? = 0
configure:15266: result: yes
configure:15283: checking for GST_PLUGINS_BASE
configure:15291: $PKG_CONFIG --exists --print-errors "$module >= $minver"
configure:15294: $? = 0
configure:15309: $PKG_CONFIG --exists --print-errors "$module >= $minver"
configure:15312: $? = 0
configure:15368: result: yes
configure:15384: using GStreamer Base Plugins in /usr/lib/gstreamer-0.10
configure:15399: checking for GST_CHECK
configure:15407: $PKG_CONFIG --exists --print-errors "$module >= $minver"
configure:15410: $? = 0
configure:15425: $PKG_CONFIG --exists --print-errors "$module >= $minver"
configure:15428: $? = 0
configure:15484: result: yes
configure:15502: Using GStreamer Core Plugins in /usr/lib/gstreamer-0.10
configure:15504: Using GStreamer Base Plugins in /usr/lib/gstreamer-0.10
configure:15526: checking for ORC
configure:15534: $PKG_CONFIG --exists --print-errors "orc-0.4 >= $ORC_REQ"
Package orc-0.4 was not found in the pkg-config search path.
Perhaps you should add the directory containing `orc-0.4.pc'
to the PKG_CONFIG_PATH environment variable
No package 'orc-0.4' found
configure:15537: $? = 1
configure:15552: $PKG_CONFIG --exists --print-errors "orc-0.4 >= $ORC_REQ"
Package orc-0.4 was not found in the pkg-config search path.
Perhaps you should add the directory containing `orc-0.4.pc'
to the PKG_CONFIG_PATH environment variable
No package 'orc-0.4' found
configure:15555: $? = 1
No package 'orc-0.4' found
configure:15583: result: no
configure:15699: Using /usr/local/lib/gstreamer-0.10 as the plugin install location
configure:15707: checking to see if compiler understands 
configure:15724: gcc -std=gnu99 -c -g -O2   conftest.c >&5
configure:15724: $? = 0
configure:15739: result: yes
configure:15750: checking to see if compiler understands -Wall
configure:15767: gcc -std=gnu99 -c -g -O2 -Wall  conftest.c >&5
configure:15767: $? = 0
configure:15782: result: yes
configure:15787: checking to see if compiler understands -Wdeclaration-after-statement
configure:15804: gcc -std=gnu99 -c -g -O2 -Wdeclaration-after-statement  conftest.c >&5
configure:15804: $? = 0
configure:15819: result: yes
configure:15824: checking to see if compiler understands -Wvla
configure:15841: gcc -std=gnu99 -c -g -O2 -Wvla  conftest.c >&5
configure:15841: $? = 0
configure:15856: result: yes
configure:15861: checking to see if compiler understands -Wpointer-arith
configure:15878: gcc -std=gnu99 -c -g -O2 -Wpointer-arith  conftest.c >&5
configure:15878: $? = 0
configure:15893: result: yes
configure:16085: checking to see if compiler understands -Wmissing-declarations
configure:16102: gcc -std=gnu99 -c -g -O2 -Wmissing-declarations  conftest.c >&5
configure:16102: $? = 0
configure:16117: result: yes
configure:16085: checking to see if compiler understands -Wmissing-prototypes
configure:16102: gcc -std=gnu99 -c -g -O2 -Wmissing-prototypes  conftest.c >&5
configure:16102: $? = 0
configure:16117: result: yes
configure:16085: checking to see if compiler understands -Wredundant-decls
configure:16102: gcc -std=gnu99 -c -g -O2 -Wredundant-decls  conftest.c >&5
configure:16102: $? = 0
configure:16117: result: yes
configure:16085: checking to see if compiler understands -Wundef
configure:16102: gcc -std=gnu99 -c -g -O2 -Wundef  conftest.c >&5
configure:16102: $? = 0
configure:16117: result: yes
configure:16085: checking to see if compiler understands -Wwrite-strings
configure:16102: gcc -std=gnu99 -c -g -O2 -Wwrite-strings  conftest.c >&5
configure:16102: $? = 0
configure:16117: result: yes
configure:16085: checking to see if compiler understands -Wformat-nonliteral
configure:16102: gcc -std=gnu99 -c -g -O2 -Wformat-nonliteral  conftest.c >&5
cc1: warning: -Wformat-nonliteral ignored without -Wformat [-Wformat-nonliteral]
cc1: warning: -Wformat-nonliteral ignored without -Wformat [-Wformat-nonliteral]
configure:16102: $? = 0
configure:16117: result: yes
configure:16085: checking to see if compiler understands -Wformat-security
configure:16102: gcc -std=gnu99 -c -g -O2 -Wformat-security  conftest.c >&5
cc1: warning: -Wformat-security ignored without -Wformat [-Wformat-security]
cc1: warning: -Wformat-security ignored without -Wformat [-Wformat-security]
configure:16102: $? = 0
configure:16117: result: yes
configure:16085: checking to see if compiler understands -Wold-style-definition
configure:16102: gcc -std=gnu99 -c -g -O2 -Wold-style-definition  conftest.c >&5
conftest.c: In function 'main':
conftest.c:33:1: warning: old-style function definition [-Wold-style-definition]
configure:16102: $? = 0
configure:16117: result: yes
configure:16085: checking to see if compiler understands -Winit-self
configure:16102: gcc -std=gnu99 -c -g -O2 -Winit-self  conftest.c >&5
configure:16102: $? = 0
configure:16117: result: yes
configure:16085: checking to see if compiler understands -Wmissing-include-dirs
configure:16102: gcc -std=gnu99 -c -g -O2 -Wmissing-include-dirs  conftest.c >&5
configure:16102: $? = 0
configure:16117: result: yes
configure:16085: checking to see if compiler understands -Waddress
configure:16102: gcc -std=gnu99 -c -g -O2 -Waddress  conftest.c >&5
configure:16102: $? = 0
configure:16117: result: yes
configure:16085: checking to see if compiler understands -Waggregate-return
configure:16102: gcc -std=gnu99 -c -g -O2 -Waggregate-return  conftest.c >&5
configure:16102: $? = 0
configure:16117: result: yes
configure:16085: checking to see if compiler understands -Wno-multichar
configure:16102: gcc -std=gnu99 -c -g -O2 -Wno-multichar  conftest.c >&5
configure:16102: $? = 0
configure:16117: result: yes
configure:16085: checking to see if compiler understands -Wnested-externs
configure:16102: gcc -std=gnu99 -c -g -O2 -Wnested-externs  conftest.c >&5
configure:16102: $? = 0
configure:16117: result: yes
configure:16129: set WARNING_CFLAGS to  -Wall -Wdeclaration-after-statement -Wvla -Wpointer-arith -Wmissing-declarations -Wmissing-prototypes -Wredundant-decls -Wundef -Wwrite-strings -Wformat-nonliteral -Wformat-security -Wold-style-definition -Winit-self -Wmissing-include-dirs -Waddress -Waggregate-return -Wno-multichar -Wnested-externs
configure:16131: set ERROR_CFLAGS to 
configure:16189: checking for BZ2_bzlibVersion in -lbz2
configure:16214: gcc -std=gnu99 -o conftest -g -O2   conftest.c -lbz2   >&5
/usr/bin/ld: cannot find -lbz2
collect2: error: ld returned 1 exit status
configure:16214: $? = 1
configure: failed program was:
| /* confdefs.h */
| #define PACKAGE_NAME "GStreamer Libav"
| #define PACKAGE_TARNAME "gst-ffmpeg"
| #define PACKAGE_VERSION "0.10.13"
| #define PACKAGE_STRING "GStreamer Libav 0.10.13"
| #define PACKAGE_BUGREPORT "http://bugzilla.gnome.org/enter_bug.cgi?product=GStreamer"
| #define PACKAGE_URL ""
| #define PACKAGE "gst-ffmpeg"
| #define VERSION "0.10.13"
| #define STDC_HEADERS 1
| #define HAVE_SYS_TYPES_H 1
| #define HAVE_SYS_STAT_H 1
| #define HAVE_STDLIB_H 1
| #define HAVE_STRING_H 1
| #define HAVE_MEMORY_H 1
| #define HAVE_STRINGS_H 1
| #define HAVE_INTTYPES_H 1
| #define HAVE_STDINT_H 1
| #define HAVE_UNISTD_H 1
| #define HAVE_DLFCN_H 1
| #define LT_OBJDIR ".libs/"
| #define GST_PACKAGE_NAME "GStreamer Libav source release"
| #define GST_PACKAGE_ORIGIN "Unknown package origin"
| #define HAVE_CPU_I386 1
| #define HAVE_RDTSC 1
| #define HOST_CPU "i686"
| #define STDC_HEADERS 1
| #define DISABLE_ORC 1
| #define PLUGINDIR "/usr/local/lib/gstreamer-0.10"
| #define GST_LEVEL_DEFAULT GST_LEVEL_NONE
| /* end confdefs.h.  */
| 
| /* Override any GCC internal prototype to avoid an error.
|    Use char because int might match the return type of a GCC
|    builtin and then its argument prototype would still apply.  */
| #ifdef __cplusplus
| extern "C"
| #endif
| char BZ2_bzlibVersion ();
| int
| main ()
| {
| return BZ2_bzlibVersion ();
|   ;
|   return 0;
| }
configure:16223: result: no
configure:16260: WARNING: libbz2 not found, matroska demuxer will not be able to read bz2 tracks
configure:16647: Using local Libav snapshot
configure:16756: Using included Libav code
configure:17036: creating ./config.status

## ---------------------- ##
## Running config.status. ##
## ---------------------- ##

This file was extended by GStreamer Libav config.status 0.10.13, which was
generated by GNU Autoconf 2.68.  Invocation command line was

  CONFIG_FILES    = 
  CONFIG_HEADERS  = 
  CONFIG_LINKS    = 
  CONFIG_COMMANDS = 
  $ ./config.status 

on localhost.localdomain

config.status:1268: creating Makefile
config.status:1268: creating common/Makefile
config.status:1268: creating common/m4/Makefile
config.status:1268: creating gst-ffmpeg.spec
config.status:1268: creating ext/Makefile
config.status:1268: creating ext/ffmpeg/Makefile
config.status:1268: creating ext/libpostproc/Makefile
config.status:1268: creating ext/libswscale/Makefile
config.status:1268: creating gst-libs/Makefile
config.status:1268: creating gst-libs/ext/Makefile
config.status:1268: creating docs/Makefile
config.status:1268: creating docs/version.entities
config.status:1268: creating tests/Makefile
config.status:1268: creating tests/check/Makefile
config.status:1268: creating tests/files/Makefile
config.status:1268: creating config.h
config.status:1449: config.h is unchanged
config.status:1497: executing depfiles commands
config.status:1497: executing libtool commands
config.status:1497: executing configure-embedded-ffmpeg commands
configure:19306: WARNING: unrecognized options: --disable-yasm

## ---------------- ##
## Cache variables. ##
## ---------------- ##

ac_cv_build=i686-pc-linux-gnu
ac_cv_c_bigendian=no
ac_cv_c_compiler_gnu=yes
ac_cv_env_CC_set=
ac_cv_env_CC_value=
ac_cv_env_CFLAGS_set=
ac_cv_env_CFLAGS_value=
ac_cv_env_CPPFLAGS_set=
ac_cv_env_CPPFLAGS_value=
ac_cv_env_CPP_set=
ac_cv_env_CPP_value=
ac_cv_env_FFMPEG_CFLAGS_set=
ac_cv_env_FFMPEG_CFLAGS_value=
ac_cv_env_FFMPEG_LIBS_set=
ac_cv_env_FFMPEG_LIBS_value=
ac_cv_env_GST_BASE_CFLAGS_set=
ac_cv_env_GST_BASE_CFLAGS_value=
ac_cv_env_GST_BASE_LIBS_set=
ac_cv_env_GST_BASE_LIBS_value=
ac_cv_env_GST_CFLAGS_set=
ac_cv_env_GST_CFLAGS_value=
ac_cv_env_GST_CHECK_CFLAGS_set=
ac_cv_env_GST_CHECK_CFLAGS_value=
ac_cv_env_GST_CHECK_LIBS_set=
ac_cv_env_GST_CHECK_LIBS_value=
ac_cv_env_GST_LIBS_set=
ac_cv_env_GST_LIBS_value=
ac_cv_env_GST_PLUGINS_BASE_CFLAGS_set=
ac_cv_env_GST_PLUGINS_BASE_CFLAGS_value=
ac_cv_env_GST_PLUGINS_BASE_LIBS_set=
ac_cv_env_GST_PLUGINS_BASE_LIBS_value=
ac_cv_env_LDFLAGS_set=
ac_cv_env_LDFLAGS_value=
ac_cv_env_LIBS_set=
ac_cv_env_LIBS_value=
ac_cv_env_ORC_CFLAGS_set=
ac_cv_env_ORC_CFLAGS_value=
ac_cv_env_ORC_LIBS_set=
ac_cv_env_ORC_LIBS_value=
ac_cv_env_PKG_CONFIG_set=
ac_cv_env_PKG_CONFIG_value=
ac_cv_env_POSTPROC_CFLAGS_set=
ac_cv_env_POSTPROC_CFLAGS_value=
ac_cv_env_POSTPROC_LIBS_set=
ac_cv_env_POSTPROC_LIBS_value=
ac_cv_env_SWSCALE_CFLAGS_set=
ac_cv_env_SWSCALE_CFLAGS_value=
ac_cv_env_SWSCALE_LIBS_set=
ac_cv_env_SWSCALE_LIBS_value=
ac_cv_env_VALGRIND_CFLAGS_set=
ac_cv_env_VALGRIND_CFLAGS_value=
ac_cv_env_VALGRIND_LIBS_set=
ac_cv_env_VALGRIND_LIBS_value=
ac_cv_env_build_alias_set=
ac_cv_env_build_alias_value=
ac_cv_env_host_alias_set=
ac_cv_env_host_alias_value=
ac_cv_env_target_alias_set=
ac_cv_env_target_alias_value=
ac_cv_header_dlfcn_h=yes
ac_cv_header_inttypes_h=yes
ac_cv_header_memory_h=yes
ac_cv_header_stdc=yes
ac_cv_header_stdint_h=yes
ac_cv_header_stdlib_h=yes
ac_cv_header_string_h=yes
ac_cv_header_strings_h=yes
ac_cv_header_sys_stat_h=yes
ac_cv_header_sys_types_h=yes
ac_cv_header_unistd_h=yes
ac_cv_host=i686-pc-linux-gnu
ac_cv_lib_bz2_BZ2_bzlibVersion=no
ac_cv_lib_m_cos=yes
ac_cv_objext=o
ac_cv_path_EGREP='/usr/bin/grep -E'
ac_cv_path_FGREP='/usr/bin/grep -F'
ac_cv_path_GREP=/usr/bin/grep
ac_cv_path_PYTHON=/usr/bin/python
ac_cv_path_SED=/usr/bin/sed
ac_cv_path_VALGRIND_PATH=/usr/bin/valgrind
ac_cv_path_ac_pt_PKG_CONFIG=/usr/bin/pkg-config
ac_cv_path_install='/usr/bin/install -c'
ac_cv_path_mkdir=/usr/bin/mkdir
ac_cv_prog_AWK=gawk
ac_cv_prog_CPP='gcc -E'
ac_cv_prog_ac_ct_AR=ar
ac_cv_prog_ac_ct_CC=gcc
ac_cv_prog_ac_ct_DLLTOOL=dlltool
ac_cv_prog_ac_ct_OBJDUMP=objdump
ac_cv_prog_ac_ct_RANLIB=ranlib
ac_cv_prog_ac_ct_STRIP=strip
ac_cv_prog_cc_c89=
ac_cv_prog_cc_c99=-std=gnu99
ac_cv_prog_cc_g=yes
ac_cv_prog_cc_gcc_c_o=yes
ac_cv_prog_cc_stdc=-std=gnu99
ac_cv_prog_make_make_set=yes
am_cv_CC_dependencies_compiler_type=gcc3
lt_cv_ar_at_file=@
lt_cv_archive_cmds_need_lc=no
lt_cv_deplibs_check_method=pass_all
lt_cv_file_magic_cmd='$MAGIC_CMD'
lt_cv_file_magic_test_file=
lt_cv_ld_reload_flag=-r
lt_cv_nm_interface='BSD nm'
lt_cv_objdir=.libs
lt_cv_path_LD=/usr/bin/ld
lt_cv_path_NM='/usr/bin/nm -B'
lt_cv_path_mainfest_tool=no
lt_cv_prog_compiler_c_o=yes
lt_cv_prog_compiler_pic='-fPIC -DPIC'
lt_cv_prog_compiler_pic_works=yes
lt_cv_prog_compiler_rtti_exceptions=no
lt_cv_prog_compiler_static_works=no
lt_cv_prog_gnu_ld=yes
lt_cv_sharedlib_from_linklib_cmd='printf %s\n'
lt_cv_shlibpath_overrides_runpath=no
lt_cv_sys_global_symbol_pipe='sed -n -e '\''s/^.*[	 ]\([ABCDGIRSTW][ABCDGIRSTW]*\)[	 ][	 ]*\([_A-Za-z][_A-Za-z0-9]*\)$/\1 \2 \2/p'\'' | sed '\''/ __gnu_lto/d'\'''
lt_cv_sys_global_symbol_to_c_name_address='sed -n -e '\''s/^: \([^ ]*\)[ ]*$/  {\"\1\", (void *) 0},/p'\'' -e '\''s/^[ABCDGIRSTW]* \([^ ]*\) \([^ ]*\)$/  {"\2", (void *) \&\2},/p'\'''
lt_cv_sys_global_symbol_to_c_name_address_lib_prefix='sed -n -e '\''s/^: \([^ ]*\)[ ]*$/  {\"\1\", (void *) 0},/p'\'' -e '\''s/^[ABCDGIRSTW]* \([^ ]*\) \(lib[^ ]*\)$/  {"\2", (void *) \&\2},/p'\'' -e '\''s/^[ABCDGIRSTW]* \([^ ]*\) \([^ ]*\)$/  {"lib\2", (void *) \&\2},/p'\'''
lt_cv_sys_global_symbol_to_cdecl='sed -n -e '\''s/^T .* \(.*\)$/extern int \1();/p'\'' -e '\''s/^[ABCDGIRSTW]* .* \(.*\)$/extern char \1;/p'\'''
lt_cv_sys_max_cmd_len=1572864
lt_cv_to_host_file_cmd=func_convert_file_noop
lt_cv_to_tool_file_cmd=func_convert_file_noop
pkg_cv_GST_BASE_CFLAGS='-pthread -I/usr/include/gstreamer-0.10 -I/usr/include/glib-2.0 -I/usr/lib/glib-2.0/include -I/usr/include/libxml2  '
pkg_cv_GST_BASE_LIBS='-pthread -lgstbase-0.10 -lgstreamer-0.10 -lgobject-2.0 -lgmodule-2.0 -lgthread-2.0 -lrt -lxml2 -lglib-2.0  '
pkg_cv_GST_CFLAGS='-pthread -I/usr/include/gstreamer-0.10 -I/usr/include/glib-2.0 -I/usr/lib/glib-2.0/include -I/usr/include/libxml2  '
pkg_cv_GST_CHECK_CFLAGS='-pthread -I/usr/include/gstreamer-0.10 -I/usr/include/glib-2.0 -I/usr/lib/glib-2.0/include -I/usr/include/libxml2  '
pkg_cv_GST_CHECK_LIBS='-pthread -lgstcheck-0.10 -lm -lgstreamer-0.10 -lgobject-2.0 -lgmodule-2.0 -lgthread-2.0 -lrt -lxml2 -lglib-2.0  '
pkg_cv_GST_LIBS='-pthread -lgstreamer-0.10 -lgobject-2.0 -lgmodule-2.0 -lgthread-2.0 -lrt -lxml2 -lglib-2.0  '
pkg_cv_GST_PLUGINS_BASE_CFLAGS='-pthread -I/usr/include/gstreamer-0.10 -I/usr/include/glib-2.0 -I/usr/lib/glib-2.0/include -I/usr/include/libxml2  '
pkg_cv_GST_PLUGINS_BASE_LIBS='-pthread -lgstreamer-0.10 -lgobject-2.0 -lgmodule-2.0 -lgthread-2.0 -lrt -lxml2 -lglib-2.0  '

## ----------------- ##
## Output variables. ##
## ----------------- ##

ACLOCAL='${SHELL} /VIC/Project/GUPNP/GIT/gst-ffmpeg-0.10.13/missing --run aclocal-1.11'
ACLOCAL_AMFLAGS='-I m4 -I common/m4'
AMDEPBACKSLASH='\'
AMDEP_FALSE='#'
AMDEP_TRUE=''
AMTAR='${SHELL} /VIC/Project/GUPNP/GIT/gst-ffmpeg-0.10.13/missing --run tar'
AM_BACKSLASH='\'
AM_DEFAULT_VERBOSITY='0'
AR='ar'
AS='as'
AUTOCONF='${SHELL} /VIC/Project/GUPNP/GIT/gst-ffmpeg-0.10.13/missing --run autoconf'
AUTOHEADER='${SHELL} /VIC/Project/GUPNP/GIT/gst-ffmpeg-0.10.13/missing --run autoheader'
AUTOMAKE='${SHELL} /VIC/Project/GUPNP/GIT/gst-ffmpeg-0.10.13/missing --run automake-1.11'
AWK='gawk'
CAT_ENTRY_END=''
CAT_ENTRY_START=''
CC='gcc -std=gnu99'
CCDEPMODE='depmode=gcc3'
CFLAGS='-g -O2'
CPP='gcc -E'
CPPFLAGS=''
CYGPATH_W='echo'
DARWIN_LDFLAGS=''
DEFS='-DHAVE_CONFIG_H'
DEPDIR='.deps'
DEPRECATED_CFLAGS=''
DLLTOOL='dlltool'
DOCBOOK_ROOT=''
DOC_HTML_FALSE=''
DOC_HTML_TRUE='#'
DOC_PDF_FALSE=''
DOC_PDF_TRUE='#'
DOC_PS_FALSE=''
DOC_PS_TRUE='#'
DSYMUTIL=''
DUMPBIN=''
ECHO_C=''
ECHO_N='-n'
ECHO_T=''
EGREP='/usr/bin/grep -E'
ENABLE_DOCBOOK_FALSE=''
ENABLE_DOCBOOK_TRUE='#'
ENABLE_GTK_DOC_FALSE=''
ENABLE_GTK_DOC_TRUE='#'
ENABLE_PLUGIN_DOCS_FALSE=''
ENABLE_PLUGIN_DOCS_TRUE='#'
ERROR_CFLAGS=''
EXEEXT=''
FFMPEG_CFLAGS='-I $(top_srcdir)/gst-libs/ext/libav/libavutil   		 -I $(top_srcdir)/gst-libs/ext/libav/libavformat                  -I $(top_srcdir)/gst-libs/ext/libav/libavcodec 		 -I $(top_srcdir)/gst-libs/ext/libav 		 -I $(top_builddir)/gst-libs/ext/libav                  -Wno-deprecated-declarations'
FFMPEG_CO_DIR=''
FFMPEG_EXTERNALS_REVISION=''
FFMPEG_LIBS='$(top_builddir)/gst-libs/ext/libav/libavformat/libavformat.a                $(top_builddir)/gst-libs/ext/libav/libavcodec/libavcodec.a                $(top_builddir)/gst-libs/ext/libav/libavutil/libavutil.a'
FFMPEG_REVISION=''
FFMPEG_SUBDIRS='gst-libs'
FFMPEG_SVN=''
FGREP='/usr/bin/grep -F'
GREP='/usr/bin/grep'
GSTPB_PLUGINS_DIR='/usr/lib/gstreamer-0.10'
GST_ALL_LDFLAGS='-no-undefined'
GST_BASE_CFLAGS='-pthread -I/usr/include/gstreamer-0.10 -I/usr/include/glib-2.0 -I/usr/lib/glib-2.0/include -I/usr/include/libxml2  '
GST_BASE_LIBS='-pthread -lgstbase-0.10 -lgstreamer-0.10 -lgobject-2.0 -lgmodule-2.0 -lgthread-2.0 -lrt -lxml2 -lglib-2.0  '
GST_CFLAGS='-I$(top_srcdir)/gst-libs -I$(top_builddir)/gst-libs -pthread -I/usr/include/gstreamer-0.10 -I/usr/include/glib-2.0 -I/usr/lib/glib-2.0/include -I/usr/include/libxml2    $(GST_OPTION_CFLAGS)'
GST_CHECK_CFLAGS='-pthread -I/usr/include/gstreamer-0.10 -I/usr/include/glib-2.0 -I/usr/lib/glib-2.0/include -I/usr/include/libxml2  '
GST_CHECK_LIBS='-pthread -lgstcheck-0.10 -lm -lgstreamer-0.10 -lgobject-2.0 -lgmodule-2.0 -lgthread-2.0 -lrt -lxml2 -lglib-2.0  '
GST_FFMPEG_ENABLE_LGPL_FALSE='#'
GST_FFMPEG_ENABLE_LGPL_TRUE=''
GST_LEVEL_DEFAULT='GST_LEVEL_NONE'
GST_LIBS='-pthread -lgstreamer-0.10 -lgobject-2.0 -lgmodule-2.0 -lgthread-2.0 -lrt -lxml2 -lglib-2.0  '
GST_MAJORMINOR='0.10'
GST_OPTION_CFLAGS='$(WARNING_CFLAGS) $(ERROR_CFLAGS) $(DEBUG_CFLAGS) $(PROFILE_CFLAGS) $(GCOV_CFLAGS) $(OPT_CFLAGS) $(DEPRECATED_CFLAGS)'
GST_PACKAGE_NAME='GStreamer Libav source release'
GST_PACKAGE_ORIGIN='Unknown package origin'
GST_PLUGINS_BASE_CFLAGS='-pthread -I/usr/include/gstreamer-0.10 -I/usr/include/glib-2.0 -I/usr/lib/glib-2.0/include -I/usr/include/libxml2  '
GST_PLUGINS_BASE_DIR='/usr/lib/gstreamer-0.10/gst:/usr/lib/gstreamer-0.10/sys:/usr/lib/gstreamer-0.10/ext'
GST_PLUGINS_BASE_LIBS='-pthread -lgstreamer-0.10 -lgobject-2.0 -lgmodule-2.0 -lgthread-2.0 -lrt -lxml2 -lglib-2.0  '
GST_PLUGINS_DIR='/usr/lib/gstreamer-0.10'
GST_PLUGIN_LDFLAGS='-module -avoid-version -export-symbols-regex '\''^_*gst_plugin_desc.*'\'' -no-undefined'
GST_TOOLS_DIR='/usr/bin'
GTKDOC_CHECK=''
GTK_DOC_USE_LIBTOOL_FALSE='#'
GTK_DOC_USE_LIBTOOL_TRUE=''
HAVE_BZ2='no'
HAVE_BZ2_FALSE=''
HAVE_BZ2_TRUE='#'
HAVE_CPU_ALPHA_FALSE=''
HAVE_CPU_ALPHA_TRUE='#'
HAVE_CPU_ARM_FALSE=''
HAVE_CPU_ARM_TRUE='#'
HAVE_CPU_CRISV32_FALSE=''
HAVE_CPU_CRISV32_TRUE='#'
HAVE_CPU_CRIS_FALSE=''
HAVE_CPU_CRIS_TRUE='#'
HAVE_CPU_HPPA_FALSE=''
HAVE_CPU_HPPA_TRUE='#'
HAVE_CPU_I386_FALSE='#'
HAVE_CPU_I386_TRUE=''
HAVE_CPU_IA64_FALSE=''
HAVE_CPU_IA64_TRUE='#'
HAVE_CPU_M68K_FALSE=''
HAVE_CPU_M68K_TRUE='#'
HAVE_CPU_MIPS_FALSE=''
HAVE_CPU_MIPS_TRUE='#'
HAVE_CPU_PPC64_FALSE=''
HAVE_CPU_PPC64_TRUE='#'
HAVE_CPU_PPC_FALSE=''
HAVE_CPU_PPC_TRUE='#'
HAVE_CPU_S390_FALSE=''
HAVE_CPU_S390_TRUE='#'
HAVE_CPU_SPARC_FALSE=''
HAVE_CPU_SPARC_TRUE='#'
HAVE_CPU_X86_64_FALSE=''
HAVE_CPU_X86_64_TRUE='#'
HAVE_DOCBOOK2HTML=''
HAVE_DOCBOOK2PS=''
HAVE_DVIPS=''
HAVE_EPSTOPDF=''
HAVE_FFMPEG_UNINSTALLED_FALSE='#'
HAVE_FFMPEG_UNINSTALLED_TRUE=''
HAVE_FIG2DEV=''
HAVE_GST_CHECK_FALSE='#'
HAVE_GST_CHECK_TRUE=''
HAVE_JADETEX=''
HAVE_ORCC_FALSE=''
HAVE_ORCC_TRUE='#'
HAVE_ORC_FALSE=''
HAVE_ORC_TRUE='#'
HAVE_PNGTOPNM=''
HAVE_PNMTOPS=''
HAVE_PS2PDF=''
HAVE_VALGRIND_FALSE='#'
HAVE_VALGRIND_TRUE=''
HAVE_XMLLINT=''
HTML_DIR='${datadir}/gtk-doc/html'
INSTALL_DATA='${INSTALL} -m 644'
INSTALL_PROGRAM='${INSTALL}'
INSTALL_SCRIPT='${INSTALL}'
INSTALL_STRIP_PROGRAM='$(install_sh) -c -s'
LD='/usr/bin/ld'
LDFLAGS=''
LIBM='-lm'
LIBOBJS=''
LIBS=''
LIBTOOL='$(SHELL) $(top_builddir)/libtool'
LIPO=''
LN_S='ln -s'
LTLIBOBJS=''
MAINT='#'
MAINTAINER_MODE_FALSE=''
MAINTAINER_MODE_TRUE='#'
MAKEINFO='${SHELL} /VIC/Project/GUPNP/GIT/gst-ffmpeg-0.10.13/missing --run makeinfo'
MANIFEST_TOOL=':'
MKDIR_P='/usr/bin/mkdir -p'
NM='/usr/bin/nm -B'
NMEDIT=''
OBJDUMP='objdump'
OBJEXT='o'
ORCC=''
ORCC_FLAGS=''
ORC_CFLAGS=''
ORC_LIBS=''
OTOOL64=''
OTOOL=''
PACKAGE='gst-ffmpeg'
PACKAGE_BUGREPORT='http://bugzilla.gnome.org/enter_bug.cgi?product=GStreamer'
PACKAGE_NAME='GStreamer Libav'
PACKAGE_STRING='GStreamer Libav 0.10.13'
PACKAGE_TARNAME='gst-ffmpeg'
PACKAGE_URL=''
PACKAGE_VERSION='0.10.13'
PACKAGE_VERSION_MAJOR='0'
PACKAGE_VERSION_MICRO='13'
PACKAGE_VERSION_MINOR='10'
PACKAGE_VERSION_NANO='0'
PACKAGE_VERSION_RELEASE='1'
PATH_SEPARATOR=':'
PKG_CONFIG='/usr/bin/pkg-config'
PLUGINDIR='/usr/local/lib/gstreamer-0.10'
POSTPROC_CFLAGS='-I $(top_srcdir)/gst-libs/ext/libav/libpostproc	                   -I $(top_srcdir)/gst-libs/ext/libav/libavutil 	                   -I $(top_srcdir)/gst-libs/ext/libav/libavcodec 	                   -I $(top_srcdir)/gst-libs/ext/libav 			   -I $(top_builddir)/gst-libs/ext/libav                    -Wno-deprecated-declarations'
POSTPROC_LIBS='$(top_builddir)/gst-libs/ext/libav/libpostproc/libpostproc.a   		 $(top_builddir)/gst-libs/ext/libav/libavutil/libavutil.a'
PROFILE_CFLAGS=''
PYTHON='/usr/bin/python'
PYTHON_EXEC_PREFIX='${exec_prefix}'
PYTHON_PLATFORM='linux2'
PYTHON_PREFIX='${prefix}'
PYTHON_VERSION='2.7'
RANLIB='ranlib'
SED='/usr/bin/sed'
SET_MAKE=''
SHELL='/bin/sh'
STRIP='strip'
SWSCALE_CFLAGS='-I $(top_srcdir)/gst-libs/ext/libav/libswscale	                  -I $(top_srcdir)/gst-libs/ext/libav/libavutil 	                  -I $(top_srcdir)/gst-libs/ext/libav 			   -I $(top_builddir)/gst-libs/ext/libav                   -Wno-deprecated-declarations'
SWSCALE_LIBS='$(top_builddir)/gst-libs/ext/libav/libswscale/libswscale.a                 $(top_builddir)/gst-libs/ext/libav/libavutil/libavutil.a'
VALGRIND_CFLAGS=''
VALGRIND_LIBS=''
VALGRIND_PATH='/usr/bin/valgrind'
VERSION='0.10.13'
WARNING_CFLAGS=' -Wall -Wdeclaration-after-statement -Wvla -Wpointer-arith -Wmissing-declarations -Wmissing-prototypes -Wredundant-decls -Wundef -Wwrite-strings -Wformat-nonliteral -Wformat-security -Wold-style-definition -Winit-self -Wmissing-include-dirs -Waddress -Waggregate-return -Wno-multichar -Wnested-externs'
WIN32_LIBS=''
XML_CATALOG=''
XSLTPROC=''
XSLTPROC_FLAGS=''
ac_ct_AR='ar'
ac_ct_CC='gcc'
ac_ct_DUMPBIN=''
am__EXEEXT_FALSE=''
am__EXEEXT_TRUE='#'
am__fastdepCC_FALSE='#'
am__fastdepCC_TRUE=''
am__include='include'
am__isrc=''
am__leading_dot='.'
am__quote=''
am__tar='${AMTAR} chof - "$$tardir"'
am__untar='${AMTAR} xf -'
bindir='${exec_prefix}/bin'
build='i686-pc-linux-gnu'
build_alias=''
build_cpu='i686'
build_os='linux-gnu'
build_vendor='pc'
datadir='${datarootdir}'
datarootdir='${prefix}/share'
docdir='$(datadir)/doc/gst-ffmpeg-0.10'
dvidir='${docdir}'
exec_prefix='${prefix}'
host='i686-pc-linux-gnu'
host_alias=''
host_cpu='i686'
host_os='linux-gnu'
host_vendor='pc'
htmldir='${docdir}'
includedir='${prefix}/include'
infodir='${datarootdir}/info'
install_sh='${SHELL} /VIC/Project/GUPNP/GIT/gst-ffmpeg-0.10.13/install-sh'
libdir='${exec_prefix}/lib'
libexecdir='${exec_prefix}/libexec'
localedir='${datarootdir}/locale'
localstatedir='${prefix}/var'
mandir='${datarootdir}/man'
mkdir_p='/usr/bin/mkdir -p'
oldincludedir='/usr/include'
pdfdir='${docdir}'
pkgpyexecdir='${pyexecdir}/gst-ffmpeg'
pkgpythondir='${pythondir}/gst-ffmpeg'
plugindir='$(libdir)/gstreamer-0.10'
prefix='/usr/local'
program_transform_name='s,x,x,'
psdir='${docdir}'
pyexecdir='${exec_prefix}/lib/python2.7/site-packages'
pythondir='${prefix}/lib/python2.7/site-packages'
sbindir='${exec_prefix}/sbin'
sharedstatedir='${prefix}/com'
sysconfdir='${prefix}/etc'
target_alias=''

## ----------- ##
## confdefs.h. ##
## ----------- ##

/* confdefs.h */
#define PACKAGE_NAME "GStreamer Libav"
#define PACKAGE_TARNAME "gst-ffmpeg"
#define PACKAGE_VERSION "0.10.13"
#define PACKAGE_STRING "GStreamer Libav 0.10.13"
#define PACKAGE_BUGREPORT "http://bugzilla.gnome.org/enter_bug.cgi?product=GStreamer"
#define PACKAGE_URL ""
#define PACKAGE "gst-ffmpeg"
#define VERSION "0.10.13"
#define STDC_HEADERS 1
#define HAVE_SYS_TYPES_H 1
#define HAVE_SYS_STAT_H 1
#define HAVE_STDLIB_H 1
#define HAVE_STRING_H 1
#define HAVE_MEMORY_H 1
#define HAVE_STRINGS_H 1
#define HAVE_INTTYPES_H 1
#define HAVE_STDINT_H 1
#define HAVE_UNISTD_H 1
#define HAVE_DLFCN_H 1
#define LT_OBJDIR ".libs/"
#define GST_PACKAGE_NAME "GStreamer Libav source release"
#define GST_PACKAGE_ORIGIN "Unknown package origin"
#define HAVE_CPU_I386 1
#define HAVE_RDTSC 1
#define HOST_CPU "i686"
#define STDC_HEADERS 1
#define DISABLE_ORC 1
#define PLUGINDIR "/usr/local/lib/gstreamer-0.10"
#define GST_LEVEL_DEFAULT GST_LEVEL_NONE
#define GST_FFMPEG_ENABLE_LGPL /**/
#define HAVE_AVI_H 1
#define FFMPEG_SOURCE "local snapshot"
#define HAVE_FFMPEG_UNINSTALLED /**/

configure: exit 0
