This file contains any messages produced by compilers while
running configure, to aid debugging if configure makes a mistake.

It was created by gupnp-av configure 0.10.0, which was
generated by GNU Autoconf 2.68.  Invocation command line was

  $ ./configure --host=mipsel-linux --disable-gtk-doc --enable-introspection=no

## --------- ##
## Platform. ##
## --------- ##

hostname = localhost.localdomain
uname -m = i686
uname -r = 3.2.7
uname -s = Linux
uname -v = #8 SMP Wed May 23 17:23:59 CST 2012

/usr/bin/uname -p = unknown
/bin/uname -X     = unknown

/bin/arch              = i686
/usr/bin/arch -k       = unknown
/usr/convex/getsysinfo = unknown
/usr/bin/hostinfo      = unknown
/bin/machine           = unknown
/usr/bin/oslevel       = unknown
/bin/universe          = unknown

PATH: /usr/lib/ccache
PATH: /usr/local/bin
PATH: /usr/bin
PATH: /bin
PATH: /usr/local/sbin
PATH: /usr/sbin
PATH: /sbin
PATH: /usr/local/ARM920T_UC28_GCC336/bin
PATH: /usr/local/MIPS_UC28_GCC336/bin
PATH: /usr/local/X86_UC28_GCC336/bin
PATH: /opt/freescale/usr/local/gcc-4.0.2-glibc-2.3.6-nptl-2/powerpc-e300c3-linux/bin
PATH: /mybin
PATH: /home/vic/.local/bin
PATH: /home/vic/bin
PATH: /opt/brcm/hndtools-mipsel-linux/bin
PATH: /opt/brcm/hndtools-mipsel-uclibc/bin


## ----------- ##
## Core tests. ##
## ----------- ##

configure:2206: checking for a BSD-compatible install
configure:2274: result: /usr/bin/install -c
configure:2285: checking whether build environment is sane
configure:2335: result: yes
configure:2384: checking for mipsel-linux-strip
configure:2411: result: mipsel-linux-strip
configure:2476: checking for a thread-safe mkdir -p
configure:2515: result: /bin/mkdir -p
configure:2528: checking for gawk
configure:2544: found /usr/bin/gawk
configure:2555: result: gawk
configure:2566: checking whether make sets $(MAKE)
configure:2588: result: yes
configure:2697: checking for style of include used by make
configure:2725: result: GNU
configure:2755: checking for mipsel-linux-gcc
configure:2782: result: mipsel-linux-gcc
configure:3051: checking for C compiler version
configure:3060: mipsel-linux-gcc --version >&5
mipsel-linux-gcc (GCC) 4.2.4
Copyright (C) 2007 Free Software Foundation, Inc.
This is free software; see the source for copying conditions.  There is NO
warranty; not even for MERCHANTABILITY or FITNESS FOR A PARTICULAR PURPOSE.

configure:3071: $? = 0
configure:3060: mipsel-linux-gcc -v >&5
Using built-in specs.
Target: mipsel-linux-uclibc
Configured with: /source/asuswrt/toolchain/build_dir/toolchain-mipsel_gcc4.2.4/gcc-4.2.4/configure --prefix=/opt/brcm/hndtools-mipsel-uclibc-4.2.4 --build=i686-redhat-linux --host=i686-redhat-linux --target=mipsel-linux-uclibc --with-gnu-ld --enable-target-optspace --disable-libgomp --disable-libmudflap --disable-multilib --disable-nls --disable-__cxa_atexit --enable-libssp --enable-languages=c,c++ --enable-shared --enable-threads --disable-tls
Thread model: posix
gcc version 4.2.4
configure:3071: $? = 0
configure:3060: mipsel-linux-gcc -V >&5
mipsel-linux-gcc: '-V' option must have argument
configure:3071: $? = 1
configure:3060: mipsel-linux-gcc -qversion >&5
mipsel-linux-gcc: unrecognized option '-qversion'
mipsel-linux-gcc: no input files
configure:3071: $? = 1
configure:3091: checking whether the C compiler works
configure:3113: mipsel-linux-gcc    conftest.c  >&5
configure:3117: $? = 0
configure:3165: result: yes
configure:3168: checking for C compiler default output file name
configure:3170: result: a.out
configure:3176: checking for suffix of executables
configure:3183: mipsel-linux-gcc -o conftest    conftest.c  >&5
configure:3187: $? = 0
configure:3209: result: 
configure:3231: checking whether we are cross compiling
configure:3239: mipsel-linux-gcc -o conftest    conftest.c  >&5
configure:3243: $? = 0
configure:3250: ./conftest
./configure: line 3252: ./conftest: cannot execute binary file
configure:3254: $? = 126
configure:3269: result: yes
configure:3274: checking for suffix of object files
configure:3296: mipsel-linux-gcc -c   conftest.c >&5
configure:3300: $? = 0
configure:3321: result: o
configure:3325: checking whether we are using the GNU C compiler
configure:3344: mipsel-linux-gcc -c   conftest.c >&5
configure:3344: $? = 0
configure:3353: result: yes
configure:3362: checking whether mipsel-linux-gcc accepts -g
configure:3382: mipsel-linux-gcc -c -g  conftest.c >&5
configure:3382: $? = 0
configure:3423: result: yes
configure:3440: checking for mipsel-linux-gcc option to accept ISO C89
configure:3504: mipsel-linux-gcc  -c -g -O2  conftest.c >&5
configure:3504: $? = 0
configure:3517: result: none needed
configure:3539: checking dependency style of mipsel-linux-gcc
configure:3649: result: gcc3
configure:3665: checking for library containing strerror
configure:3696: mipsel-linux-gcc -o conftest -g -O2   conftest.c  >&5
configure:3696: $? = 0
configure:3713: result: none required
configure:3729: checking for mipsel-linux-gcc
configure:3756: result: mipsel-linux-gcc
configure:4025: checking for C compiler version
configure:4034: mipsel-linux-gcc --version >&5
mipsel-linux-gcc (GCC) 4.2.4
Copyright (C) 2007 Free Software Foundation, Inc.
This is free software; see the source for copying conditions.  There is NO
warranty; not even for MERCHANTABILITY or FITNESS FOR A PARTICULAR PURPOSE.

configure:4045: $? = 0
configure:4034: mipsel-linux-gcc -v >&5
Using built-in specs.
Target: mipsel-linux-uclibc
Configured with: /source/asuswrt/toolchain/build_dir/toolchain-mipsel_gcc4.2.4/gcc-4.2.4/configure --prefix=/opt/brcm/hndtools-mipsel-uclibc-4.2.4 --build=i686-redhat-linux --host=i686-redhat-linux --target=mipsel-linux-uclibc --with-gnu-ld --enable-target-optspace --disable-libgomp --disable-libmudflap --disable-multilib --disable-nls --disable-__cxa_atexit --enable-libssp --enable-languages=c,c++ --enable-shared --enable-threads --disable-tls
Thread model: posix
gcc version 4.2.4
configure:4045: $? = 0
configure:4034: mipsel-linux-gcc -V >&5
mipsel-linux-gcc: '-V' option must have argument
configure:4045: $? = 1
configure:4034: mipsel-linux-gcc -qversion >&5
mipsel-linux-gcc: unrecognized option '-qversion'
mipsel-linux-gcc: no input files
configure:4045: $? = 1
configure:4049: checking whether we are using the GNU C compiler
configure:4077: result: yes
configure:4086: checking whether mipsel-linux-gcc accepts -g
configure:4147: result: yes
configure:4164: checking for mipsel-linux-gcc option to accept ISO C89
configure:4241: result: none needed
configure:4263: checking dependency style of mipsel-linux-gcc
configure:4373: result: gcc3
configure:4393: checking how to run the C preprocessor
configure:4424: mipsel-linux-gcc -E  conftest.c
configure:4424: $? = 0
configure:4438: mipsel-linux-gcc -E  conftest.c
conftest.c:11:28: error: ac_nonexistent.h: No such file or directory
configure:4438: $? = 1
configure: failed program was:
| /* confdefs.h */
| #define PACKAGE_NAME "gupnp-av"
| #define PACKAGE_TARNAME "gupnp-av"
| #define PACKAGE_VERSION "0.10.0"
| #define PACKAGE_STRING "gupnp-av 0.10.0"
| #define PACKAGE_BUGREPORT "http://www.gupnp.org/"
| #define PACKAGE_URL ""
| #define PACKAGE "gupnp-av"
| #define VERSION "0.10.0"
| /* end confdefs.h.  */
| #include <ac_nonexistent.h>
configure:4463: result: mipsel-linux-gcc -E
configure:4483: mipsel-linux-gcc -E  conftest.c
configure:4483: $? = 0
configure:4497: mipsel-linux-gcc -E  conftest.c
conftest.c:11:28: error: ac_nonexistent.h: No such file or directory
configure:4497: $? = 1
configure: failed program was:
| /* confdefs.h */
| #define PACKAGE_NAME "gupnp-av"
| #define PACKAGE_TARNAME "gupnp-av"
| #define PACKAGE_VERSION "0.10.0"
| #define PACKAGE_STRING "gupnp-av 0.10.0"
| #define PACKAGE_BUGREPORT "http://www.gupnp.org/"
| #define PACKAGE_URL ""
| #define PACKAGE "gupnp-av"
| #define VERSION "0.10.0"
| /* end confdefs.h.  */
| #include <ac_nonexistent.h>
configure:4526: checking for grep that handles long lines and -e
configure:4584: result: /bin/grep
configure:4589: checking for egrep
configure:4651: result: /bin/grep -E
configure:4656: checking for ANSI C header files
configure:4676: mipsel-linux-gcc -c -g -O2  conftest.c >&5
configure:4676: $? = 0
configure:4760: result: yes
configure:4772: checking build system type
configure:4786: result: i686-pc-linux-gnu
configure:4806: checking host system type
configure:4819: result: mipsel-unknown-linux-gnu
configure:5188: checking how to print strings
configure:5215: result: printf
configure:5236: checking for a sed that does not truncate output
configure:5300: result: /bin/sed
configure:5318: checking for fgrep
configure:5380: result: /bin/grep -F
configure:5415: checking for ld used by mipsel-linux-gcc
configure:5482: result: mipsel-linux-ld
configure:5489: checking if the linker (mipsel-linux-ld) is GNU ld
configure:5504: result: yes
configure:5516: checking for BSD- or MS-compatible name lister (nm)
configure:5565: result: /opt/brcm/hndtools-mipsel-linux/bin/mipsel-linux-nm -B
configure:5695: checking the name lister (/opt/brcm/hndtools-mipsel-linux/bin/mipsel-linux-nm -B) interface
configure:5702: mipsel-linux-gcc -c -g -O2  conftest.c >&5
configure:5705: /opt/brcm/hndtools-mipsel-linux/bin/mipsel-linux-nm -B "conftest.o"
configure:5708: output
00000000 B some_variable
configure:5715: result: BSD nm
configure:5718: checking whether ln -s works
configure:5722: result: yes
configure:5730: checking the maximum length of command line arguments
configure:5855: result: 1572864
configure:5872: checking whether the shell understands some XSI constructs
configure:5882: result: yes
configure:5886: checking whether the shell understands "+="
configure:5892: result: yes
configure:5927: checking how to convert i686-pc-linux-gnu file names to mipsel-unknown-linux-gnu format
configure:5967: result: func_convert_file_noop
configure:5974: checking how to convert i686-pc-linux-gnu file names to toolchain format
configure:5994: result: func_convert_file_noop
configure:6001: checking for mipsel-linux-ld option to reload object files
configure:6008: result: -r
configure:6042: checking for mipsel-linux-objdump
configure:6069: result: objdump
configure:6138: checking how to recognize dependent libraries
configure:6340: result: pass_all
configure:6385: checking for mipsel-linux-dlltool
configure:6412: result: dlltool
configure:6482: checking how to associate runtime and link libraries
configure:6509: result: printf %s\n
configure:6525: checking for mipsel-linux-ar
configure:6552: result: mipsel-linux-ar
configure:6633: checking for archiver @FILE support
configure:6650: mipsel-linux-gcc -c -g -O2  conftest.c >&5
configure:6650: $? = 0
configure:6653: mipsel-linux-ar cru libconftest.a @conftest.lst >&5
configure:6656: $? = 0
configure:6661: mipsel-linux-ar cru libconftest.a @conftest.lst >&5
mipsel-linux-ar: conftest.o: No such file or directory
configure:6664: $? = 1
configure:6676: result: @
configure:6694: checking for mipsel-linux-strip
configure:6721: result: mipsel-linux-strip
configure:6793: checking for mipsel-linux-ranlib
configure:6809: found /opt/brcm/hndtools-mipsel-linux/bin/mipsel-linux-ranlib
configure:6820: result: mipsel-linux-ranlib
configure:6962: checking command to parse /opt/brcm/hndtools-mipsel-linux/bin/mipsel-linux-nm -B output from mipsel-linux-gcc object
configure:7081: mipsel-linux-gcc -c -g -O2  conftest.c >&5
configure:7084: $? = 0
configure:7088: /opt/brcm/hndtools-mipsel-linux/bin/mipsel-linux-nm -B conftest.o \| sed -n -e 's/^.*[ ]\([ABCDGIRSTW][ABCDGIRSTW]*\)[ ][ ]*\([_A-Za-z][_A-Za-z0-9]*\)$/\1 \2 \2/p' | sed '/ __gnu_lto/d' \> conftest.nm
configure:7091: $? = 0
configure:7157: mipsel-linux-gcc -o conftest -g -O2   conftest.c conftstm.o >&5
configure:7160: $? = 0
configure:7198: result: ok
configure:7235: checking for sysroot
configure:7265: result: no
configure:7468: checking for mipsel-linux-mt
configure:7498: result: no
configure:7508: checking for mt
configure:7538: result: no
configure:7558: checking if : is a manifest tool
configure:7564: : '-?'
configure:7572: result: no
configure:8204: checking for sys/types.h
configure:8204: mipsel-linux-gcc -c -g -O2  conftest.c >&5
configure:8204: $? = 0
configure:8204: result: yes
configure:8204: checking for sys/stat.h
configure:8204: mipsel-linux-gcc -c -g -O2  conftest.c >&5
configure:8204: $? = 0
configure:8204: result: yes
configure:8204: checking for stdlib.h
configure:8204: mipsel-linux-gcc -c -g -O2  conftest.c >&5
configure:8204: $? = 0
configure:8204: result: yes
configure:8204: checking for string.h
configure:8204: mipsel-linux-gcc -c -g -O2  conftest.c >&5
configure:8204: $? = 0
configure:8204: result: yes
configure:8204: checking for memory.h
configure:8204: mipsel-linux-gcc -c -g -O2  conftest.c >&5
configure:8204: $? = 0
configure:8204: result: yes
configure:8204: checking for strings.h
configure:8204: mipsel-linux-gcc -c -g -O2  conftest.c >&5
configure:8204: $? = 0
configure:8204: result: yes
configure:8204: checking for inttypes.h
configure:8204: mipsel-linux-gcc -c -g -O2  conftest.c >&5
configure:8204: $? = 0
configure:8204: result: yes
configure:8204: checking for stdint.h
configure:8204: mipsel-linux-gcc -c -g -O2  conftest.c >&5
configure:8204: $? = 0
configure:8204: result: yes
configure:8204: checking for unistd.h
configure:8204: mipsel-linux-gcc -c -g -O2  conftest.c >&5
configure:8204: $? = 0
configure:8204: result: yes
configure:8218: checking for dlfcn.h
configure:8218: mipsel-linux-gcc -c -g -O2  conftest.c >&5
configure:8218: $? = 0
configure:8218: result: yes
configure:8403: checking for objdir
configure:8418: result: .libs
configure:8689: checking if mipsel-linux-gcc supports -fno-rtti -fno-exceptions
configure:8707: mipsel-linux-gcc -c -g -O2  -fno-rtti -fno-exceptions conftest.c >&5
cc1: warning: command line option "-fno-rtti" is valid for C++/ObjC++ but not for C
configure:8711: $? = 0
configure:8724: result: no
configure:9034: checking for mipsel-linux-gcc option to produce PIC
configure:9041: result: -fPIC -DPIC
configure:9049: checking if mipsel-linux-gcc PIC flag -fPIC -DPIC works
configure:9067: mipsel-linux-gcc -c -g -O2  -fPIC -DPIC -DPIC conftest.c >&5
configure:9071: $? = 0
configure:9084: result: yes
configure:9113: checking if mipsel-linux-gcc static flag -static works
configure:9141: result: yes
configure:9156: checking if mipsel-linux-gcc supports -c -o file.o
configure:9177: mipsel-linux-gcc -c -g -O2  -o out/conftest2.o conftest.c >&5
configure:9181: $? = 0
configure:9203: result: yes
configure:9211: checking if mipsel-linux-gcc supports -c -o file.o
configure:9258: result: yes
configure:9291: checking whether the mipsel-linux-gcc linker (mipsel-linux-ld) supports shared libraries
configure:10449: result: yes
configure:10486: checking whether -lc should be explicitly linked in
configure:10494: mipsel-linux-gcc -c -g -O2  conftest.c >&5
configure:10497: $? = 0
configure:10512: mipsel-linux-gcc -shared  -fPIC -DPIC conftest.o  -v -Wl,-soname -Wl,conftest -o conftest 2\>\&1 \| /bin/grep  -lc  \>/dev/null 2\>\&1
configure:10515: $? = 0
configure:10529: result: no
configure:10694: checking dynamic linker characteristics
configure:11208: mipsel-linux-gcc -o conftest -g -O2   -Wl,-rpath -Wl,/foo conftest.c  >&5
configure:11208: $? = 0
configure:11434: result: GNU/Linux ld.so
configure:11541: checking how to hardcode library paths into programs
configure:11566: result: immediate
configure:12106: checking whether stripping libraries is possible
configure:12111: result: yes
configure:12146: checking if libtool supports shared libraries
configure:12148: result: yes
configure:12151: checking whether to build shared libraries
configure:12172: result: yes
configure:12175: checking whether to build static libraries
configure:12179: result: yes
configure:12221: checking for stdlib.h
configure:12221: result: yes
configure:12221: checking for unistd.h
configure:12221: result: yes
configure:12221: checking for sys/param.h
configure:12221: mipsel-linux-gcc -c -g -O2  conftest.c >&5
configure:12221: $? = 0
configure:12221: result: yes
configure:12241: checking for getpagesize
configure:12241: mipsel-linux-gcc -o conftest -g -O2   conftest.c  >&5
configure:12241: $? = 0
configure:12241: result: yes
configure:12250: checking for working mmap
configure:12407: result: no
configure:12427: checking for mipsel-linux-pkg-config
configure:12460: result: no
configure:12470: checking for pkg-config
configure:12488: found /usr/bin/pkg-config
configure:12500: result: /usr/bin/pkg-config
configure:12512: WARNING: using cross tools not prefixed with host triplet
configure:12525: checking pkg-config is at least version 0.9.0
configure:12528: result: yes
configure:12538: checking for LIBGUPNP
configure:12623: result: yes
configure:12655: checking for gobject-introspection
configure:12700: result: no (disabled, use --enable-introspection to enable)
configure:12743: checking for gtkdoc-check
configure:12761: found /usr/bin/gtkdoc-check
configure:12773: result: /usr/bin/gtkdoc-check
configure:12785: checking for gtkdoc-rebase
configure:12803: found /usr/bin/gtkdoc-rebase
configure:12815: result: /usr/bin/gtkdoc-rebase
configure:12829: checking for gtkdoc-mkpdf
configure:12847: found /usr/bin/gtkdoc-mkpdf
configure:12859: result: /usr/bin/gtkdoc-mkpdf
configure:12993: checking whether to build gtk-doc documentation
configure:12995: result: no
configure:13220: creating ./config.status

## ---------------------- ##
## Running config.status. ##
## ---------------------- ##

This file was extended by gupnp-av config.status 0.10.0, which was
generated by GNU Autoconf 2.68.  Invocation command line was

  CONFIG_FILES    = 
  CONFIG_HEADERS  = 
  CONFIG_LINKS    = 
  CONFIG_COMMANDS = 
  $ ./config.status 

on localhost.localdomain

config.status:1136: creating Makefile
config.status:1136: creating libgupnp-av/Makefile
config.status:1136: creating tests/Makefile
config.status:1136: creating doc/Makefile
config.status:1136: creating doc/version.xml
config.status:1136: creating gupnp-av-1.0.pc
config.status:1136: creating gupnp-av-1.0-uninstalled.pc
config.status:1136: creating config.h
config.status:1317: config.h is unchanged
config.status:1365: executing depfiles commands
config.status:1365: executing libtool commands

## ---------------- ##
## Cache variables. ##
## ---------------- ##

ac_cv_build=i686-pc-linux-gnu
ac_cv_c_compiler_gnu=yes
ac_cv_env_CC_set=set
ac_cv_env_CC_value=mipsel-linux-gcc
ac_cv_env_CFLAGS_set=
ac_cv_env_CFLAGS_value=
ac_cv_env_CPPFLAGS_set=
ac_cv_env_CPPFLAGS_value=
ac_cv_env_CPP_set=
ac_cv_env_CPP_value=
ac_cv_env_GTKDOC_DEPS_CFLAGS_set=
ac_cv_env_GTKDOC_DEPS_CFLAGS_value=
ac_cv_env_GTKDOC_DEPS_LIBS_set=
ac_cv_env_GTKDOC_DEPS_LIBS_value=
ac_cv_env_LDFLAGS_set=
ac_cv_env_LDFLAGS_value=
ac_cv_env_LIBGUPNP_CFLAGS_set=set
ac_cv_env_LIBGUPNP_CFLAGS_value='-I$(GLIBROOT) -I$(GLIBROOT)/glib -I$(GLIBROOT)/gmodule -I$(LIBSOUPROOT) -I$(GSSDPROOT) -I$(XML2ROOT) -I$(XML2ROOT)/include -I$(GUPNPROOT)'
ac_cv_env_LIBGUPNP_LIBS_set=set
ac_cv_env_LIBGUPNP_LIBS_value='-L$(GLIBROOT)/glib/.libs -L$(LIBSOUPROOT)/libsoup/.libs -L$(GSSDPROOT)/libgssdp/.libs -L$(XML2ROOT)/.libs -L$(GUPNPROOT)/libgupnp/.libs'
ac_cv_env_LIBS_set=
ac_cv_env_LIBS_value=
ac_cv_env_PKG_CONFIG_LIBDIR_set=
ac_cv_env_PKG_CONFIG_LIBDIR_value=
ac_cv_env_PKG_CONFIG_PATH_set=
ac_cv_env_PKG_CONFIG_PATH_value=
ac_cv_env_PKG_CONFIG_set=
ac_cv_env_PKG_CONFIG_value=
ac_cv_env_build_alias_set=
ac_cv_env_build_alias_value=
ac_cv_env_host_alias_set=set
ac_cv_env_host_alias_value=mipsel-linux
ac_cv_env_target_alias_set=
ac_cv_env_target_alias_value=
ac_cv_func_getpagesize=yes
ac_cv_func_mmap_fixed_mapped=no
ac_cv_header_dlfcn_h=yes
ac_cv_header_inttypes_h=yes
ac_cv_header_memory_h=yes
ac_cv_header_stdc=yes
ac_cv_header_stdint_h=yes
ac_cv_header_stdlib_h=yes
ac_cv_header_string_h=yes
ac_cv_header_strings_h=yes
ac_cv_header_sys_param_h=yes
ac_cv_header_sys_stat_h=yes
ac_cv_header_sys_types_h=yes
ac_cv_header_unistd_h=yes
ac_cv_host=mipsel-unknown-linux-gnu
ac_cv_objext=o
ac_cv_path_EGREP='/bin/grep -E'
ac_cv_path_FGREP='/bin/grep -F'
ac_cv_path_GREP=/bin/grep
ac_cv_path_GTKDOC_CHECK=/usr/bin/gtkdoc-check
ac_cv_path_GTKDOC_MKPDF=/usr/bin/gtkdoc-mkpdf
ac_cv_path_GTKDOC_REBASE=/usr/bin/gtkdoc-rebase
ac_cv_path_SED=/bin/sed
ac_cv_path_ac_pt_PKG_CONFIG=/usr/bin/pkg-config
ac_cv_path_install='/usr/bin/install -c'
ac_cv_path_mkdir=/bin/mkdir
ac_cv_prog_AR=mipsel-linux-ar
ac_cv_prog_AWK=gawk
ac_cv_prog_CC=mipsel-linux-gcc
ac_cv_prog_CPP='mipsel-linux-gcc -E'
ac_cv_prog_DLLTOOL=dlltool
ac_cv_prog_OBJDUMP=objdump
ac_cv_prog_RANLIB=mipsel-linux-ranlib
ac_cv_prog_STRIP=mipsel-linux-strip
ac_cv_prog_cc_c89=
ac_cv_prog_cc_g=yes
ac_cv_prog_make_make_set=yes
ac_cv_search_strerror='none required'
am_cv_CC_dependencies_compiler_type=gcc3
lt_cv_ar_at_file=@
lt_cv_archive_cmds_need_lc=no
lt_cv_deplibs_check_method=pass_all
lt_cv_file_magic_cmd='$MAGIC_CMD'
lt_cv_file_magic_test_file=
lt_cv_ld_reload_flag=-r
lt_cv_nm_interface='BSD nm'
lt_cv_objdir=.libs
lt_cv_path_LD=mipsel-linux-ld
lt_cv_path_NM='/opt/brcm/hndtools-mipsel-linux/bin/mipsel-linux-nm -B'
lt_cv_path_mainfest_tool=no
lt_cv_prog_compiler_c_o=yes
lt_cv_prog_compiler_pic='-fPIC -DPIC'
lt_cv_prog_compiler_pic_works=yes
lt_cv_prog_compiler_rtti_exceptions=no
lt_cv_prog_compiler_static_works=yes
lt_cv_prog_gnu_ld=yes
lt_cv_sharedlib_from_linklib_cmd='printf %s\n'
lt_cv_shlibpath_overrides_runpath=no
lt_cv_sys_global_symbol_pipe='sed -n -e '\''s/^.*[	 ]\([ABCDGIRSTW][ABCDGIRSTW]*\)[	 ][	 ]*\([_A-Za-z][_A-Za-z0-9]*\)$/\1 \2 \2/p'\'' | sed '\''/ __gnu_lto/d'\'''
lt_cv_sys_global_symbol_to_c_name_address='sed -n -e '\''s/^: \([^ ]*\)[ ]*$/  {\"\1\", (void *) 0},/p'\'' -e '\''s/^[ABCDGIRSTW]* \([^ ]*\) \([^ ]*\)$/  {"\2", (void *) \&\2},/p'\'''
lt_cv_sys_global_symbol_to_c_name_address_lib_prefix='sed -n -e '\''s/^: \([^ ]*\)[ ]*$/  {\"\1\", (void *) 0},/p'\'' -e '\''s/^[ABCDGIRSTW]* \([^ ]*\) \(lib[^ ]*\)$/  {"\2", (void *) \&\2},/p'\'' -e '\''s/^[ABCDGIRSTW]* \([^ ]*\) \([^ ]*\)$/  {"lib\2", (void *) \&\2},/p'\'''
lt_cv_sys_global_symbol_to_cdecl='sed -n -e '\''s/^T .* \(.*\)$/extern int \1();/p'\'' -e '\''s/^[ABCDGIRSTW]* .* \(.*\)$/extern char \1;/p'\'''
lt_cv_sys_max_cmd_len=1572864
lt_cv_to_host_file_cmd=func_convert_file_noop
lt_cv_to_tool_file_cmd=func_convert_file_noop
pkg_cv_LIBGUPNP_CFLAGS='-I$(GLIBROOT) -I$(GLIBROOT)/glib -I$(GLIBROOT)/gmodule -I$(LIBSOUPROOT) -I$(GSSDPROOT) -I$(XML2ROOT) -I$(XML2ROOT)/include -I$(GUPNPROOT)'
pkg_cv_LIBGUPNP_LIBS='-L$(GLIBROOT)/glib/.libs -L$(LIBSOUPROOT)/libsoup/.libs -L$(GSSDPROOT)/libgssdp/.libs -L$(XML2ROOT)/.libs -L$(GUPNPROOT)/libgupnp/.libs'

## ----------------- ##
## Output variables. ##
## ----------------- ##

ACLOCAL='${SHELL} $(GUPNP_AV_ROOT)/missing --run aclocal-1.11'
AMDEPBACKSLASH='\'
AMDEP_FALSE='#'
AMDEP_TRUE=''
AMTAR='${SHELL} $(GUPNP_AV_ROOT)/missing --run tar'
AM_BACKSLASH='\'
AM_DEFAULT_VERBOSITY='0'
AR='mipsel-linux-ar'
AS='as'
AUTOCONF='${SHELL} $(GUPNP_AV_ROOT)/missing --run autoconf'
AUTOHEADER='${SHELL} $(GUPNP_AV_ROOT)/missing --run autoheader'
AUTOMAKE='${SHELL} $(GUPNP_AV_ROOT)/missing --run automake-1.11'
AWK='gawk'
CC='mipsel-linux-gcc'
CCDEPMODE='depmode=gcc3'
CFLAGS='-g -O2'
CPP='mipsel-linux-gcc -E'
CPPFLAGS=''
CYGPATH_W='echo'
DEFS='-DHAVE_CONFIG_H'
DEPDIR='.deps'
DLLTOOL='dlltool'
DSYMUTIL=''
DUMPBIN=''
ECHO_C=''
ECHO_N='-n'
ECHO_T=''
EGREP='/bin/grep -E'
ENABLE_GTK_DOC_FALSE=''
ENABLE_GTK_DOC_TRUE='#'
EXEEXT=''
FGREP='/bin/grep -F'
GLIB_GENMARSHAL='glib-genmarshal'
GREP='/bin/grep'
GTKDOC_CHECK='/usr/bin/gtkdoc-check'
GTKDOC_DEPS_CFLAGS=''
GTKDOC_DEPS_LIBS=''
GTKDOC_MKPDF='/usr/bin/gtkdoc-mkpdf'
GTKDOC_REBASE='/usr/bin/gtkdoc-rebase'
GTK_DOC_BUILD_HTML_FALSE='#'
GTK_DOC_BUILD_HTML_TRUE=''
GTK_DOC_BUILD_PDF_FALSE=''
GTK_DOC_BUILD_PDF_TRUE='#'
GTK_DOC_USE_LIBTOOL_FALSE='#'
GTK_DOC_USE_LIBTOOL_TRUE=''
GTK_DOC_USE_REBASE_FALSE='#'
GTK_DOC_USE_REBASE_TRUE=''
HAVE_INTROSPECTION_FALSE=''
HAVE_INTROSPECTION_TRUE='#'
HTML_DIR='${datadir}/gtk-doc/html'
INSTALL_DATA='${INSTALL} -m 644'
INSTALL_PROGRAM='${INSTALL}'
INSTALL_SCRIPT='${INSTALL}'
INSTALL_STRIP_PROGRAM='$(install_sh) -c -s'
INTROSPECTION_CFLAGS=''
INTROSPECTION_COMPILER=''
INTROSPECTION_GENERATE=''
INTROSPECTION_GIRDIR=''
INTROSPECTION_LIBS=''
INTROSPECTION_MAKEFILE=''
INTROSPECTION_SCANNER=''
INTROSPECTION_TYPELIBDIR=''
LD='mipsel-linux-ld'
LDFLAGS=''
LIBGUPNP_CFLAGS='-I$(GLIBROOT) -I$(GLIBROOT)/glib -I$(GLIBROOT)/gmodule -I$(LIBSOUPROOT) -I$(GSSDPROOT) -I$(XML2ROOT) -I$(XML2ROOT)/include -I$(GUPNPROOT)'
LIBGUPNP_LIBS='-L$(GLIBROOT)/glib/.libs -L$(LIBSOUPROOT)/libsoup/.libs -L$(GSSDPROOT)/libgssdp/.libs -L$(XML2ROOT)/.libs -L$(GUPNPROOT)/libgupnp/.libs'
LIBOBJS=''
LIBS=''
LIBTOOL='$(SHELL) $(top_builddir)/libtool'
LIPO=''
LN_S='ln -s'
LTLIBOBJS=''
MAKEINFO='${SHELL} $(GUPNP_AV_ROOT)/missing --run makeinfo'
MANIFEST_TOOL=':'
MKDIR_P='/bin/mkdir -p'
NM='/opt/brcm/hndtools-mipsel-linux/bin/mipsel-linux-nm -B'
NMEDIT=''
OBJDUMP='objdump'
OBJEXT='o'
OTOOL64=''
OTOOL=''
PACKAGE='gupnp-av'
PACKAGE_BUGREPORT='http://www.gupnp.org/'
PACKAGE_NAME='gupnp-av'
PACKAGE_STRING='gupnp-av 0.10.0'
PACKAGE_TARNAME='gupnp-av'
PACKAGE_URL=''
PACKAGE_VERSION='0.10.0'
PATH_SEPARATOR=':'
PKG_CONFIG='/usr/bin/pkg-config'
PKG_CONFIG_LIBDIR=''
PKG_CONFIG_PATH=''
RANLIB='mipsel-linux-ranlib'
SED='/bin/sed'
SET_MAKE=''
SHELL='/bin/sh'
STRIP='mipsel-linux-strip'
VERSION='0.10.0'
ac_ct_AR=''
ac_ct_CC=''
ac_ct_DUMPBIN=''
am__EXEEXT_FALSE=''
am__EXEEXT_TRUE='#'
am__fastdepCC_FALSE='#'
am__fastdepCC_TRUE=''
am__include='include'
am__isrc=''
am__leading_dot='.'
am__quote=''
am__tar='${AMTAR} chof - "$$tardir"'
am__untar='${AMTAR} xf -'
bindir='${exec_prefix}/bin'
build='i686-pc-linux-gnu'
build_alias=''
build_cpu='i686'
build_os='linux-gnu'
build_vendor='pc'
datadir='${datarootdir}'
datarootdir='${prefix}/share'
docdir='${datarootdir}/doc/${PACKAGE_TARNAME}'
dvidir='${docdir}'
exec_prefix='${prefix}'
host='mipsel-unknown-linux-gnu'
host_alias='mipsel-linux'
host_cpu='mipsel'
host_os='linux-gnu'
host_vendor='unknown'
htmldir='${docdir}'
includedir='${prefix}/include'
infodir='${datarootdir}/info'
install_sh='${SHELL} $(GUPNP_AV_ROOT)/install-sh'
libdir='${exec_prefix}/lib'
libexecdir='${exec_prefix}/libexec'
localedir='${datarootdir}/locale'
localstatedir='${prefix}/var'
mandir='${datarootdir}/man'
mkdir_p='/bin/mkdir -p'
oldincludedir='/usr/include'
pdfdir='${docdir}'
prefix='/usr/local'
program_transform_name='s,x,x,'
psdir='${docdir}'
sbindir='${exec_prefix}/sbin'
sharedstatedir='${prefix}/com'
sysconfdir='${prefix}/etc'
target_alias=''

## ----------- ##
## confdefs.h. ##
## ----------- ##

/* confdefs.h */
#define PACKAGE_NAME "gupnp-av"
#define PACKAGE_TARNAME "gupnp-av"
#define PACKAGE_VERSION "0.10.0"
#define PACKAGE_STRING "gupnp-av 0.10.0"
#define PACKAGE_BUGREPORT "http://www.gupnp.org/"
#define PACKAGE_URL ""
#define PACKAGE "gupnp-av"
#define VERSION "0.10.0"
#define STDC_HEADERS 1
#define HAVE_SYS_TYPES_H 1
#define HAVE_SYS_STAT_H 1
#define HAVE_STDLIB_H 1
#define HAVE_STRING_H 1
#define HAVE_MEMORY_H 1
#define HAVE_STRINGS_H 1
#define HAVE_INTTYPES_H 1
#define HAVE_STDINT_H 1
#define HAVE_UNISTD_H 1
#define HAVE_DLFCN_H 1
#define LT_OBJDIR ".libs/"
#define HAVE_STDLIB_H 1
#define HAVE_UNISTD_H 1
#define HAVE_SYS_PARAM_H 1
#define HAVE_GETPAGESIZE 1

configure: exit 0
