This file contains any messages produced by compilers while
running configure, to aid debugging if configure makes a mistake.

It was created by libupnp configure 1.3.1, which was
generated by GNU Autoconf 2.69.  Invocation command line was

  $ ./configure --host=mipsel-linux

## --------- ##
## Platform. ##
## --------- ##

hostname = cs-6000-devshell-vm-1004102d-29d1-4a86-bd0d-9a35e9a39b56
uname -m = x86_64
uname -r = 4.14.111+
uname -s = Linux
uname -v = #1 SMP Sat Jun 22 23:33:41 PDT 2019

/usr/bin/uname -p = unknown
/bin/uname -X     = unknown

/bin/arch              = unknown
/usr/bin/arch -k       = unknown
/usr/convex/getsysinfo = unknown
/usr/bin/hostinfo      = unknown
/bin/machine           = unknown
/usr/bin/oslevel       = unknown
/bin/universe          = unknown

PATH: /home/prokascc/gopath/bin
PATH: /google/gopath/bin
PATH: /google/google-cloud-sdk/bin
PATH: /usr/local/go/bin
PATH: /opt/gradle/bin
PATH: /opt/maven/bin
PATH: /usr/local/sbin
PATH: /usr/local/bin
PATH: /usr/sbin
PATH: /usr/bin
PATH: /sbin
PATH: /bin
PATH: /usr/local/nvm/versions/node/v10.14.2/bin
PATH: /google/go_appengine
PATH: /google/google_appengine
PATH: /home/prokascc/Source/tools


## ----------- ##
## Core tests. ##
## ----------- ##

configure:2773: checking for a BSD-compatible install
configure:2841: result: /usr/bin/install -c
configure:2852: checking whether build environment is sane
configure:2889: result: yes
configure:2951: checking for gawk
configure:2981: result: no
configure:2951: checking for mawk
configure:2967: found /usr/bin/mawk
configure:2978: result: mawk
configure:2989: checking whether make sets $(MAKE)
configure:3011: result: yes
configure:3085: checking for mipsel-linux-strip
configure:3115: result: no
configure:3125: checking for strip
configure:3141: found /usr/bin/strip
configure:3152: result: strip
configure:3235: checking for --enable-debug
configure:3243: result: no
configure:3277: checking for --enable-client
configure:3285: result: yes
configure:3305: checking for --enable-device
configure:3313: result: yes
configure:3336: checking for --enable-webserver
configure:3344: result: yes
configure:3375: checking for --enable-tools
configure:3383: result: yes
configure:3414: checking for mipsel-linux-gcc
configure:3441: result: /opt/buildroot-gcc342/bin/mipsel-linux-gcc
configure:3710: checking for C compiler version
configure:3719: /opt/buildroot-gcc342/bin/mipsel-linux-gcc --version >&5
mipsel-linux-gcc (GCC) 3.4.2
Copyright (C) 2004 Free Software Foundation, Inc.
This is free software; see the source for copying conditions.  There is NO
warranty; not even for MERCHANTABILITY or FITNESS FOR A PARTICULAR PURPOSE.

configure:3730: $? = 0
configure:3719: /opt/buildroot-gcc342/bin/mipsel-linux-gcc -v >&5
Reading specs from /opt/buildroot-gcc342/bin/../lib/gcc/mipsel-linux-uclibc/3.4.2/specs
Configured with: /home/winfred/RT288x_SDK/toolchain/buildroot/toolchain_build_mipsel/gcc-3.4.2/configure --prefix=/home/winfred/RT288x_SDK/toolchain/buildroot-gdb --build=i386-pc-linux-gnu --host=i386-pc-linux-gnu --target=mipsel-linux-uclibc --enable-languages=c,c++ --disable-__cxa_atexit --enable-target-optspace --with-gnu-ld --disable-shared --disable-nls --enable-threads --enable-multilib --enable-sjlj-exceptions : (reconfigured) /home/winfred/RT288x_SDK/toolchain/buildroot/toolchain_build_mipsel/gcc-3.4.2/configure --prefix=/home/winfred/RT288x_SDK/toolchain/buildroot-gdb --build=i386-pc-linux-gnu --host=i386-pc-linux-gnu --target=mipsel-linux-uclibc --enable-languages=c,c++ --disable-__cxa_atexit --enable-target-optspace --with-gnu-ld --disable-shared --disable-nls --enable-threads --enable-multilib --enable-sjlj-exceptions
Thread model: posix
gcc version 3.4.2
configure:3730: $? = 0
configure:3719: /opt/buildroot-gcc342/bin/mipsel-linux-gcc -V >&5
mipsel-linux-gcc: `-V' option must have argument
configure:3730: $? = 1
configure:3719: /opt/buildroot-gcc342/bin/mipsel-linux-gcc -qversion >&5
mipsel-linux-gcc: unrecognized option `-qversion'
mipsel-linux-gcc: no input files
configure:3730: $? = 1
configure:3750: checking whether the C compiler works
configure:3772: /opt/buildroot-gcc342/bin/mipsel-linux-gcc    conftest.c  >&5
configure:3776: $? = 0
configure:3824: result: yes
configure:3827: checking for C compiler default output file name
configure:3829: result: a.out
configure:3835: checking for suffix of executables
configure:3842: /opt/buildroot-gcc342/bin/mipsel-linux-gcc -o conftest    conftest.c  >&5
configure:3846: $? = 0
configure:3868: result: 
configure:3890: checking whether we are cross compiling
configure:3898: /opt/buildroot-gcc342/bin/mipsel-linux-gcc -o conftest    conftest.c  >&5
configure:3902: $? = 0
configure:3909: ./conftest
./configure: line 3911: ./conftest: cannot execute binary file: Exec format error
configure:3913: $? = 126
configure:3928: result: yes
configure:3933: checking for suffix of object files
configure:3955: /opt/buildroot-gcc342/bin/mipsel-linux-gcc -c   conftest.c >&5
configure:3959: $? = 0
configure:3980: result: o
configure:3984: checking whether we are using the GNU C compiler
configure:4003: /opt/buildroot-gcc342/bin/mipsel-linux-gcc -c   conftest.c >&5
configure:4003: $? = 0
configure:4012: result: yes
configure:4021: checking whether /opt/buildroot-gcc342/bin/mipsel-linux-gcc accepts -g
configure:4041: /opt/buildroot-gcc342/bin/mipsel-linux-gcc -c -g  conftest.c >&5
configure:4041: $? = 0
configure:4082: result: yes
configure:4099: checking for /opt/buildroot-gcc342/bin/mipsel-linux-gcc option to accept ISO C89
configure:4162: /opt/buildroot-gcc342/bin/mipsel-linux-gcc  -c   conftest.c >&5
configure:4162: $? = 0
configure:4175: result: none needed
configure:4206: checking for style of include used by make
configure:4234: result: GNU
configure:4262: checking dependency style of /opt/buildroot-gcc342/bin/mipsel-linux-gcc
configure:4352: result: gcc3
configure:4370: checking whether /opt/buildroot-gcc342/bin/mipsel-linux-gcc and cc understand -c and -o together
configure:4401: /opt/buildroot-gcc342/bin/mipsel-linux-gcc -c conftest.c -o conftest2.o >&5
configure:4405: $? = 0
configure:4411: /opt/buildroot-gcc342/bin/mipsel-linux-gcc -c conftest.c -o conftest2.o >&5
configure:4415: $? = 0
configure:4426: cc -c conftest.c >&5
configure:4430: $? = 0
configure:4438: cc -c conftest.c -o conftest2.o >&5
configure:4442: $? = 0
configure:4448: cc -c conftest.c -o conftest2.o >&5
configure:4452: $? = 0
configure:4470: result: yes
configure:4569: checking build system type
configure:4583: result: x86_64-unknown-linux-gnu
configure:4603: checking host system type
configure:4616: result: mipsel-unknown-linux-gnu
configure:4636: checking for a sed that does not truncate output
configure:4690: result: /bin/sed
configure:4693: checking for grep that handles long lines and -e
configure:4751: result: /bin/grep
configure:4756: checking for egrep
configure:4818: result: /bin/grep -E
configure:4834: checking for ld used by /opt/buildroot-gcc342/bin/mipsel-linux-gcc
configure:4901: result: /opt/buildroot-gcc342/bin/mipsel-linux-ld
configure:4908: checking if the linker (/opt/buildroot-gcc342/bin/mipsel-linux-ld) is GNU ld
configure:4923: result: yes
configure:4928: checking for /opt/buildroot-gcc342/bin/mipsel-linux-ld option to reload object files
configure:4935: result: -r
configure:4944: checking for BSD-compatible nm
configure:4986: result: "/opt/buildroot-gcc342/bin"/mipsel-linux-uclibc-nm
configure:4990: checking whether ln -s works
configure:4994: result: yes
configure:5001: checking how to recognise dependent libraries
configure:5184: result: pass_all
configure:5375: checking how to run the C preprocessor
configure:5406: /opt/buildroot-gcc342/bin/mipsel-linux-gcc -E  conftest.c
configure:5406: $? = 0
configure:5420: /opt/buildroot-gcc342/bin/mipsel-linux-gcc -E  conftest.c
conftest.c:21:28: ac_nonexistent.h: No such file or directory
configure:5420: $? = 1
configure: failed program was:
| /* confdefs.h */
| #define PACKAGE_NAME "libupnp"
| #define PACKAGE_TARNAME "libupnp"
| #define PACKAGE_VERSION "1.3.1"
| #define PACKAGE_STRING "libupnp 1.3.1"
| #define PACKAGE_BUGREPORT "r3mi@users.sourceforge.net"
| #define PACKAGE_URL ""
| #define PACKAGE "libupnp"
| #define VERSION "1.3.1"
| #define UPNP_VERSION_STRING "1.3.1"
| #define UPNP_VERSION_MAJOR 1
| #define UPNP_VERSION_MINOR 3
| #define UPNP_VERSION_PATCH 1
| #define NO_DEBUG 1
| #define NDEBUG 1
| #define UPNP_HAVE_CLIENT 1
| #define UPNP_HAVE_DEVICE 1
| #define UPNP_HAVE_WEBSERVER 1
| #define UPNP_HAVE_TOOLS 1
| /* end confdefs.h.  */
| #include <ac_nonexistent.h>
configure:5445: result: /opt/buildroot-gcc342/bin/mipsel-linux-gcc -E
configure:5465: /opt/buildroot-gcc342/bin/mipsel-linux-gcc -E  conftest.c
configure:5465: $? = 0
configure:5479: /opt/buildroot-gcc342/bin/mipsel-linux-gcc -E  conftest.c
conftest.c:21:28: ac_nonexistent.h: No such file or directory
configure:5479: $? = 1
configure: failed program was:
| /* confdefs.h */
| #define PACKAGE_NAME "libupnp"
| #define PACKAGE_TARNAME "libupnp"
| #define PACKAGE_VERSION "1.3.1"
| #define PACKAGE_STRING "libupnp 1.3.1"
| #define PACKAGE_BUGREPORT "r3mi@users.sourceforge.net"
| #define PACKAGE_URL ""
| #define PACKAGE "libupnp"
| #define VERSION "1.3.1"
| #define UPNP_VERSION_STRING "1.3.1"
| #define UPNP_VERSION_MAJOR 1
| #define UPNP_VERSION_MINOR 3
| #define UPNP_VERSION_PATCH 1
| #define NO_DEBUG 1
| #define NDEBUG 1
| #define UPNP_HAVE_CLIENT 1
| #define UPNP_HAVE_DEVICE 1
| #define UPNP_HAVE_WEBSERVER 1
| #define UPNP_HAVE_TOOLS 1
| /* end confdefs.h.  */
| #include <ac_nonexistent.h>
configure:5508: checking for ANSI C header files
configure:5528: /opt/buildroot-gcc342/bin/mipsel-linux-gcc -c   conftest.c >&5
configure:5528: $? = 0
configure:5612: result: yes
configure:5625: checking for sys/types.h
configure:5625: /opt/buildroot-gcc342/bin/mipsel-linux-gcc -c   conftest.c >&5
configure:5625: $? = 0
configure:5625: result: yes
configure:5625: checking for sys/stat.h
configure:5625: /opt/buildroot-gcc342/bin/mipsel-linux-gcc -c   conftest.c >&5
configure:5625: $? = 0
configure:5625: result: yes
configure:5625: checking for stdlib.h
configure:5625: /opt/buildroot-gcc342/bin/mipsel-linux-gcc -c   conftest.c >&5
configure:5625: $? = 0
configure:5625: result: yes
configure:5625: checking for string.h
configure:5625: /opt/buildroot-gcc342/bin/mipsel-linux-gcc -c   conftest.c >&5
configure:5625: $? = 0
configure:5625: result: yes
configure:5625: checking for memory.h
configure:5625: /opt/buildroot-gcc342/bin/mipsel-linux-gcc -c   conftest.c >&5
configure:5625: $? = 0
configure:5625: result: yes
configure:5625: checking for strings.h
configure:5625: /opt/buildroot-gcc342/bin/mipsel-linux-gcc -c   conftest.c >&5
configure:5625: $? = 0
configure:5625: result: yes
configure:5625: checking for inttypes.h
configure:5625: /opt/buildroot-gcc342/bin/mipsel-linux-gcc -c   conftest.c >&5
configure:5625: $? = 0
configure:5625: result: yes
configure:5625: checking for stdint.h
configure:5625: /opt/buildroot-gcc342/bin/mipsel-linux-gcc -c   conftest.c >&5
configure:5625: $? = 0
configure:5625: result: yes
configure:5625: checking for unistd.h
configure:5625: /opt/buildroot-gcc342/bin/mipsel-linux-gcc -c   conftest.c >&5
configure:5625: $? = 0
configure:5625: result: yes
configure:5639: checking dlfcn.h usability
configure:5639: /opt/buildroot-gcc342/bin/mipsel-linux-gcc -c   conftest.c >&5
configure:5639: $? = 0
configure:5639: result: yes
configure:5639: checking dlfcn.h presence
configure:5639: /opt/buildroot-gcc342/bin/mipsel-linux-gcc -E  conftest.c
configure:5639: $? = 0
configure:5639: result: yes
configure:5639: checking for dlfcn.h
configure:5639: result: yes
configure:5663: checking for mipsel-linux-g++
configure:5693: result: no
configure:5663: checking for mipsel-linux-c++
configure:5693: result: no
configure:5663: checking for mipsel-linux-gpp
configure:5693: result: no
configure:5663: checking for mipsel-linux-aCC
configure:5693: result: no
configure:5663: checking for mipsel-linux-CC
configure:5693: result: no
configure:5663: checking for mipsel-linux-cxx
configure:5693: result: no
configure:5663: checking for mipsel-linux-cc++
configure:5693: result: no
configure:5663: checking for mipsel-linux-cl.exe
configure:5693: result: no
configure:5663: checking for mipsel-linux-FCC
configure:5693: result: no
configure:5663: checking for mipsel-linux-KCC
configure:5693: result: no
configure:5663: checking for mipsel-linux-RCC
configure:5693: result: no
configure:5663: checking for mipsel-linux-xlC_r
configure:5693: result: no
configure:5663: checking for mipsel-linux-xlC
configure:5693: result: no
configure:5707: checking for g++
configure:5723: found /usr/bin/g++
configure:5734: result: g++
configure:5750: WARNING: using cross tools not prefixed with host triplet
configure:5761: checking for C++ compiler version
configure:5770: g++ --version >&5
g++ (Debian 6.3.0-18+deb9u1) 6.3.0 20170516
Copyright (C) 2016 Free Software Foundation, Inc.
This is free software; see the source for copying conditions.  There is NO
warranty; not even for MERCHANTABILITY or FITNESS FOR A PARTICULAR PURPOSE.

configure:5781: $? = 0
configure:5770: g++ -v >&5
Using built-in specs.
COLLECT_GCC=g++
COLLECT_LTO_WRAPPER=/usr/lib/gcc/x86_64-linux-gnu/6/lto-wrapper
Target: x86_64-linux-gnu
Configured with: ../src/configure -v --with-pkgversion='Debian 6.3.0-18+deb9u1' --with-bugurl=file:///usr/share/doc/gcc-6/README.Bugs --enable-languages=c,ada,c++,java,go,d,fortran,objc,obj-c++ --prefix=/usr --program-suffix=-6 --program-prefix=x86_64-linux-gnu- --enable-shared --enable-linker-build-id --libexecdir=/usr/lib --without-included-gettext --enable-threads=posix --libdir=/usr/lib --enable-nls --with-sysroot=/ --enable-clocale=gnu --enable-libstdcxx-debug --enable-libstdcxx-time=yes --with-default-libstdcxx-abi=new --enable-gnu-unique-object --disable-vtable-verify --enable-libmpx --enable-plugin --enable-default-pie --with-system-zlib --disable-browser-plugin --enable-java-awt=gtk --enable-gtk-cairo --with-java-home=/usr/lib/jvm/java-1.5.0-gcj-6-amd64/jre --enable-java-home --with-jvm-root-dir=/usr/lib/jvm/java-1.5.0-gcj-6-amd64 --with-jvm-jar-dir=/usr/lib/jvm-exports/java-1.5.0-gcj-6-amd64 --with-arch-directory=amd64 --with-ecj-jar=/usr/share/java/eclipse-ecj.jar --with-target-system-zlib --enable-objc-gc=auto --enable-multiarch --with-arch-32=i686 --with-abi=m64 --with-multilib-list=m32,m64,mx32 --enable-multilib --with-tune=generic --enable-checking=release --build=x86_64-linux-gnu --host=x86_64-linux-gnu --target=x86_64-linux-gnu
Thread model: posix
gcc version 6.3.0 20170516 (Debian 6.3.0-18+deb9u1) 
configure:5781: $? = 0
configure:5770: g++ -V >&5
g++: error: unrecognized command line option '-V'
g++: fatal error: no input files
compilation terminated.
configure:5781: $? = 1
configure:5770: g++ -qversion >&5
g++: error: unrecognized command line option '-qversion'; did you mean '--version'?
g++: fatal error: no input files
compilation terminated.
configure:5781: $? = 1
configure:5785: checking whether we are using the GNU C++ compiler
configure:5804: g++ -c   conftest.cpp >&5
configure:5804: $? = 0
configure:5813: result: yes
configure:5822: checking whether g++ accepts -g
configure:5842: g++ -c -g  conftest.cpp >&5
configure:5842: $? = 0
configure:5883: result: yes
configure:5908: checking dependency style of g++
configure:5998: result: gcc3
configure:6020: checking how to run the C++ preprocessor
configure:6047: g++ -E  conftest.cpp
configure:6047: $? = 0
configure:6061: g++ -E  conftest.cpp
conftest.cpp:32:28: fatal error: ac_nonexistent.h: No such file or directory
 #include <ac_nonexistent.h>
                            ^
compilation terminated.
configure:6061: $? = 1
configure: failed program was:
| /* confdefs.h */
| #define PACKAGE_NAME "libupnp"
| #define PACKAGE_TARNAME "libupnp"
| #define PACKAGE_VERSION "1.3.1"
| #define PACKAGE_STRING "libupnp 1.3.1"
| #define PACKAGE_BUGREPORT "r3mi@users.sourceforge.net"
| #define PACKAGE_URL ""
| #define PACKAGE "libupnp"
| #define VERSION "1.3.1"
| #define UPNP_VERSION_STRING "1.3.1"
| #define UPNP_VERSION_MAJOR 1
| #define UPNP_VERSION_MINOR 3
| #define UPNP_VERSION_PATCH 1
| #define NO_DEBUG 1
| #define NDEBUG 1
| #define UPNP_HAVE_CLIENT 1
| #define UPNP_HAVE_DEVICE 1
| #define UPNP_HAVE_WEBSERVER 1
| #define UPNP_HAVE_TOOLS 1
| #define STDC_HEADERS 1
| #define HAVE_SYS_TYPES_H 1
| #define HAVE_SYS_STAT_H 1
| #define HAVE_STDLIB_H 1
| #define HAVE_STRING_H 1
| #define HAVE_MEMORY_H 1
| #define HAVE_STRINGS_H 1
| #define HAVE_INTTYPES_H 1
| #define HAVE_STDINT_H 1
| #define HAVE_UNISTD_H 1
| #define HAVE_DLFCN_H 1
| /* end confdefs.h.  */
| #include <ac_nonexistent.h>
configure:6086: result: g++ -E
configure:6106: g++ -E  conftest.cpp
configure:6106: $? = 0
configure:6120: g++ -E  conftest.cpp
conftest.cpp:32:28: fatal error: ac_nonexistent.h: No such file or directory
 #include <ac_nonexistent.h>
                            ^
compilation terminated.
configure:6120: $? = 1
configure: failed program was:
| /* confdefs.h */
| #define PACKAGE_NAME "libupnp"
| #define PACKAGE_TARNAME "libupnp"
| #define PACKAGE_VERSION "1.3.1"
| #define PACKAGE_STRING "libupnp 1.3.1"
| #define PACKAGE_BUGREPORT "r3mi@users.sourceforge.net"
| #define PACKAGE_URL ""
| #define PACKAGE "libupnp"
| #define VERSION "1.3.1"
| #define UPNP_VERSION_STRING "1.3.1"
| #define UPNP_VERSION_MAJOR 1
| #define UPNP_VERSION_MINOR 3
| #define UPNP_VERSION_PATCH 1
| #define NO_DEBUG 1
| #define NDEBUG 1
| #define UPNP_HAVE_CLIENT 1
| #define UPNP_HAVE_DEVICE 1
| #define UPNP_HAVE_WEBSERVER 1
| #define UPNP_HAVE_TOOLS 1
| #define STDC_HEADERS 1
| #define HAVE_SYS_TYPES_H 1
| #define HAVE_SYS_STAT_H 1
| #define HAVE_STDLIB_H 1
| #define HAVE_STRING_H 1
| #define HAVE_MEMORY_H 1
| #define HAVE_STRINGS_H 1
| #define HAVE_INTTYPES_H 1
| #define HAVE_STDINT_H 1
| #define HAVE_UNISTD_H 1
| #define HAVE_DLFCN_H 1
| /* end confdefs.h.  */
| #include <ac_nonexistent.h>
configure:6158: checking for mipsel-linux-g77
configure:6188: result: no
configure:6158: checking for mipsel-linux-xlf
configure:6188: result: no
configure:6158: checking for mipsel-linux-f77
configure:6188: result: no
configure:6158: checking for mipsel-linux-frt
configure:6188: result: no
configure:6158: checking for mipsel-linux-pgf77
configure:6188: result: no
configure:6158: checking for mipsel-linux-cf77
configure:6188: result: no
configure:6158: checking for mipsel-linux-fort77
configure:6188: result: no
configure:6158: checking for mipsel-linux-fl32
configure:6188: result: no
configure:6158: checking for mipsel-linux-af77
configure:6188: result: no
configure:6158: checking for mipsel-linux-xlf90
configure:6188: result: no
configure:6158: checking for mipsel-linux-f90
configure:6188: result: no
configure:6158: checking for mipsel-linux-pgf90
configure:6188: result: no
configure:6158: checking for mipsel-linux-pghpf
configure:6188: result: no
configure:6158: checking for mipsel-linux-epcf90
configure:6188: result: no
configure:6158: checking for mipsel-linux-gfortran
configure:6188: result: no
configure:6158: checking for mipsel-linux-g95
configure:6188: result: no
configure:6158: checking for mipsel-linux-xlf95
configure:6188: result: no
configure:6158: checking for mipsel-linux-f95
configure:6188: result: no
configure:6158: checking for mipsel-linux-fort
configure:6188: result: no
configure:6158: checking for mipsel-linux-ifort
configure:6188: result: no
configure:6158: checking for mipsel-linux-ifc
configure:6188: result: no
configure:6158: checking for mipsel-linux-efc
configure:6188: result: no
configure:6158: checking for mipsel-linux-pgfortran
configure:6188: result: no
configure:6158: checking for mipsel-linux-pgf95
configure:6188: result: no
configure:6158: checking for mipsel-linux-lf95
configure:6188: result: no
configure:6158: checking for mipsel-linux-ftn
configure:6188: result: no
configure:6158: checking for mipsel-linux-nagfor
configure:6188: result: no
configure:6202: checking for g77
configure:6232: result: no
configure:6202: checking for xlf
configure:6232: result: no
configure:6202: checking for f77
configure:6232: result: no
configure:6202: checking for frt
configure:6232: result: no
configure:6202: checking for pgf77
configure:6232: result: no
configure:6202: checking for cf77
configure:6232: result: no
configure:6202: checking for fort77
configure:6232: result: no
configure:6202: checking for fl32
configure:6232: result: no
configure:6202: checking for af77
configure:6232: result: no
configure:6202: checking for xlf90
configure:6232: result: no
configure:6202: checking for f90
configure:6232: result: no
configure:6202: checking for pgf90
configure:6232: result: no
configure:6202: checking for pghpf
configure:6232: result: no
configure:6202: checking for epcf90
configure:6232: result: no
configure:6202: checking for gfortran
configure:6232: result: no
configure:6202: checking for g95
configure:6232: result: no
configure:6202: checking for xlf95
configure:6232: result: no
configure:6202: checking for f95
configure:6232: result: no
configure:6202: checking for fort
configure:6232: result: no
configure:6202: checking for ifort
configure:6232: result: no
configure:6202: checking for ifc
configure:6232: result: no
configure:6202: checking for efc
configure:6232: result: no
configure:6202: checking for pgfortran
configure:6232: result: no
configure:6202: checking for pgf95
configure:6232: result: no
configure:6202: checking for lf95
configure:6232: result: no
configure:6202: checking for ftn
configure:6232: result: no
configure:6202: checking for nagfor
configure:6232: result: no
configure:6255: checking for Fortran 77 compiler version
configure:6264:  --version >&5
./configure: line 6266: --version: command not found
configure:6275: $? = 127
configure:6264:  -v >&5
./configure: line 6266: -v: command not found
configure:6275: $? = 127
configure:6264:  -V >&5
./configure: line 6266: -V: command not found
configure:6275: $? = 127
configure:6264:  -qversion >&5
./configure: line 6266: -qversion: command not found
configure:6275: $? = 127
configure:6284: checking whether we are using the GNU Fortran 77 compiler
configure:6297:  -c  conftest.F >&5
./configure: line 2236: -c: command not found
configure:6297: $? = 127
configure: failed program was:
|       program main
| #ifndef __GNUC__
|        choke me
| #endif
| 
|       end
configure:6306: result: no
configure:6312: checking whether  accepts -g
configure:6323:  -c -g conftest.f >&5
./configure: line 2236: -c: command not found
configure:6323: $? = 127
configure: failed program was:
|       program main
| 
|       end
configure:6331: result: no
configure:6365: checking the maximum length of command line arguments
configure:6430: result: 32768
configure:6441: checking command to parse "/opt/buildroot-gcc342/bin"/mipsel-linux-uclibc-nm output from /opt/buildroot-gcc342/bin/mipsel-linux-gcc object
configure:6530: /opt/buildroot-gcc342/bin/mipsel-linux-gcc -c   conftest.c >&5
configure:6533: $? = 0
configure:6537: /opt/buildroot-gcc342/bin/mipsel-linux-uclibc-nm conftest.o \| sed -n -e 's/^.*[ 	]\([BCDEGRST][BCDEGRST]*\)[ 	][ 	]*\(\)\([_A-Za-z][_A-Za-z0-9]*\)$/\1 \2\3 \3/p' \> conftest.nm
configure:6540: $? = 0
configure:6592: /opt/buildroot-gcc342/bin/mipsel-linux-gcc -o conftest    conftest.c conftstm.o >&5
configure:6595: $? = 0
configure:6633: result: ok
configure:6637: checking for objdir
configure:6652: result: .libs
configure:6704: checking for mipsel-linux-ar
configure:6734: result: no
configure:6744: checking for ar
configure:6760: found /usr/bin/ar
configure:6771: result: ar
configure:6796: checking for mipsel-linux-ranlib
configure:6826: result: no
configure:6836: checking for ranlib
configure:6852: found /usr/bin/ranlib
configure:6863: result: ranlib
configure:6888: checking for mipsel-linux-strip
configure:6915: result: strip
configure:7227: checking if /opt/buildroot-gcc342/bin/mipsel-linux-gcc static flag  works
configure:7250: result: yes
configure:7268: checking if /opt/buildroot-gcc342/bin/mipsel-linux-gcc supports -fno-rtti -fno-exceptions
configure:7286: /opt/buildroot-gcc342/bin/mipsel-linux-gcc -c   -fno-rtti -fno-exceptions conftest.c >&5
cc1: warning: command line option "-fno-rtti" is valid for C++/ObjC++ but not for C
configure:7290: $? = 0
configure:7301: result: no
configure:7316: checking for /opt/buildroot-gcc342/bin/mipsel-linux-gcc option to produce PIC
configure:7493: result: -fPIC
configure:7501: checking if /opt/buildroot-gcc342/bin/mipsel-linux-gcc PIC flag -fPIC works
configure:7519: /opt/buildroot-gcc342/bin/mipsel-linux-gcc -c   -fPIC -DPIC conftest.c >&5
configure:7523: $? = 0
configure:7534: result: yes
configure:7558: checking if /opt/buildroot-gcc342/bin/mipsel-linux-gcc supports -c -o file.o
configure:7579: /opt/buildroot-gcc342/bin/mipsel-linux-gcc -c   -o out/conftest2.o conftest.c >&5
configure:7583: $? = 0
configure:7603: result: yes
configure:7629: checking whether the /opt/buildroot-gcc342/bin/mipsel-linux-gcc linker (/opt/buildroot-gcc342/bin/mipsel-linux-ld) supports shared libraries
configure:8419: result: yes
configure:8445: checking whether -lc should be explicitly linked in
configure:8450: /opt/buildroot-gcc342/bin/mipsel-linux-gcc -c   conftest.c >&5
configure:8453: $? = 0
configure:8467: /opt/buildroot-gcc342/bin/mipsel-linux-gcc -shared conftest.o  -v -Wl,-soname -Wl,conftest -o conftest 2\>\&1 \| grep  -lc  \>/dev/null 2\>\&1
configure:8470: $? = 0
configure:8482: result: no
configure:8490: checking dynamic linker characteristics
configure:9036: result: GNU/Linux ld.so
configure:9040: checking how to hardcode library paths into programs
configure:9065: result: immediate
configure:9079: checking whether stripping libraries is possible
configure:9084: result: yes
configure:9596: checking if libtool supports shared libraries
configure:9598: result: yes
configure:9601: checking whether to build shared libraries
configure:9659: result: yes
configure:9662: checking whether to build static libraries
configure:9666: result: yes
configure:9758: creating libtool
configure:10301: checking for ld used by g++
configure:10368: result: /opt/buildroot-gcc342/bin/mipsel-linux-ld
configure:10375: checking if the linker (/opt/buildroot-gcc342/bin/mipsel-linux-ld) is GNU ld
configure:10390: result: yes
configure:10441: checking whether the g++ linker (/opt/buildroot-gcc342/bin/mipsel-linux-ld) supports shared libraries
configure:11211: result: yes
configure:11229: g++ -c -g -O2  conftest.cc >&5
configure:11232: $? = 0
configure:11328: checking for g++ option to produce PIC
configure:11580: result: -fPIC
configure:11588: checking if g++ PIC flag -fPIC works
configure:11606: g++ -c -g -O2  -fPIC -DPIC conftest.cc >&5
configure:11610: $? = 0
configure:11621: result: yes
configure:11645: checking if g++ supports -c -o file.o
configure:11666: g++ -c -g -O2  -o out/conftest2.o conftest.cc >&5
configure:11670: $? = 0
configure:11690: result: yes
configure:11716: checking whether the g++ linker (/opt/buildroot-gcc342/bin/mipsel-linux-ld) supports shared libraries
configure:11741: result: yes
configure:11812: checking dynamic linker characteristics
configure:12358: result: GNU/Linux ld.so
configure:12362: checking how to hardcode library paths into programs
configure:12387: result: immediate
configure:12401: checking whether stripping libraries is possible
configure:12406: result: yes
configure:18904: checking whether make sets $(MAKE)
configure:18926: result: yes
configure:18945: checking CFLAGS for gcc -Os
configure:18972: /opt/buildroot-gcc342/bin/mipsel-linux-gcc -c  -pedantic  -Os  conftest.c >&5
configure:18972: $? = 0
configure:18986: result: -Os
configure:18998: : CFLAGS="$CFLAGS $ac_cv_cflags_gcc_option__Os"
configure:19001: $? = 0
configure:19009: checking CFLAGS for maximum warnings
configure:19036: /opt/buildroot-gcc342/bin/mipsel-linux-gcc -c  -Os -pedantic  -Wall  conftest.c >&5
configure:19036: $? = 0
configure:19050: result: -Wall
configure:19063: : CFLAGS="$CFLAGS $ac_cv_cflags_warn_all"
configure:19066: $? = 0
configure:19083: checking for special C compiler options needed for large files
configure:19128: result: no
configure:19134: checking for _FILE_OFFSET_BITS value needed for large files
configure:19159: /opt/buildroot-gcc342/bin/mipsel-linux-gcc -c  -Os -Wall  conftest.c >&5
conftest.c:40: error: size of array `off_t_is_large' is negative
configure:19159: $? = 1
configure: failed program was:
| /* confdefs.h */
| #define PACKAGE_NAME "libupnp"
| #define PACKAGE_TARNAME "libupnp"
| #define PACKAGE_VERSION "1.3.1"
| #define PACKAGE_STRING "libupnp 1.3.1"
| #define PACKAGE_BUGREPORT "r3mi@users.sourceforge.net"
| #define PACKAGE_URL ""
| #define PACKAGE "libupnp"
| #define VERSION "1.3.1"
| #define UPNP_VERSION_STRING "1.3.1"
| #define UPNP_VERSION_MAJOR 1
| #define UPNP_VERSION_MINOR 3
| #define UPNP_VERSION_PATCH 1
| #define NO_DEBUG 1
| #define NDEBUG 1
| #define UPNP_HAVE_CLIENT 1
| #define UPNP_HAVE_DEVICE 1
| #define UPNP_HAVE_WEBSERVER 1
| #define UPNP_HAVE_TOOLS 1
| #define STDC_HEADERS 1
| #define HAVE_SYS_TYPES_H 1
| #define HAVE_SYS_STAT_H 1
| #define HAVE_STDLIB_H 1
| #define HAVE_STRING_H 1
| #define HAVE_MEMORY_H 1
| #define HAVE_STRINGS_H 1
| #define HAVE_INTTYPES_H 1
| #define HAVE_STDINT_H 1
| #define HAVE_UNISTD_H 1
| #define HAVE_DLFCN_H 1
| /* end confdefs.h.  */
| #include <sys/types.h>
|  /* Check that off_t can represent 2**63 - 1 correctly.
|     We can't simply define LARGE_OFF_T to be 9223372036854775807,
|     since some C++ compilers masquerading as C compilers
|     incorrectly reject 9223372036854775807.  */
| #define LARGE_OFF_T ((((off_t) 1 << 31) << 31) - 1 + (((off_t) 1 << 31) << 31))
|   int off_t_is_large[(LARGE_OFF_T % 2147483629 == 721
| 		       && LARGE_OFF_T % 2147483647 == 1)
| 		      ? 1 : -1];
| int
| main ()
| {
| 
|   ;
|   return 0;
| }
configure:19183: /opt/buildroot-gcc342/bin/mipsel-linux-gcc -c  -Os -Wall  conftest.c >&5
configure:19183: $? = 0
configure:19191: result: 64
configure:19281: checking for ANSI C header files
configure:19385: result: yes
configure:19398: checking arpa/inet.h usability
configure:19398: /opt/buildroot-gcc342/bin/mipsel-linux-gcc -c  -Os -Wall  conftest.c >&5
configure:19398: $? = 0
configure:19398: result: yes
configure:19398: checking arpa/inet.h presence
configure:19398: /opt/buildroot-gcc342/bin/mipsel-linux-gcc -E  conftest.c
configure:19398: $? = 0
configure:19398: result: yes
configure:19398: checking for arpa/inet.h
configure:19398: result: yes
configure:19398: checking fcntl.h usability
configure:19398: /opt/buildroot-gcc342/bin/mipsel-linux-gcc -c  -Os -Wall  conftest.c >&5
configure:19398: $? = 0
configure:19398: result: yes
configure:19398: checking fcntl.h presence
configure:19398: /opt/buildroot-gcc342/bin/mipsel-linux-gcc -E  conftest.c
configure:19398: $? = 0
configure:19398: result: yes
configure:19398: checking for fcntl.h
configure:19398: result: yes
configure:19398: checking limits.h usability
configure:19398: /opt/buildroot-gcc342/bin/mipsel-linux-gcc -c  -Os -Wall  conftest.c >&5
configure:19398: $? = 0
configure:19398: result: yes
configure:19398: checking limits.h presence
configure:19398: /opt/buildroot-gcc342/bin/mipsel-linux-gcc -E  conftest.c
configure:19398: $? = 0
configure:19398: result: yes
configure:19398: checking for limits.h
configure:19398: result: yes
configure:19398: checking malloc.h usability
configure:19398: /opt/buildroot-gcc342/bin/mipsel-linux-gcc -c  -Os -Wall  conftest.c >&5
configure:19398: $? = 0
configure:19398: result: yes
configure:19398: checking malloc.h presence
configure:19398: /opt/buildroot-gcc342/bin/mipsel-linux-gcc -E  conftest.c
configure:19398: $? = 0
configure:19398: result: yes
configure:19398: checking for malloc.h
configure:19398: result: yes
configure:19398: checking netdb.h usability
configure:19398: /opt/buildroot-gcc342/bin/mipsel-linux-gcc -c  -Os -Wall  conftest.c >&5
configure:19398: $? = 0
configure:19398: result: yes
configure:19398: checking netdb.h presence
configure:19398: /opt/buildroot-gcc342/bin/mipsel-linux-gcc -E  conftest.c
configure:19398: $? = 0
configure:19398: result: yes
configure:19398: checking for netdb.h
configure:19398: result: yes
configure:19398: checking netinet/in.h usability
configure:19398: /opt/buildroot-gcc342/bin/mipsel-linux-gcc -c  -Os -Wall  conftest.c >&5
configure:19398: $? = 0
configure:19398: result: yes
configure:19398: checking netinet/in.h presence
configure:19398: /opt/buildroot-gcc342/bin/mipsel-linux-gcc -E  conftest.c
configure:19398: $? = 0
configure:19398: result: yes
configure:19398: checking for netinet/in.h
configure:19398: result: yes
configure:19398: checking for stdlib.h
configure:19398: result: yes
configure:19398: checking for string.h
configure:19398: result: yes
configure:19398: checking sys/ioctl.h usability
configure:19398: /opt/buildroot-gcc342/bin/mipsel-linux-gcc -c  -Os -Wall  conftest.c >&5
configure:19398: $? = 0
configure:19398: result: yes
configure:19398: checking sys/ioctl.h presence
configure:19398: /opt/buildroot-gcc342/bin/mipsel-linux-gcc -E  conftest.c
configure:19398: $? = 0
configure:19398: result: yes
configure:19398: checking for sys/ioctl.h
configure:19398: result: yes
configure:19398: checking sys/socket.h usability
configure:19398: /opt/buildroot-gcc342/bin/mipsel-linux-gcc -c  -Os -Wall  conftest.c >&5
configure:19398: $? = 0
configure:19398: result: yes
configure:19398: checking sys/socket.h presence
configure:19398: /opt/buildroot-gcc342/bin/mipsel-linux-gcc -E  conftest.c
configure:19398: $? = 0
configure:19398: result: yes
configure:19398: checking for sys/socket.h
configure:19398: result: yes
configure:19398: checking sys/time.h usability
configure:19398: /opt/buildroot-gcc342/bin/mipsel-linux-gcc -c  -Os -Wall  conftest.c >&5
configure:19398: $? = 0
configure:19398: result: yes
configure:19398: checking sys/time.h presence
configure:19398: /opt/buildroot-gcc342/bin/mipsel-linux-gcc -E  conftest.c
configure:19398: $? = 0
configure:19398: result: yes
configure:19398: checking for sys/time.h
configure:19398: result: yes
configure:19398: checking sys/timeb.h usability
configure:19398: /opt/buildroot-gcc342/bin/mipsel-linux-gcc -c  -Os -Wall  conftest.c >&5
configure:19398: $? = 0
configure:19398: result: yes
configure:19398: checking sys/timeb.h presence
configure:19398: /opt/buildroot-gcc342/bin/mipsel-linux-gcc -E  conftest.c
configure:19398: $? = 0
configure:19398: result: yes
configure:19398: checking for sys/timeb.h
configure:19398: result: yes
configure:19398: checking syslog.h usability
configure:19398: /opt/buildroot-gcc342/bin/mipsel-linux-gcc -c  -Os -Wall  conftest.c >&5
configure:19398: $? = 0
configure:19398: result: yes
configure:19398: checking syslog.h presence
configure:19398: /opt/buildroot-gcc342/bin/mipsel-linux-gcc -E  conftest.c
configure:19398: $? = 0
configure:19398: result: yes
configure:19398: checking for syslog.h
configure:19398: result: yes
configure:19398: checking for unistd.h
configure:19398: result: yes
configure:19415: checking for an ANSI C-conforming const
configure:19481: /opt/buildroot-gcc342/bin/mipsel-linux-gcc -c  -Os -Wall  conftest.c >&5
configure:19481: $? = 0
configure:19488: result: yes
configure:19496: checking for size_t
configure:19496: /opt/buildroot-gcc342/bin/mipsel-linux-gcc -c  -Os -Wall  conftest.c >&5
configure:19496: $? = 0
configure:19496: /opt/buildroot-gcc342/bin/mipsel-linux-gcc -c  -Os -Wall  conftest.c >&5
conftest.c: In function `main':
conftest.c:84: error: parse error before ')' token
configure:19496: $? = 1
configure: failed program was:
| /* confdefs.h */
| #define PACKAGE_NAME "libupnp"
| #define PACKAGE_TARNAME "libupnp"
| #define PACKAGE_VERSION "1.3.1"
| #define PACKAGE_STRING "libupnp 1.3.1"
| #define PACKAGE_BUGREPORT "r3mi@users.sourceforge.net"
| #define PACKAGE_URL ""
| #define PACKAGE "libupnp"
| #define VERSION "1.3.1"
| #define UPNP_VERSION_STRING "1.3.1"
| #define UPNP_VERSION_MAJOR 1
| #define UPNP_VERSION_MINOR 3
| #define UPNP_VERSION_PATCH 1
| #define NO_DEBUG 1
| #define NDEBUG 1
| #define UPNP_HAVE_CLIENT 1
| #define UPNP_HAVE_DEVICE 1
| #define UPNP_HAVE_WEBSERVER 1
| #define UPNP_HAVE_TOOLS 1
| #define STDC_HEADERS 1
| #define HAVE_SYS_TYPES_H 1
| #define HAVE_SYS_STAT_H 1
| #define HAVE_STDLIB_H 1
| #define HAVE_STRING_H 1
| #define HAVE_MEMORY_H 1
| #define HAVE_STRINGS_H 1
| #define HAVE_INTTYPES_H 1
| #define HAVE_STDINT_H 1
| #define HAVE_UNISTD_H 1
| #define HAVE_DLFCN_H 1
| #define _FILE_OFFSET_BITS 64
| #define STDC_HEADERS 1
| #define HAVE_ARPA_INET_H 1
| #define HAVE_FCNTL_H 1
| #define HAVE_LIMITS_H 1
| #define HAVE_MALLOC_H 1
| #define HAVE_NETDB_H 1
| #define HAVE_NETINET_IN_H 1
| #define HAVE_STDLIB_H 1
| #define HAVE_STRING_H 1
| #define HAVE_SYS_IOCTL_H 1
| #define HAVE_SYS_SOCKET_H 1
| #define HAVE_SYS_TIME_H 1
| #define HAVE_SYS_TIMEB_H 1
| #define HAVE_SYSLOG_H 1
| #define HAVE_UNISTD_H 1
| /* end confdefs.h.  */
| #include <stdio.h>
| #ifdef HAVE_SYS_TYPES_H
| # include <sys/types.h>
| #endif
| #ifdef HAVE_SYS_STAT_H
| # include <sys/stat.h>
| #endif
| #ifdef STDC_HEADERS
| # include <stdlib.h>
| # include <stddef.h>
| #else
| # ifdef HAVE_STDLIB_H
| #  include <stdlib.h>
| # endif
| #endif
| #ifdef HAVE_STRING_H
| # if !defined STDC_HEADERS && defined HAVE_MEMORY_H
| #  include <memory.h>
| # endif
| # include <string.h>
| #endif
| #ifdef HAVE_STRINGS_H
| # include <strings.h>
| #endif
| #ifdef HAVE_INTTYPES_H
| # include <inttypes.h>
| #endif
| #ifdef HAVE_STDINT_H
| # include <stdint.h>
| #endif
| #ifdef HAVE_UNISTD_H
| # include <unistd.h>
| #endif
| int
| main ()
| {
| if (sizeof ((size_t)))
| 	    return 0;
|   ;
|   return 0;
| }
configure:19496: result: yes
configure:19507: checking for socklen_t
configure:19525: /opt/buildroot-gcc342/bin/mipsel-linux-gcc -c  -Os -Wall  conftest.c >&5
conftest.c: In function `main':
conftest.c:53: warning: unused variable `len'
configure:19525: $? = 0
configure:19533: result: yes
configure:19548: checking for vprintf
configure:19548: /opt/buildroot-gcc342/bin/mipsel-linux-gcc -o conftest  -Os -Wall   conftest.c  >&5
conftest.c:71: warning: conflicting types for built-in function 'vprintf'
configure:19548: $? = 0
configure:19548: result: yes
configure:19554: checking for _doprnt
configure:19554: /opt/buildroot-gcc342/bin/mipsel-linux-gcc -o conftest  -Os -Wall   conftest.c  >&5
/tmp/ccKLLkw5.o: In function `main':conftest.c:(.text+0x18): undefined reference to `_doprnt'
collect2: ld returned 1 exit status
configure:19554: $? = 1
configure: failed program was:
| /* confdefs.h */
| #define PACKAGE_NAME "libupnp"
| #define PACKAGE_TARNAME "libupnp"
| #define PACKAGE_VERSION "1.3.1"
| #define PACKAGE_STRING "libupnp 1.3.1"
| #define PACKAGE_BUGREPORT "r3mi@users.sourceforge.net"
| #define PACKAGE_URL ""
| #define PACKAGE "libupnp"
| #define VERSION "1.3.1"
| #define UPNP_VERSION_STRING "1.3.1"
| #define UPNP_VERSION_MAJOR 1
| #define UPNP_VERSION_MINOR 3
| #define UPNP_VERSION_PATCH 1
| #define NO_DEBUG 1
| #define NDEBUG 1
| #define UPNP_HAVE_CLIENT 1
| #define UPNP_HAVE_DEVICE 1
| #define UPNP_HAVE_WEBSERVER 1
| #define UPNP_HAVE_TOOLS 1
| #define STDC_HEADERS 1
| #define HAVE_SYS_TYPES_H 1
| #define HAVE_SYS_STAT_H 1
| #define HAVE_STDLIB_H 1
| #define HAVE_STRING_H 1
| #define HAVE_MEMORY_H 1
| #define HAVE_STRINGS_H 1
| #define HAVE_INTTYPES_H 1
| #define HAVE_STDINT_H 1
| #define HAVE_UNISTD_H 1
| #define HAVE_DLFCN_H 1
| #define _FILE_OFFSET_BITS 64
| #define STDC_HEADERS 1
| #define HAVE_ARPA_INET_H 1
| #define HAVE_FCNTL_H 1
| #define HAVE_LIMITS_H 1
| #define HAVE_MALLOC_H 1
| #define HAVE_NETDB_H 1
| #define HAVE_NETINET_IN_H 1
| #define HAVE_STDLIB_H 1
| #define HAVE_STRING_H 1
| #define HAVE_SYS_IOCTL_H 1
| #define HAVE_SYS_SOCKET_H 1
| #define HAVE_SYS_TIME_H 1
| #define HAVE_SYS_TIMEB_H 1
| #define HAVE_SYSLOG_H 1
| #define HAVE_UNISTD_H 1
| #define HAVE_VPRINTF 1
| /* end confdefs.h.  */
| /* Define _doprnt to an innocuous variant, in case <limits.h> declares _doprnt.
|    For example, HP-UX 11i <limits.h> declares gettimeofday.  */
| #define _doprnt innocuous__doprnt
| 
| /* System header to define __stub macros and hopefully few prototypes,
|     which can conflict with char _doprnt (); below.
|     Prefer <limits.h> to <assert.h> if __STDC__ is defined, since
|     <limits.h> exists even on freestanding compilers.  */
| 
| #ifdef __STDC__
| # include <limits.h>
| #else
| # include <assert.h>
| #endif
| 
| #undef _doprnt
| 
| /* Override any GCC internal prototype to avoid an error.
|    Use char because int might match the return type of a GCC
|    builtin and then its argument prototype would still apply.  */
| #ifdef __cplusplus
| extern "C"
| #endif
| char _doprnt ();
| /* The GNU C library defines this for functions which it implements
|     to always fail with ENOSYS.  Some functions are actually named
|     something starting with __ and the normal name is an alias.  */
| #if defined __stub__doprnt || defined __stub____doprnt
| choke me
| #endif
| 
| int
| main ()
| {
| return _doprnt ();
|   ;
|   return 0;
| }
configure:19554: result: no
configure:19565: checking for _LARGEFILE_SOURCE value needed for large files
configure:19584: /opt/buildroot-gcc342/bin/mipsel-linux-gcc -o conftest  -Os -Wall   conftest.c  >&5
conftest.c: In function `main':
conftest.c:54: error: `fseeko' undeclared (first use in this function)
conftest.c:54: error: (Each undeclared identifier is reported only once
conftest.c:54: error: for each function it appears in.)
conftest.c:55: warning: implicit declaration of function `fseeko'
configure:19584: $? = 1
configure: failed program was:
| /* confdefs.h */
| #define PACKAGE_NAME "libupnp"
| #define PACKAGE_TARNAME "libupnp"
| #define PACKAGE_VERSION "1.3.1"
| #define PACKAGE_STRING "libupnp 1.3.1"
| #define PACKAGE_BUGREPORT "r3mi@users.sourceforge.net"
| #define PACKAGE_URL ""
| #define PACKAGE "libupnp"
| #define VERSION "1.3.1"
| #define UPNP_VERSION_STRING "1.3.1"
| #define UPNP_VERSION_MAJOR 1
| #define UPNP_VERSION_MINOR 3
| #define UPNP_VERSION_PATCH 1
| #define NO_DEBUG 1
| #define NDEBUG 1
| #define UPNP_HAVE_CLIENT 1
| #define UPNP_HAVE_DEVICE 1
| #define UPNP_HAVE_WEBSERVER 1
| #define UPNP_HAVE_TOOLS 1
| #define STDC_HEADERS 1
| #define HAVE_SYS_TYPES_H 1
| #define HAVE_SYS_STAT_H 1
| #define HAVE_STDLIB_H 1
| #define HAVE_STRING_H 1
| #define HAVE_MEMORY_H 1
| #define HAVE_STRINGS_H 1
| #define HAVE_INTTYPES_H 1
| #define HAVE_STDINT_H 1
| #define HAVE_UNISTD_H 1
| #define HAVE_DLFCN_H 1
| #define _FILE_OFFSET_BITS 64
| #define STDC_HEADERS 1
| #define HAVE_ARPA_INET_H 1
| #define HAVE_FCNTL_H 1
| #define HAVE_LIMITS_H 1
| #define HAVE_MALLOC_H 1
| #define HAVE_NETDB_H 1
| #define HAVE_NETINET_IN_H 1
| #define HAVE_STDLIB_H 1
| #define HAVE_STRING_H 1
| #define HAVE_SYS_IOCTL_H 1
| #define HAVE_SYS_SOCKET_H 1
| #define HAVE_SYS_TIME_H 1
| #define HAVE_SYS_TIMEB_H 1
| #define HAVE_SYSLOG_H 1
| #define HAVE_UNISTD_H 1
| #define HAVE_VPRINTF 1
| /* end confdefs.h.  */
| #include <sys/types.h> /* for off_t */
|      #include <stdio.h>
| int
| main ()
| {
| int (*fp) (FILE *, off_t, int) = fseeko;
|      return fseeko (stdin, 0, 0) && fp (stdin, 0, 0);
|   ;
|   return 0;
| }
configure:19603: /opt/buildroot-gcc342/bin/mipsel-linux-gcc -o conftest  -Os -Wall   conftest.c  >&5
configure:19603: $? = 0
configure:19612: result: 1
configure:19803: checking for the pthreads library -lpthreads
configure:19836: /opt/buildroot-gcc342/bin/mipsel-linux-gcc -o conftest  -Os -Wall    conftest.c -lpthreads  >&5
conftest.c: In function `main':
conftest.c:55: warning: 'th' might be used uninitialized in this function
/opt/buildroot-gcc342/bin/../lib/gcc/mipsel-linux-uclibc/3.4.2/../../../../mipsel-linux-uclibc/bin/ld: cannot find -lpthreads
collect2: ld returned 1 exit status
configure:19836: $? = 1
configure: failed program was:
| /* confdefs.h */
| #define PACKAGE_NAME "libupnp"
| #define PACKAGE_TARNAME "libupnp"
| #define PACKAGE_VERSION "1.3.1"
| #define PACKAGE_STRING "libupnp 1.3.1"
| #define PACKAGE_BUGREPORT "r3mi@users.sourceforge.net"
| #define PACKAGE_URL ""
| #define PACKAGE "libupnp"
| #define VERSION "1.3.1"
| #define UPNP_VERSION_STRING "1.3.1"
| #define UPNP_VERSION_MAJOR 1
| #define UPNP_VERSION_MINOR 3
| #define UPNP_VERSION_PATCH 1
| #define NO_DEBUG 1
| #define NDEBUG 1
| #define UPNP_HAVE_CLIENT 1
| #define UPNP_HAVE_DEVICE 1
| #define UPNP_HAVE_WEBSERVER 1
| #define UPNP_HAVE_TOOLS 1
| #define STDC_HEADERS 1
| #define HAVE_SYS_TYPES_H 1
| #define HAVE_SYS_STAT_H 1
| #define HAVE_STDLIB_H 1
| #define HAVE_STRING_H 1
| #define HAVE_MEMORY_H 1
| #define HAVE_STRINGS_H 1
| #define HAVE_INTTYPES_H 1
| #define HAVE_STDINT_H 1
| #define HAVE_UNISTD_H 1
| #define HAVE_DLFCN_H 1
| #define _FILE_OFFSET_BITS 64
| #define STDC_HEADERS 1
| #define HAVE_ARPA_INET_H 1
| #define HAVE_FCNTL_H 1
| #define HAVE_LIMITS_H 1
| #define HAVE_MALLOC_H 1
| #define HAVE_NETDB_H 1
| #define HAVE_NETINET_IN_H 1
| #define HAVE_STDLIB_H 1
| #define HAVE_STRING_H 1
| #define HAVE_SYS_IOCTL_H 1
| #define HAVE_SYS_SOCKET_H 1
| #define HAVE_SYS_TIME_H 1
| #define HAVE_SYS_TIMEB_H 1
| #define HAVE_SYSLOG_H 1
| #define HAVE_UNISTD_H 1
| #define HAVE_VPRINTF 1
| #define _LARGEFILE_SOURCE 1
| #define HAVE_FSEEKO 1
| /* end confdefs.h.  */
| #include <pthread.h>
| int
| main ()
| {
| pthread_t th; pthread_join(th, 0);
|                      pthread_attr_init(0); pthread_cleanup_push(0, 0);
|                      pthread_create(0,0,0,0); pthread_cleanup_pop(0);
|   ;
|   return 0;
| }
configure:19845: result: no
configure:19748: checking whether pthreads work without any flags
configure:19836: /opt/buildroot-gcc342/bin/mipsel-linux-gcc -o conftest  -Os -Wall    conftest.c   >&5
conftest.c: In function `main':
conftest.c:55: warning: 'th' might be used uninitialized in this function
/tmp/ccyoaXam.o: In function `main':conftest.c:(.text+0x18): undefined reference to `pthread_join'
:conftest.c:(.text+0x48): undefined reference to `_pthread_cleanup_push'
:conftest.c:(.text+0x60): undefined reference to `pthread_create'
:conftest.c:(.text+0x7c): undefined reference to `_pthread_cleanup_pop'
collect2: ld returned 1 exit status
configure:19836: $? = 1
configure: failed program was:
| /* confdefs.h */
| #define PACKAGE_NAME "libupnp"
| #define PACKAGE_TARNAME "libupnp"
| #define PACKAGE_VERSION "1.3.1"
| #define PACKAGE_STRING "libupnp 1.3.1"
| #define PACKAGE_BUGREPORT "r3mi@users.sourceforge.net"
| #define PACKAGE_URL ""
| #define PACKAGE "libupnp"
| #define VERSION "1.3.1"
| #define UPNP_VERSION_STRING "1.3.1"
| #define UPNP_VERSION_MAJOR 1
| #define UPNP_VERSION_MINOR 3
| #define UPNP_VERSION_PATCH 1
| #define NO_DEBUG 1
| #define NDEBUG 1
| #define UPNP_HAVE_CLIENT 1
| #define UPNP_HAVE_DEVICE 1
| #define UPNP_HAVE_WEBSERVER 1
| #define UPNP_HAVE_TOOLS 1
| #define STDC_HEADERS 1
| #define HAVE_SYS_TYPES_H 1
| #define HAVE_SYS_STAT_H 1
| #define HAVE_STDLIB_H 1
| #define HAVE_STRING_H 1
| #define HAVE_MEMORY_H 1
| #define HAVE_STRINGS_H 1
| #define HAVE_INTTYPES_H 1
| #define HAVE_STDINT_H 1
| #define HAVE_UNISTD_H 1
| #define HAVE_DLFCN_H 1
| #define _FILE_OFFSET_BITS 64
| #define STDC_HEADERS 1
| #define HAVE_ARPA_INET_H 1
| #define HAVE_FCNTL_H 1
| #define HAVE_LIMITS_H 1
| #define HAVE_MALLOC_H 1
| #define HAVE_NETDB_H 1
| #define HAVE_NETINET_IN_H 1
| #define HAVE_STDLIB_H 1
| #define HAVE_STRING_H 1
| #define HAVE_SYS_IOCTL_H 1
| #define HAVE_SYS_SOCKET_H 1
| #define HAVE_SYS_TIME_H 1
| #define HAVE_SYS_TIMEB_H 1
| #define HAVE_SYSLOG_H 1
| #define HAVE_UNISTD_H 1
| #define HAVE_VPRINTF 1
| #define _LARGEFILE_SOURCE 1
| #define HAVE_FSEEKO 1
| /* end confdefs.h.  */
| #include <pthread.h>
| int
| main ()
| {
| pthread_t th; pthread_join(th, 0);
|                      pthread_attr_init(0); pthread_cleanup_push(0, 0);
|                      pthread_create(0,0,0,0); pthread_cleanup_pop(0);
|   ;
|   return 0;
| }
configure:19845: result: no
configure:19753: checking whether pthreads work with -Kthread
configure:19836: /opt/buildroot-gcc342/bin/mipsel-linux-gcc -o conftest  -Os -Wall -Kthread   conftest.c   >&5
mipsel-linux-gcc: unrecognized option `-Kthread'
conftest.c: In function `main':
conftest.c:55: warning: 'th' might be used uninitialized in this function
/tmp/ccG0uNuw.o: In function `main':conftest.c:(.text+0x18): undefined reference to `pthread_join'
:conftest.c:(.text+0x48): undefined reference to `_pthread_cleanup_push'
:conftest.c:(.text+0x60): undefined reference to `pthread_create'
:conftest.c:(.text+0x7c): undefined reference to `_pthread_cleanup_pop'
collect2: ld returned 1 exit status
configure:19836: $? = 1
configure: failed program was:
| /* confdefs.h */
| #define PACKAGE_NAME "libupnp"
| #define PACKAGE_TARNAME "libupnp"
| #define PACKAGE_VERSION "1.3.1"
| #define PACKAGE_STRING "libupnp 1.3.1"
| #define PACKAGE_BUGREPORT "r3mi@users.sourceforge.net"
| #define PACKAGE_URL ""
| #define PACKAGE "libupnp"
| #define VERSION "1.3.1"
| #define UPNP_VERSION_STRING "1.3.1"
| #define UPNP_VERSION_MAJOR 1
| #define UPNP_VERSION_MINOR 3
| #define UPNP_VERSION_PATCH 1
| #define NO_DEBUG 1
| #define NDEBUG 1
| #define UPNP_HAVE_CLIENT 1
| #define UPNP_HAVE_DEVICE 1
| #define UPNP_HAVE_WEBSERVER 1
| #define UPNP_HAVE_TOOLS 1
| #define STDC_HEADERS 1
| #define HAVE_SYS_TYPES_H 1
| #define HAVE_SYS_STAT_H 1
| #define HAVE_STDLIB_H 1
| #define HAVE_STRING_H 1
| #define HAVE_MEMORY_H 1
| #define HAVE_STRINGS_H 1
| #define HAVE_INTTYPES_H 1
| #define HAVE_STDINT_H 1
| #define HAVE_UNISTD_H 1
| #define HAVE_DLFCN_H 1
| #define _FILE_OFFSET_BITS 64
| #define STDC_HEADERS 1
| #define HAVE_ARPA_INET_H 1
| #define HAVE_FCNTL_H 1
| #define HAVE_LIMITS_H 1
| #define HAVE_MALLOC_H 1
| #define HAVE_NETDB_H 1
| #define HAVE_NETINET_IN_H 1
| #define HAVE_STDLIB_H 1
| #define HAVE_STRING_H 1
| #define HAVE_SYS_IOCTL_H 1
| #define HAVE_SYS_SOCKET_H 1
| #define HAVE_SYS_TIME_H 1
| #define HAVE_SYS_TIMEB_H 1
| #define HAVE_SYSLOG_H 1
| #define HAVE_UNISTD_H 1
| #define HAVE_VPRINTF 1
| #define _LARGEFILE_SOURCE 1
| #define HAVE_FSEEKO 1
| /* end confdefs.h.  */
| #include <pthread.h>
| int
| main ()
| {
| pthread_t th; pthread_join(th, 0);
|                      pthread_attr_init(0); pthread_cleanup_push(0, 0);
|                      pthread_create(0,0,0,0); pthread_cleanup_pop(0);
|   ;
|   return 0;
| }
configure:19845: result: no
configure:19753: checking whether pthreads work with -kthread
configure:19836: /opt/buildroot-gcc342/bin/mipsel-linux-gcc -o conftest  -Os -Wall -kthread   conftest.c   >&5
mipsel-linux-gcc: unrecognized option `-kthread'
conftest.c: In function `main':
conftest.c:55: warning: 'th' might be used uninitialized in this function
/tmp/ccgPMSZz.o: In function `main':conftest.c:(.text+0x18): undefined reference to `pthread_join'
:conftest.c:(.text+0x48): undefined reference to `_pthread_cleanup_push'
:conftest.c:(.text+0x60): undefined reference to `pthread_create'
:conftest.c:(.text+0x7c): undefined reference to `_pthread_cleanup_pop'
collect2: ld returned 1 exit status
configure:19836: $? = 1
configure: failed program was:
| /* confdefs.h */
| #define PACKAGE_NAME "libupnp"
| #define PACKAGE_TARNAME "libupnp"
| #define PACKAGE_VERSION "1.3.1"
| #define PACKAGE_STRING "libupnp 1.3.1"
| #define PACKAGE_BUGREPORT "r3mi@users.sourceforge.net"
| #define PACKAGE_URL ""
| #define PACKAGE "libupnp"
| #define VERSION "1.3.1"
| #define UPNP_VERSION_STRING "1.3.1"
| #define UPNP_VERSION_MAJOR 1
| #define UPNP_VERSION_MINOR 3
| #define UPNP_VERSION_PATCH 1
| #define NO_DEBUG 1
| #define NDEBUG 1
| #define UPNP_HAVE_CLIENT 1
| #define UPNP_HAVE_DEVICE 1
| #define UPNP_HAVE_WEBSERVER 1
| #define UPNP_HAVE_TOOLS 1
| #define STDC_HEADERS 1
| #define HAVE_SYS_TYPES_H 1
| #define HAVE_SYS_STAT_H 1
| #define HAVE_STDLIB_H 1
| #define HAVE_STRING_H 1
| #define HAVE_MEMORY_H 1
| #define HAVE_STRINGS_H 1
| #define HAVE_INTTYPES_H 1
| #define HAVE_STDINT_H 1
| #define HAVE_UNISTD_H 1
| #define HAVE_DLFCN_H 1
| #define _FILE_OFFSET_BITS 64
| #define STDC_HEADERS 1
| #define HAVE_ARPA_INET_H 1
| #define HAVE_FCNTL_H 1
| #define HAVE_LIMITS_H 1
| #define HAVE_MALLOC_H 1
| #define HAVE_NETDB_H 1
| #define HAVE_NETINET_IN_H 1
| #define HAVE_STDLIB_H 1
| #define HAVE_STRING_H 1
| #define HAVE_SYS_IOCTL_H 1
| #define HAVE_SYS_SOCKET_H 1
| #define HAVE_SYS_TIME_H 1
| #define HAVE_SYS_TIMEB_H 1
| #define HAVE_SYSLOG_H 1
| #define HAVE_UNISTD_H 1
| #define HAVE_VPRINTF 1
| #define _LARGEFILE_SOURCE 1
| #define HAVE_FSEEKO 1
| /* end confdefs.h.  */
| #include <pthread.h>
| int
| main ()
| {
| pthread_t th; pthread_join(th, 0);
|                      pthread_attr_init(0); pthread_cleanup_push(0, 0);
|                      pthread_create(0,0,0,0); pthread_cleanup_pop(0);
|   ;
|   return 0;
| }
configure:19845: result: no
configure:19803: checking for the pthreads library -llthread
configure:19836: /opt/buildroot-gcc342/bin/mipsel-linux-gcc -o conftest  -Os -Wall    conftest.c -llthread  >&5
conftest.c: In function `main':
conftest.c:55: warning: 'th' might be used uninitialized in this function
/opt/buildroot-gcc342/bin/../lib/gcc/mipsel-linux-uclibc/3.4.2/../../../../mipsel-linux-uclibc/bin/ld: cannot find -llthread
collect2: ld returned 1 exit status
configure:19836: $? = 1
configure: failed program was:
| /* confdefs.h */
| #define PACKAGE_NAME "libupnp"
| #define PACKAGE_TARNAME "libupnp"
| #define PACKAGE_VERSION "1.3.1"
| #define PACKAGE_STRING "libupnp 1.3.1"
| #define PACKAGE_BUGREPORT "r3mi@users.sourceforge.net"
| #define PACKAGE_URL ""
| #define PACKAGE "libupnp"
| #define VERSION "1.3.1"
| #define UPNP_VERSION_STRING "1.3.1"
| #define UPNP_VERSION_MAJOR 1
| #define UPNP_VERSION_MINOR 3
| #define UPNP_VERSION_PATCH 1
| #define NO_DEBUG 1
| #define NDEBUG 1
| #define UPNP_HAVE_CLIENT 1
| #define UPNP_HAVE_DEVICE 1
| #define UPNP_HAVE_WEBSERVER 1
| #define UPNP_HAVE_TOOLS 1
| #define STDC_HEADERS 1
| #define HAVE_SYS_TYPES_H 1
| #define HAVE_SYS_STAT_H 1
| #define HAVE_STDLIB_H 1
| #define HAVE_STRING_H 1
| #define HAVE_MEMORY_H 1
| #define HAVE_STRINGS_H 1
| #define HAVE_INTTYPES_H 1
| #define HAVE_STDINT_H 1
| #define HAVE_UNISTD_H 1
| #define HAVE_DLFCN_H 1
| #define _FILE_OFFSET_BITS 64
| #define STDC_HEADERS 1
| #define HAVE_ARPA_INET_H 1
| #define HAVE_FCNTL_H 1
| #define HAVE_LIMITS_H 1
| #define HAVE_MALLOC_H 1
| #define HAVE_NETDB_H 1
| #define HAVE_NETINET_IN_H 1
| #define HAVE_STDLIB_H 1
| #define HAVE_STRING_H 1
| #define HAVE_SYS_IOCTL_H 1
| #define HAVE_SYS_SOCKET_H 1
| #define HAVE_SYS_TIME_H 1
| #define HAVE_SYS_TIMEB_H 1
| #define HAVE_SYSLOG_H 1
| #define HAVE_UNISTD_H 1
| #define HAVE_VPRINTF 1
| #define _LARGEFILE_SOURCE 1
| #define HAVE_FSEEKO 1
| /* end confdefs.h.  */
| #include <pthread.h>
| int
| main ()
| {
| pthread_t th; pthread_join(th, 0);
|                      pthread_attr_init(0); pthread_cleanup_push(0, 0);
|                      pthread_create(0,0,0,0); pthread_cleanup_pop(0);
|   ;
|   return 0;
| }
configure:19845: result: no
configure:19753: checking whether pthreads work with -pthread
configure:19836: /opt/buildroot-gcc342/bin/mipsel-linux-gcc -o conftest  -Os -Wall -pthread   conftest.c   >&5
conftest.c: In function `main':
conftest.c:55: warning: 'th' might be used uninitialized in this function
configure:19836: $? = 0
configure:19845: result: yes
configure:19864: checking for joinable pthread attribute
configure:19879: /opt/buildroot-gcc342/bin/mipsel-linux-gcc -o conftest  -Os -Wall -pthread   conftest.c   >&5
configure:19879: $? = 0
configure:19885: result: PTHREAD_CREATE_JOINABLE
configure:19895: checking if more special flags are required for pthreads
configure:19902: result: no
configure:19914: checking for cc_r
configure:19942: result: /opt/buildroot-gcc342/bin/mipsel-linux-gcc
configure:20132: creating ./config.status

## ---------------------- ##
## Running config.status. ##
## ---------------------- ##

This file was extended by libupnp config.status 1.3.1, which was
generated by GNU Autoconf 2.69.  Invocation command line was

  CONFIG_FILES    = 
  CONFIG_HEADERS  = 
  CONFIG_LINKS    = 
  CONFIG_COMMANDS = 
  $ ./config.status 

on cs-6000-devshell-vm-1004102d-29d1-4a86-bd0d-9a35e9a39b56

config.status:921: creating Makefile
config.status:1024: WARNING:  'Makefile.in' seems to ignore the --datarootdir setting
config.status:921: creating ixml/Makefile
config.status:1024: WARNING:  'ixml/Makefile.in' seems to ignore the --datarootdir setting
config.status:921: creating ixml/doc/Makefile
config.status:1024: WARNING:  'ixml/doc/Makefile.in' seems to ignore the --datarootdir setting
config.status:921: creating threadutil/Makefile
config.status:1024: WARNING:  'threadutil/Makefile.in' seems to ignore the --datarootdir setting
config.status:921: creating upnp/Makefile
config.status:1024: WARNING:  'upnp/Makefile.in' seems to ignore the --datarootdir setting
config.status:921: creating upnp/doc/Makefile
config.status:1024: WARNING:  'upnp/doc/Makefile.in' seems to ignore the --datarootdir setting
config.status:921: creating libupnp.pc
config.status:921: creating autoconfig.h
config.status:1096: autoconfig.h is unchanged
config.status:921: creating upnp/inc/upnpconfig.h
config.status:1096: upnp/inc/upnpconfig.h is unchanged
config.status:1143: executing depfiles commands

## ---------------- ##
## Cache variables. ##
## ---------------- ##

ac_cv_build=x86_64-unknown-linux-gnu
ac_cv_c_compiler_gnu=yes
ac_cv_c_const=yes
ac_cv_cflags_gcc_option__Os=-Os
ac_cv_cflags_warn_all=-Wall
ac_cv_cxx_compiler_gnu=yes
ac_cv_env_CCC_set=
ac_cv_env_CCC_value=
ac_cv_env_CC_set=set
ac_cv_env_CC_value=/opt/buildroot-gcc342/bin/mipsel-linux-gcc
ac_cv_env_CFLAGS_set=set
ac_cv_env_CFLAGS_value=
ac_cv_env_CPPFLAGS_set=
ac_cv_env_CPPFLAGS_value=
ac_cv_env_CPP_set=
ac_cv_env_CPP_value=
ac_cv_env_CXXCPP_set=
ac_cv_env_CXXCPP_value=
ac_cv_env_CXXFLAGS_set=
ac_cv_env_CXXFLAGS_value=
ac_cv_env_CXX_set=set
ac_cv_env_CXX_value=
ac_cv_env_F77_set=
ac_cv_env_F77_value=
ac_cv_env_FFLAGS_set=
ac_cv_env_FFLAGS_value=
ac_cv_env_LDFLAGS_set=
ac_cv_env_LDFLAGS_value=
ac_cv_env_LIBS_set=
ac_cv_env_LIBS_value=
ac_cv_env_build_alias_set=
ac_cv_env_build_alias_value=
ac_cv_env_host_alias_set=set
ac_cv_env_host_alias_value=mipsel-linux
ac_cv_env_target_alias_set=
ac_cv_env_target_alias_value=
ac_cv_f77_compiler_gnu=no
ac_cv_func__doprnt=no
ac_cv_func_vprintf=yes
ac_cv_header_arpa_inet_h=yes
ac_cv_header_dlfcn_h=yes
ac_cv_header_fcntl_h=yes
ac_cv_header_inttypes_h=yes
ac_cv_header_limits_h=yes
ac_cv_header_malloc_h=yes
ac_cv_header_memory_h=yes
ac_cv_header_netdb_h=yes
ac_cv_header_netinet_in_h=yes
ac_cv_header_stdc=yes
ac_cv_header_stdint_h=yes
ac_cv_header_stdlib_h=yes
ac_cv_header_string_h=yes
ac_cv_header_strings_h=yes
ac_cv_header_sys_ioctl_h=yes
ac_cv_header_sys_socket_h=yes
ac_cv_header_sys_stat_h=yes
ac_cv_header_sys_time_h=yes
ac_cv_header_sys_timeb_h=yes
ac_cv_header_sys_types_h=yes
ac_cv_header_syslog_h=yes
ac_cv_header_unistd_h=yes
ac_cv_host=mipsel-unknown-linux-gnu
ac_cv_objext=o
ac_cv_path_EGREP='/bin/grep -E'
ac_cv_path_GREP=/bin/grep
ac_cv_path_install='/usr/bin/install -c'
ac_cv_prog_AWK=mawk
ac_cv_prog_CC=/opt/buildroot-gcc342/bin/mipsel-linux-gcc
ac_cv_prog_CPP='/opt/buildroot-gcc342/bin/mipsel-linux-gcc -E'
ac_cv_prog_CXXCPP='g++ -E'
ac_cv_prog_PTHREAD_CC=/opt/buildroot-gcc342/bin/mipsel-linux-gcc
ac_cv_prog_STRIP=strip
ac_cv_prog_ac_ct_AR=ar
ac_cv_prog_ac_ct_CXX=g++
ac_cv_prog_ac_ct_RANLIB=ranlib
ac_cv_prog_ac_ct_STRIP=strip
ac_cv_prog_cc__opt_buildroot_gcc342_bin_mipsel_linux_gcc_c_o=yes
ac_cv_prog_cc_c89=
ac_cv_prog_cc_g=yes
ac_cv_prog_cxx_g=yes
ac_cv_prog_f77_g=no
ac_cv_prog_make_make_set=yes
ac_cv_sys_file_offset_bits=64
ac_cv_sys_largefile_CC=no
ac_cv_sys_largefile_source=1
ac_cv_type_size_t=yes
ac_cv_type_socklen_t=yes
am_cv_CC_dependencies_compiler_type=gcc3
am_cv_CXX_dependencies_compiler_type=gcc3
lt_cv_deplibs_check_method=pass_all
lt_cv_file_magic_cmd='$MAGIC_CMD'
lt_cv_file_magic_test_file='/lib/libc.so* /lib/libc-*.so'
lt_cv_ld_reload_flag=-r
lt_cv_objdir=.libs
lt_cv_path_LD=/opt/buildroot-gcc342/bin/mipsel-linux-ld
lt_cv_path_LDCXX=/opt/buildroot-gcc342/bin/mipsel-linux-ld
lt_cv_path_NM='"/opt/buildroot-gcc342/bin"/mipsel-linux-uclibc-nm'
lt_cv_path_SED=/bin/sed
lt_cv_prog_compiler_c_o=yes
lt_cv_prog_compiler_c_o_CXX=yes
lt_cv_prog_compiler_rtti_exceptions=no
lt_cv_prog_gnu_ld=yes
lt_cv_prog_gnu_ldcxx=yes
lt_cv_sys_global_symbol_pipe='sed -n -e '\''s/^.*[ 	]\([BCDEGRST][BCDEGRST]*\)[ 	][ 	]*\(\)\([_A-Za-z][_A-Za-z0-9]*\)$/\1 \2\3 \3/p'\'''
lt_cv_sys_global_symbol_to_c_name_address='sed -n -e '\''s/^: \([^ ]*\) $/  {\"\1\", (lt_ptr) 0},/p'\'' -e '\''s/^[BCDEGRST] \([^ ]*\) \([^ ]*\)$/  {"\2", (lt_ptr) \&\2},/p'\'''
lt_cv_sys_global_symbol_to_cdecl='sed -n -e '\''s/^. .* \(.*\)$/extern int \1;/p'\'''
lt_cv_sys_max_cmd_len=32768
lt_lt_cv_prog_compiler_c_o='"yes"'
lt_lt_cv_prog_compiler_c_o_CXX='"yes"'
lt_lt_cv_sys_global_symbol_pipe='"sed -n -e '\''s/^.*[ 	]\\([BCDEGRST][BCDEGRST]*\\)[ 	][ 	]*\\(\\)\\([_A-Za-z][_A-Za-z0-9]*\\)\$/\\1 \\2\\3 \\3/p'\''"'
lt_lt_cv_sys_global_symbol_to_c_name_address='"sed -n -e '\''s/^: \\([^ ]*\\) \$/  {\\\"\\1\\\", (lt_ptr) 0},/p'\'' -e '\''s/^[BCDEGRST] \\([^ ]*\\) \\([^ ]*\\)\$/  {\"\\2\", (lt_ptr) \\&\\2},/p'\''"'
lt_lt_cv_sys_global_symbol_to_cdecl='"sed -n -e '\''s/^. .* \\(.*\\)\$/extern int \\1;/p'\''"'

## ----------------- ##
## Output variables. ##
## ----------------- ##

ACLOCAL='${SHELL} /home/prokascc/Source/lib/libupnp/config.aux/missing --run aclocal-1.9'
AMDEPBACKSLASH='\'
AMDEP_FALSE='#'
AMDEP_TRUE=''
AMTAR='${SHELL} /home/prokascc/Source/lib/libupnp/config.aux/missing --run tar'
AR='ar'
AUTOCONF='${SHELL} /home/prokascc/Source/lib/libupnp/config.aux/missing --run autoconf'
AUTOHEADER='${SHELL} /home/prokascc/Source/lib/libupnp/config.aux/missing --run autoheader'
AUTOMAKE='${SHELL} /home/prokascc/Source/lib/libupnp/config.aux/missing --run automake-1.9'
AWK='mawk'
CC='/opt/buildroot-gcc342/bin/mipsel-linux-gcc'
CCDEPMODE='depmode=gcc3'
CFLAGS=' -Os -Wall'
CPP='/opt/buildroot-gcc342/bin/mipsel-linux-gcc -E'
CPPFLAGS=''
CXX='g++'
CXXCPP='g++ -E'
CXXDEPMODE='depmode=gcc3'
CXXFLAGS='-g -O2'
CYGPATH_W='echo'
DEFS='-DHAVE_CONFIG_H'
DEPDIR='.deps'
ECHO='echo'
ECHO_C=''
ECHO_N='-n'
ECHO_T=''
EGREP='/bin/grep -E'
ENABLE_CLIENT_FALSE='#'
ENABLE_CLIENT_TRUE=''
ENABLE_DEBUG_FALSE=''
ENABLE_DEBUG_TRUE='#'
ENABLE_DEVICE_FALSE='#'
ENABLE_DEVICE_TRUE=''
ENABLE_TOOLS_FALSE='#'
ENABLE_TOOLS_TRUE=''
ENABLE_WEBSERVER_FALSE='#'
ENABLE_WEBSERVER_TRUE=''
EXEEXT=''
F77=''
FFLAGS=''
GREP='/bin/grep'
INSTALL_DATA='${INSTALL} -m 644'
INSTALL_PROGRAM='${INSTALL}'
INSTALL_SCRIPT='${INSTALL}'
INSTALL_STRIP_PROGRAM='${SHELL} $(install_sh) -c -s'
LDFLAGS=''
LIBOBJS=''
LIBS=''
LIBTOOL='$(SHELL) $(top_builddir)/libtool'
LN_S='ln -s'
LTLIBOBJS=''
LT_VERSION_IXML='2:0:0'
LT_VERSION_THREADUTIL='2:0:0'
LT_VERSION_UPNP='2:1:0'
MAKEINFO='${SHELL} /home/prokascc/Source/lib/libupnp/config.aux/missing --run makeinfo'
OBJEXT='o'
PACKAGE='libupnp'
PACKAGE_BUGREPORT='r3mi@users.sourceforge.net'
PACKAGE_NAME='libupnp'
PACKAGE_STRING='libupnp 1.3.1'
PACKAGE_TARNAME='libupnp'
PACKAGE_URL=''
PACKAGE_VERSION='1.3.1'
PATH_SEPARATOR=':'
PTHREAD_CC='/opt/buildroot-gcc342/bin/mipsel-linux-gcc'
PTHREAD_CFLAGS='-pthread'
PTHREAD_LIBS=''
RANLIB='ranlib'
SET_MAKE=''
SHELL='/bin/bash'
STRIP='strip'
VERSION='1.3.1'
ac_ct_CC=''
ac_ct_CXX='g++'
ac_ct_F77=''
acx_pthread_config=''
am__fastdepCC_FALSE='#'
am__fastdepCC_TRUE=''
am__fastdepCXX_FALSE='#'
am__fastdepCXX_TRUE=''
am__include='include'
am__leading_dot='.'
am__quote=''
am__tar='${AMTAR} chof - "$$tardir"'
am__untar='${AMTAR} xf -'
bindir='${exec_prefix}/bin'
build='x86_64-unknown-linux-gnu'
build_alias=''
build_cpu='x86_64'
build_os='linux-gnu'
build_vendor='unknown'
datadir='${datarootdir}'
datarootdir='${prefix}/share'
docdir='${datarootdir}/doc/${PACKAGE_TARNAME}'
dvidir='${docdir}'
exec_prefix='${prefix}'
host='mipsel-unknown-linux-gnu'
host_alias='mipsel-linux'
host_cpu='mipsel'
host_os='linux-gnu'
host_vendor='unknown'
htmldir='${docdir}'
includedir='${prefix}/include'
infodir='${datarootdir}/info'
install_sh='/home/prokascc/Source/lib/libupnp/config.aux/install-sh'
libdir='${exec_prefix}/lib'
libexecdir='${exec_prefix}/libexec'
localedir='${datarootdir}/locale'
localstatedir='${prefix}/var'
mandir='${datarootdir}/man'
mkdir_p='mkdir -p --'
oldincludedir='/usr/include'
pdfdir='${docdir}'
prefix='/usr/local'
program_transform_name='s,x,x,'
psdir='${docdir}'
runstatedir='${localstatedir}/run'
sbindir='${exec_prefix}/sbin'
sharedstatedir='${prefix}/com'
sysconfdir='${prefix}/etc'
target_alias=''

## ----------- ##
## confdefs.h. ##
## ----------- ##

/* confdefs.h */
#define PACKAGE_NAME "libupnp"
#define PACKAGE_TARNAME "libupnp"
#define PACKAGE_VERSION "1.3.1"
#define PACKAGE_STRING "libupnp 1.3.1"
#define PACKAGE_BUGREPORT "r3mi@users.sourceforge.net"
#define PACKAGE_URL ""
#define PACKAGE "libupnp"
#define VERSION "1.3.1"
#define UPNP_VERSION_STRING "1.3.1"
#define UPNP_VERSION_MAJOR 1
#define UPNP_VERSION_MINOR 3
#define UPNP_VERSION_PATCH 1
#define NO_DEBUG 1
#define NDEBUG 1
#define UPNP_HAVE_CLIENT 1
#define UPNP_HAVE_DEVICE 1
#define UPNP_HAVE_WEBSERVER 1
#define UPNP_HAVE_TOOLS 1
#define STDC_HEADERS 1
#define HAVE_SYS_TYPES_H 1
#define HAVE_SYS_STAT_H 1
#define HAVE_STDLIB_H 1
#define HAVE_STRING_H 1
#define HAVE_MEMORY_H 1
#define HAVE_STRINGS_H 1
#define HAVE_INTTYPES_H 1
#define HAVE_STDINT_H 1
#define HAVE_UNISTD_H 1
#define HAVE_DLFCN_H 1
#define _FILE_OFFSET_BITS 64
#define STDC_HEADERS 1
#define HAVE_ARPA_INET_H 1
#define HAVE_FCNTL_H 1
#define HAVE_LIMITS_H 1
#define HAVE_MALLOC_H 1
#define HAVE_NETDB_H 1
#define HAVE_NETINET_IN_H 1
#define HAVE_STDLIB_H 1
#define HAVE_STRING_H 1
#define HAVE_SYS_IOCTL_H 1
#define HAVE_SYS_SOCKET_H 1
#define HAVE_SYS_TIME_H 1
#define HAVE_SYS_TIMEB_H 1
#define HAVE_SYSLOG_H 1
#define HAVE_UNISTD_H 1
#define HAVE_VPRINTF 1
#define _LARGEFILE_SOURCE 1
#define HAVE_FSEEKO 1
#define HAVE_PTHREAD 1

configure: exit 0
