This file contains any messages produced by compilers while
running configure, to aid debugging if configure makes a mistake.

It was created by gupnp configure 0.19.0, which was
generated by GNU Autoconf 2.68.  Invocation command line was

  $ ./configure --host=mipsel-linux --disable-gtk-doc --enable-introspection=no

## --------- ##
## Platform. ##
## --------- ##

hostname = localhost.localdomain
uname -m = i686
uname -r = 3.2.7
uname -s = Linux
uname -v = #8 SMP Wed May 23 17:23:59 CST 2012

/usr/bin/uname -p = unknown
/bin/uname -X     = unknown

/bin/arch              = i686
/usr/bin/arch -k       = unknown
/usr/convex/getsysinfo = unknown
/usr/bin/hostinfo      = unknown
/bin/machine           = unknown
/usr/bin/oslevel       = unknown
/bin/universe          = unknown

PATH: /usr/lib/ccache
PATH: /usr/local/bin
PATH: /usr/bin
PATH: /bin
PATH: /usr/local/sbin
PATH: /usr/sbin
PATH: /sbin
PATH: /usr/local/ARM920T_UC28_GCC336/bin
PATH: /usr/local/MIPS_UC28_GCC336/bin
PATH: /usr/local/X86_UC28_GCC336/bin
PATH: /opt/freescale/usr/local/gcc-4.0.2-glibc-2.3.6-nptl-2/powerpc-e300c3-linux/bin
PATH: /mybin
PATH: /home/vic/.local/bin
PATH: /home/vic/bin
PATH: /opt/brcm/hndtools-mipsel-linux/bin
PATH: /opt/brcm/hndtools-mipsel-uclibc/bin


## ----------- ##
## Core tests. ##
## ----------- ##

configure:2260: checking build system type
configure:2274: result: i686-pc-linux-gnu
configure:2294: checking host system type
configure:2307: result: mipsel-unknown-linux-gnu
configure:2327: checking target system type
configure:2340: result: mipsel-unknown-linux-gnu
configure:2383: checking for a BSD-compatible install
configure:2451: result: /usr/bin/install -c
configure:2462: checking whether build environment is sane
configure:2512: result: yes
configure:2561: checking for mipsel-linux-strip
configure:2588: result: mipsel-linux-strip
configure:2653: checking for a thread-safe mkdir -p
configure:2692: result: /bin/mkdir -p
configure:2705: checking for gawk
configure:2721: found /usr/bin/gawk
configure:2732: result: gawk
configure:2743: checking whether make sets $(MAKE)
configure:2765: result: yes
configure:2840: checking how to create a ustar tar archive
configure:2853: tar --version
tar (GNU tar) 1.26
Copyright (C) 2011 Free Software Foundation, Inc.
License GPLv3+: GNU GPL version 3 or later <http://gnu.org/licenses/gpl.html>.
This is free software: you are free to change and redistribute it.
There is NO WARRANTY, to the extent permitted by law.

Written by John Gilmore and Jay Fenlason.
configure:2856: $? = 0
configure:2896: tardir=conftest.dir && eval tar --format=ustar -chf - "$tardir" >conftest.tar
configure:2899: $? = 0
configure:2903: tar -xf - <conftest.tar
configure:2906: $? = 0
configure:2919: result: gnutar
configure:2927: checking whether to disable maintainer-specific portions of Makefiles
configure:2936: result: yes
configure:2972: checking for mipsel-linux-gcc
configure:2999: result: mipsel-linux-gcc
configure:3268: checking for C compiler version
configure:3277: mipsel-linux-gcc --version >&5
mipsel-linux-gcc (GCC) 4.2.4
Copyright (C) 2007 Free Software Foundation, Inc.
This is free software; see the source for copying conditions.  There is NO
warranty; not even for MERCHANTABILITY or FITNESS FOR A PARTICULAR PURPOSE.

configure:3288: $? = 0
configure:3277: mipsel-linux-gcc -v >&5
Using built-in specs.
Target: mipsel-linux-uclibc
Configured with: /source/asuswrt/toolchain/build_dir/toolchain-mipsel_gcc4.2.4/gcc-4.2.4/configure --prefix=/opt/brcm/hndtools-mipsel-uclibc-4.2.4 --build=i686-redhat-linux --host=i686-redhat-linux --target=mipsel-linux-uclibc --with-gnu-ld --enable-target-optspace --disable-libgomp --disable-libmudflap --disable-multilib --disable-nls --disable-__cxa_atexit --enable-libssp --enable-languages=c,c++ --enable-shared --enable-threads --disable-tls
Thread model: posix
gcc version 4.2.4
configure:3288: $? = 0
configure:3277: mipsel-linux-gcc -V >&5
mipsel-linux-gcc: '-V' option must have argument
configure:3288: $? = 1
configure:3277: mipsel-linux-gcc -qversion >&5
mipsel-linux-gcc: unrecognized option '-qversion'
mipsel-linux-gcc: no input files
configure:3288: $? = 1
configure:3308: checking whether the C compiler works
configure:3330: mipsel-linux-gcc    conftest.c  >&5
configure:3334: $? = 0
configure:3382: result: yes
configure:3385: checking for C compiler default output file name
configure:3387: result: a.out
configure:3393: checking for suffix of executables
configure:3400: mipsel-linux-gcc -o conftest    conftest.c  >&5
configure:3404: $? = 0
configure:3426: result: 
configure:3448: checking whether we are cross compiling
configure:3456: mipsel-linux-gcc -o conftest    conftest.c  >&5
configure:3460: $? = 0
configure:3467: ./conftest
./configure: line 3469: ./conftest: cannot execute binary file
configure:3471: $? = 126
configure:3486: result: yes
configure:3491: checking for suffix of object files
configure:3513: mipsel-linux-gcc -c   conftest.c >&5
configure:3517: $? = 0
configure:3538: result: o
configure:3542: checking whether we are using the GNU C compiler
configure:3561: mipsel-linux-gcc -c   conftest.c >&5
configure:3561: $? = 0
configure:3570: result: yes
configure:3579: checking whether mipsel-linux-gcc accepts -g
configure:3599: mipsel-linux-gcc -c -g  conftest.c >&5
configure:3599: $? = 0
configure:3640: result: yes
configure:3657: checking for mipsel-linux-gcc option to accept ISO C89
configure:3721: mipsel-linux-gcc  -c -g -O2  conftest.c >&5
configure:3721: $? = 0
configure:3734: result: none needed
configure:3765: checking for style of include used by make
configure:3793: result: GNU
configure:3818: checking dependency style of mipsel-linux-gcc
configure:3928: result: gcc3
configure:3949: checking how to run the C preprocessor
configure:3980: mipsel-linux-gcc -E  conftest.c
configure:3980: $? = 0
configure:3994: mipsel-linux-gcc -E  conftest.c
conftest.c:11:28: error: ac_nonexistent.h: No such file or directory
configure:3994: $? = 1
configure: failed program was:
| /* confdefs.h */
| #define PACKAGE_NAME "gupnp"
| #define PACKAGE_TARNAME "gupnp"
| #define PACKAGE_VERSION "0.19.0"
| #define PACKAGE_STRING "gupnp 0.19.0"
| #define PACKAGE_BUGREPORT "http://bugzilla.gnome.org/enter_bug.cgi?product=gupnp&component=gupnp"
| #define PACKAGE_URL "http://www.gupnp.org/"
| #define PACKAGE "gupnp"
| #define VERSION "0.19.0"
| /* end confdefs.h.  */
| #include <ac_nonexistent.h>
configure:4019: result: mipsel-linux-gcc -E
configure:4039: mipsel-linux-gcc -E  conftest.c
configure:4039: $? = 0
configure:4053: mipsel-linux-gcc -E  conftest.c
conftest.c:11:28: error: ac_nonexistent.h: No such file or directory
configure:4053: $? = 1
configure: failed program was:
| /* confdefs.h */
| #define PACKAGE_NAME "gupnp"
| #define PACKAGE_TARNAME "gupnp"
| #define PACKAGE_VERSION "0.19.0"
| #define PACKAGE_STRING "gupnp 0.19.0"
| #define PACKAGE_BUGREPORT "http://bugzilla.gnome.org/enter_bug.cgi?product=gupnp&component=gupnp"
| #define PACKAGE_URL "http://www.gupnp.org/"
| #define PACKAGE "gupnp"
| #define VERSION "0.19.0"
| /* end confdefs.h.  */
| #include <ac_nonexistent.h>
configure:4082: checking for grep that handles long lines and -e
configure:4140: result: /bin/grep
configure:4145: checking for egrep
configure:4207: result: /bin/grep -E
configure:4212: checking for ANSI C header files
configure:4232: mipsel-linux-gcc -c -g -O2  conftest.c >&5
configure:4232: $? = 0
configure:4316: result: yes
configure:4329: checking for sys/types.h
configure:4329: mipsel-linux-gcc -c -g -O2  conftest.c >&5
configure:4329: $? = 0
configure:4329: result: yes
configure:4329: checking for sys/stat.h
configure:4329: mipsel-linux-gcc -c -g -O2  conftest.c >&5
configure:4329: $? = 0
configure:4329: result: yes
configure:4329: checking for stdlib.h
configure:4329: mipsel-linux-gcc -c -g -O2  conftest.c >&5
configure:4329: $? = 0
configure:4329: result: yes
configure:4329: checking for string.h
configure:4329: mipsel-linux-gcc -c -g -O2  conftest.c >&5
configure:4329: $? = 0
configure:4329: result: yes
configure:4329: checking for memory.h
configure:4329: mipsel-linux-gcc -c -g -O2  conftest.c >&5
configure:4329: $? = 0
configure:4329: result: yes
configure:4329: checking for strings.h
configure:4329: mipsel-linux-gcc -c -g -O2  conftest.c >&5
configure:4329: $? = 0
configure:4329: result: yes
configure:4329: checking for inttypes.h
configure:4329: mipsel-linux-gcc -c -g -O2  conftest.c >&5
configure:4329: $? = 0
configure:4329: result: yes
configure:4329: checking for stdint.h
configure:4329: mipsel-linux-gcc -c -g -O2  conftest.c >&5
configure:4329: $? = 0
configure:4329: result: yes
configure:4329: checking for unistd.h
configure:4329: mipsel-linux-gcc -c -g -O2  conftest.c >&5
configure:4329: $? = 0
configure:4329: result: yes
configure:4347: checking for stdlib.h
configure:4347: result: yes
configure:4347: checking for unistd.h
configure:4347: result: yes
configure:4347: checking for sys/param.h
configure:4347: mipsel-linux-gcc -c -g -O2  conftest.c >&5
configure:4347: $? = 0
configure:4347: result: yes
configure:4367: checking for getpagesize
configure:4367: mipsel-linux-gcc -o conftest -g -O2   conftest.c  >&5
configure:4367: $? = 0
configure:4367: result: yes
configure:4376: checking for working mmap
configure:4533: result: no
configure:4549: checking for special C compiler options needed for large files
configure:4594: result: no
configure:4600: checking for _FILE_OFFSET_BITS value needed for large files
configure:4625: mipsel-linux-gcc -c -g -O2  conftest.c >&5
conftest.c:31: warning: left shift count >= width of type
conftest.c:31: warning: left shift count >= width of type
conftest.c:33: error: size of array 'off_t_is_large' is negative
configure:4625: $? = 1
configure: failed program was:
| /* confdefs.h */
| #define PACKAGE_NAME "gupnp"
| #define PACKAGE_TARNAME "gupnp"
| #define PACKAGE_VERSION "0.19.0"
| #define PACKAGE_STRING "gupnp 0.19.0"
| #define PACKAGE_BUGREPORT "http://bugzilla.gnome.org/enter_bug.cgi?product=gupnp&component=gupnp"
| #define PACKAGE_URL "http://www.gupnp.org/"
| #define PACKAGE "gupnp"
| #define VERSION "0.19.0"
| #define STDC_HEADERS 1
| #define HAVE_SYS_TYPES_H 1
| #define HAVE_SYS_STAT_H 1
| #define HAVE_STDLIB_H 1
| #define HAVE_STRING_H 1
| #define HAVE_MEMORY_H 1
| #define HAVE_STRINGS_H 1
| #define HAVE_INTTYPES_H 1
| #define HAVE_STDINT_H 1
| #define HAVE_UNISTD_H 1
| #define HAVE_STDLIB_H 1
| #define HAVE_UNISTD_H 1
| #define HAVE_SYS_PARAM_H 1
| #define HAVE_GETPAGESIZE 1
| /* end confdefs.h.  */
| #include <sys/types.h>
|  /* Check that off_t can represent 2**63 - 1 correctly.
|     We can't simply define LARGE_OFF_T to be 9223372036854775807,
|     since some C++ compilers masquerading as C compilers
|     incorrectly reject 9223372036854775807.  */
| #define LARGE_OFF_T (((off_t) 1 << 62) - 1 + ((off_t) 1 << 62))
|   int off_t_is_large[(LARGE_OFF_T % 2147483629 == 721
| 		       && LARGE_OFF_T % 2147483647 == 1)
| 		      ? 1 : -1];
| int
| main ()
| {
| 
|   ;
|   return 0;
| }
configure:4649: mipsel-linux-gcc -c -g -O2  conftest.c >&5
configure:4649: $? = 0
configure:4657: result: 64
configure:4789: checking how to print strings
configure:4816: result: printf
configure:4837: checking for a sed that does not truncate output
configure:4901: result: /bin/sed
configure:4919: checking for fgrep
configure:4981: result: /bin/grep -F
configure:5016: checking for ld used by mipsel-linux-gcc
configure:5083: result: mipsel-linux-ld
configure:5090: checking if the linker (mipsel-linux-ld) is GNU ld
configure:5105: result: yes
configure:5117: checking for BSD- or MS-compatible name lister (nm)
configure:5166: result: /opt/brcm/hndtools-mipsel-linux/bin/mipsel-linux-nm -B
configure:5296: checking the name lister (/opt/brcm/hndtools-mipsel-linux/bin/mipsel-linux-nm -B) interface
configure:5303: mipsel-linux-gcc -c -g -O2  conftest.c >&5
configure:5306: /opt/brcm/hndtools-mipsel-linux/bin/mipsel-linux-nm -B "conftest.o"
configure:5309: output
00000000 B some_variable
configure:5316: result: BSD nm
configure:5319: checking whether ln -s works
configure:5323: result: yes
configure:5331: checking the maximum length of command line arguments
configure:5456: result: 1572864
configure:5473: checking whether the shell understands some XSI constructs
configure:5483: result: yes
configure:5487: checking whether the shell understands "+="
configure:5493: result: yes
configure:5528: checking how to convert i686-pc-linux-gnu file names to mipsel-unknown-linux-gnu format
configure:5568: result: func_convert_file_noop
configure:5575: checking how to convert i686-pc-linux-gnu file names to toolchain format
configure:5595: result: func_convert_file_noop
configure:5602: checking for mipsel-linux-ld option to reload object files
configure:5609: result: -r
configure:5643: checking for mipsel-linux-objdump
configure:5659: found /opt/brcm/hndtools-mipsel-linux/bin/mipsel-linux-objdump
configure:5670: result: mipsel-linux-objdump
configure:5742: checking how to recognize dependent libraries
configure:5944: result: pass_all
configure:5989: checking for mipsel-linux-dlltool
configure:6019: result: no
configure:6029: checking for dlltool
configure:6059: result: no
configure:6089: checking how to associate runtime and link libraries
configure:6116: result: printf %s\n
configure:6132: checking for mipsel-linux-ar
configure:6159: result: mipsel-linux-ar
configure:6240: checking for archiver @FILE support
configure:6257: mipsel-linux-gcc -c -g -O2  conftest.c >&5
configure:6257: $? = 0
configure:6260: mipsel-linux-ar cru libconftest.a @conftest.lst >&5
configure:6263: $? = 0
configure:6268: mipsel-linux-ar cru libconftest.a @conftest.lst >&5
mipsel-linux-ar: conftest.o: No such file or directory
configure:6271: $? = 1
configure:6283: result: @
configure:6301: checking for mipsel-linux-strip
configure:6328: result: mipsel-linux-strip
configure:6400: checking for mipsel-linux-ranlib
configure:6416: found /opt/brcm/hndtools-mipsel-linux/bin/mipsel-linux-ranlib
configure:6427: result: mipsel-linux-ranlib
configure:6569: checking command to parse /opt/brcm/hndtools-mipsel-linux/bin/mipsel-linux-nm -B output from mipsel-linux-gcc object
configure:6688: mipsel-linux-gcc -c -g -O2  conftest.c >&5
configure:6691: $? = 0
configure:6695: /opt/brcm/hndtools-mipsel-linux/bin/mipsel-linux-nm -B conftest.o \| sed -n -e 's/^.*[ ]\([ABCDGIRSTW][ABCDGIRSTW]*\)[ ][ ]*\([_A-Za-z][_A-Za-z0-9]*\)$/\1 \2 \2/p' | sed '/ __gnu_lto/d' \> conftest.nm
configure:6698: $? = 0
configure:6764: mipsel-linux-gcc -o conftest -g -O2   conftest.c conftstm.o >&5
configure:6767: $? = 0
configure:6805: result: ok
configure:6842: checking for sysroot
configure:6872: result: no
configure:7075: checking for mipsel-linux-mt
configure:7105: result: no
configure:7115: checking for mt
configure:7145: result: no
configure:7165: checking if : is a manifest tool
configure:7171: : '-?'
configure:7179: result: no
configure:7808: checking for dlfcn.h
configure:7808: mipsel-linux-gcc -c -g -O2  conftest.c >&5
configure:7808: $? = 0
configure:7808: result: yes
configure:7995: checking for objdir
configure:8010: result: .libs
configure:8281: checking if mipsel-linux-gcc supports -fno-rtti -fno-exceptions
configure:8299: mipsel-linux-gcc -c -g -O2  -fno-rtti -fno-exceptions conftest.c >&5
cc1: warning: command line option "-fno-rtti" is valid for C++/ObjC++ but not for C
configure:8303: $? = 0
configure:8316: result: no
configure:8626: checking for mipsel-linux-gcc option to produce PIC
configure:8633: result: -fPIC -DPIC
configure:8641: checking if mipsel-linux-gcc PIC flag -fPIC -DPIC works
configure:8659: mipsel-linux-gcc -c -g -O2  -fPIC -DPIC -DPIC conftest.c >&5
configure:8663: $? = 0
configure:8676: result: yes
configure:8705: checking if mipsel-linux-gcc static flag -static works
configure:8733: result: yes
configure:8748: checking if mipsel-linux-gcc supports -c -o file.o
configure:8769: mipsel-linux-gcc -c -g -O2  -o out/conftest2.o conftest.c >&5
configure:8773: $? = 0
configure:8795: result: yes
configure:8803: checking if mipsel-linux-gcc supports -c -o file.o
configure:8850: result: yes
configure:8883: checking whether the mipsel-linux-gcc linker (mipsel-linux-ld) supports shared libraries
configure:10041: result: yes
configure:10078: checking whether -lc should be explicitly linked in
configure:10086: mipsel-linux-gcc -c -g -O2  conftest.c >&5
configure:10089: $? = 0
configure:10104: mipsel-linux-gcc -shared  -fPIC -DPIC conftest.o  -v -Wl,-soname -Wl,conftest -o conftest 2\>\&1 \| /bin/grep  -lc  \>/dev/null 2\>\&1
configure:10107: $? = 0
configure:10121: result: no
configure:10286: checking dynamic linker characteristics
configure:10800: mipsel-linux-gcc -o conftest -g -O2   -Wl,-rpath -Wl,/foo conftest.c  >&5
configure:10800: $? = 0
configure:11026: result: GNU/Linux ld.so
configure:11133: checking how to hardcode library paths into programs
configure:11158: result: immediate
configure:11698: checking whether stripping libraries is possible
configure:11703: result: yes
configure:11738: checking if libtool supports shared libraries
configure:11740: result: yes
configure:11743: checking whether to build shared libraries
configure:11764: result: yes
configure:11767: checking whether to build static libraries
configure:11771: result: yes
configure:11818: checking for mipsel-linux-pkg-config
configure:11851: result: no
configure:11861: checking for pkg-config
configure:11879: found /usr/bin/pkg-config
configure:11891: result: /usr/bin/pkg-config
configure:11903: WARNING: using cross tools not prefixed with host triplet
configure:11916: checking pkg-config is at least version 0.9.0
configure:11919: result: yes
configure:11929: checking for GTest
configure:11936: $PKG_CONFIG --exists --print-errors "glib-2.0 >= 2.16"
configure:11939: $? = 0
configure:11952: $PKG_CONFIG --exists --print-errors "glib-2.0 >= 2.16"
configure:11955: $? = 0
configure:11992: result: yes
configure:12005: checking operating system
configure:12019: result: linux-gnu
configure:12027: checking for LIBGUPNP
configure:12166: result: yes
configure:12173: checking for GTHREAD
configure:12180: $PKG_CONFIG --exists --print-errors "gthread-2.0"
configure:12183: $? = 0
configure:12196: $PKG_CONFIG --exists --print-errors "gthread-2.0"
configure:12199: $? = 0
configure:12258: result: yes
configure:12286: checking for sys/socket.h
configure:12286: mipsel-linux-gcc -c -g -O2  conftest.c >&5
configure:12286: $? = 0
configure:12286: result: yes
configure:12286: checking for linux/rtnetlink.h
configure:12286: mipsel-linux-gcc -c -g -O2  conftest.c >&5
configure:12286: $? = 0
configure:12286: result: yes
configure:12314: checking for linux/wireless.h
configure:12314: mipsel-linux-gcc -c -g -O2  conftest.c >&5
In file included from conftest.c:35:
/opt/brcm/K26/hndtools-mipsel-uclibc-4.2.4/bin/../lib/gcc/mipsel-linux-uclibc/4.2.4/../../../../mipsel-linux-uclibc/sys-include/linux/wireless.h:655: error: expected specifier-qualifier-list before '__s32'
/opt/brcm/K26/hndtools-mipsel-uclibc-4.2.4/bin/../lib/gcc/mipsel-linux-uclibc/4.2.4/../../../../mipsel-linux-uclibc/sys-include/linux/wireless.h:667: error: expected ':', ',', ';', '}' or '__attribute__' before '*' token
/opt/brcm/K26/hndtools-mipsel-uclibc-4.2.4/bin/../lib/gcc/mipsel-linux-uclibc/4.2.4/../../../../mipsel-linux-uclibc/sys-include/linux/wireless.h:682: error: expected specifier-qualifier-list before '__s32'
/opt/brcm/K26/hndtools-mipsel-uclibc-4.2.4/bin/../lib/gcc/mipsel-linux-uclibc/4.2.4/../../../../mipsel-linux-uclibc/sys-include/linux/wireless.h:693: error: expected specifier-qualifier-list before '__u8'
/opt/brcm/K26/hndtools-mipsel-uclibc-4.2.4/bin/../lib/gcc/mipsel-linux-uclibc/4.2.4/../../../../mipsel-linux-uclibc/sys-include/linux/wireless.h:709: error: expected specifier-qualifier-list before '__u32'
/opt/brcm/K26/hndtools-mipsel-uclibc-4.2.4/bin/../lib/gcc/mipsel-linux-uclibc/4.2.4/../../../../mipsel-linux-uclibc/sys-include/linux/wireless.h:722: error: expected specifier-qualifier-list before '__u32'
/opt/brcm/K26/hndtools-mipsel-uclibc-4.2.4/bin/../lib/gcc/mipsel-linux-uclibc/4.2.4/../../../../mipsel-linux-uclibc/sys-include/linux/wireless.h:749: error: expected specifier-qualifier-list before '__u8'
/opt/brcm/K26/hndtools-mipsel-uclibc-4.2.4/bin/../lib/gcc/mipsel-linux-uclibc/4.2.4/../../../../mipsel-linux-uclibc/sys-include/linux/wireless.h:811: error: expected specifier-qualifier-list before '__u32'
/opt/brcm/K26/hndtools-mipsel-uclibc-4.2.4/bin/../lib/gcc/mipsel-linux-uclibc/4.2.4/../../../../mipsel-linux-uclibc/sys-include/linux/wireless.h:825: error: expected specifier-qualifier-list before '__u16'
/opt/brcm/K26/hndtools-mipsel-uclibc-4.2.4/bin/../lib/gcc/mipsel-linux-uclibc/4.2.4/../../../../mipsel-linux-uclibc/sys-include/linux/wireless.h:839: error: expected specifier-qualifier-list before '__u32'
/opt/brcm/K26/hndtools-mipsel-uclibc-4.2.4/bin/../lib/gcc/mipsel-linux-uclibc/4.2.4/../../../../mipsel-linux-uclibc/sys-include/linux/wireless.h:847: error: expected specifier-qualifier-list before '__u32'
/opt/brcm/K26/hndtools-mipsel-uclibc-4.2.4/bin/../lib/gcc/mipsel-linux-uclibc/4.2.4/../../../../mipsel-linux-uclibc/sys-include/linux/wireless.h:856: error: expected specifier-qualifier-list before '__u32'
/opt/brcm/K26/hndtools-mipsel-uclibc-4.2.4/bin/../lib/gcc/mipsel-linux-uclibc/4.2.4/../../../../mipsel-linux-uclibc/sys-include/linux/wireless.h:868: error: expected specifier-qualifier-list before '__u16'
/opt/brcm/K26/hndtools-mipsel-uclibc-4.2.4/bin/../lib/gcc/mipsel-linux-uclibc/4.2.4/../../../../mipsel-linux-uclibc/sys-include/linux/wireless.h:891: error: 'IFNAMSIZ' undeclared here (not in a function)
/opt/brcm/K26/hndtools-mipsel-uclibc-4.2.4/bin/../lib/gcc/mipsel-linux-uclibc/4.2.4/../../../../mipsel-linux-uclibc/sys-include/linux/wireless.h:906: error: expected specifier-qualifier-list before '__u32'
/opt/brcm/K26/hndtools-mipsel-uclibc-4.2.4/bin/../lib/gcc/mipsel-linux-uclibc/4.2.4/../../../../mipsel-linux-uclibc/sys-include/linux/wireless.h:950: error: expected specifier-qualifier-list before '__u32'
/opt/brcm/K26/hndtools-mipsel-uclibc-4.2.4/bin/../lib/gcc/mipsel-linux-uclibc/4.2.4/../../../../mipsel-linux-uclibc/sys-include/linux/wireless.h:1051: error: expected specifier-qualifier-list before '__u32'
/opt/brcm/K26/hndtools-mipsel-uclibc-4.2.4/bin/../lib/gcc/mipsel-linux-uclibc/4.2.4/../../../../mipsel-linux-uclibc/sys-include/linux/wireless.h:1069: error: expected specifier-qualifier-list before '__u16'
configure:12314: $? = 1
configure: failed program was:
| /* confdefs.h */
| #define PACKAGE_NAME "gupnp"
| #define PACKAGE_TARNAME "gupnp"
| #define PACKAGE_VERSION "0.19.0"
| #define PACKAGE_STRING "gupnp 0.19.0"
| #define PACKAGE_BUGREPORT "http://bugzilla.gnome.org/enter_bug.cgi?product=gupnp&component=gupnp"
| #define PACKAGE_URL "http://www.gupnp.org/"
| #define PACKAGE "gupnp"
| #define VERSION "0.19.0"
| #define STDC_HEADERS 1
| #define HAVE_SYS_TYPES_H 1
| #define HAVE_SYS_STAT_H 1
| #define HAVE_STDLIB_H 1
| #define HAVE_STRING_H 1
| #define HAVE_MEMORY_H 1
| #define HAVE_STRINGS_H 1
| #define HAVE_INTTYPES_H 1
| #define HAVE_STDINT_H 1
| #define HAVE_UNISTD_H 1
| #define HAVE_STDLIB_H 1
| #define HAVE_UNISTD_H 1
| #define HAVE_SYS_PARAM_H 1
| #define HAVE_GETPAGESIZE 1
| #define _FILE_OFFSET_BITS 64
| #define HAVE_DLFCN_H 1
| #define LT_OBJDIR ".libs/"
| #define HAVE_SYS_SOCKET_H 1
| #define HAVE_LINUX_RTNETLINK_H 1
| /* end confdefs.h.  */
|  #ifdef HAVE_SYS_SOCKET_H
|                   #include <sys/socket.h>
|                   #endif
| 
| 
| #include <linux/wireless.h>
configure:12314: result: no
configure:12329: checking Context Manager backend to use
configure:12331: result: linux
configure:12587: checking for gobject-introspection
configure:12632: result: no (disabled, use --enable-introspection to enable)
configure:12692: checking for gtkdoc-check
configure:12710: found /usr/bin/gtkdoc-check
configure:12722: result: /usr/bin/gtkdoc-check
configure:12734: checking for gtkdoc-rebase
configure:12752: found /usr/bin/gtkdoc-rebase
configure:12764: result: /usr/bin/gtkdoc-rebase
configure:12778: checking for gtkdoc-mkpdf
configure:12796: found /usr/bin/gtkdoc-mkpdf
configure:12808: result: /usr/bin/gtkdoc-mkpdf
configure:12942: checking whether to build gtk-doc documentation
configure:12944: result: no
configure:13193: creating ./config.status

## ---------------------- ##
## Running config.status. ##
## ---------------------- ##

This file was extended by gupnp config.status 0.19.0, which was
generated by GNU Autoconf 2.68.  Invocation command line was

  CONFIG_FILES    = 
  CONFIG_HEADERS  = 
  CONFIG_LINKS    = 
  CONFIG_COMMANDS = 
  $ ./config.status 

on localhost.localdomain

config.status:1171: creating Makefile
config.status:1171: creating libgupnp/Makefile
config.status:1171: creating examples/Makefile
config.status:1171: creating tools/Makefile
config.status:1171: creating tests/Makefile
config.status:1171: creating tests/gtest/Makefile
config.status:1171: creating doc/Makefile
config.status:1171: creating doc/version.xml
config.status:1171: creating vala/Makefile
config.status:1171: creating gupnp-1.0.pc
config.status:1171: creating gupnp-1.0-uninstalled.pc
config.status:1171: creating config.h
config.status:1352: config.h is unchanged
config.status:1400: executing depfiles commands
config.status:1400: executing libtool commands

## ---------------- ##
## Cache variables. ##
## ---------------- ##

ac_cv_build=i686-pc-linux-gnu
ac_cv_c_compiler_gnu=yes
ac_cv_env_CC_set=set
ac_cv_env_CC_value=mipsel-linux-gcc
ac_cv_env_CFLAGS_set=
ac_cv_env_CFLAGS_value=
ac_cv_env_CONNMAN_CFLAGS_set=
ac_cv_env_CONNMAN_CFLAGS_value=
ac_cv_env_CONNMAN_LIBS_set=
ac_cv_env_CONNMAN_LIBS_value=
ac_cv_env_CPPFLAGS_set=
ac_cv_env_CPPFLAGS_value=
ac_cv_env_CPP_set=
ac_cv_env_CPP_value=
ac_cv_env_GIO_CFLAGS_set=
ac_cv_env_GIO_CFLAGS_value=
ac_cv_env_GIO_LIBS_set=
ac_cv_env_GIO_LIBS_value=
ac_cv_env_GTHREAD_CFLAGS_set=
ac_cv_env_GTHREAD_CFLAGS_value=
ac_cv_env_GTHREAD_LIBS_set=
ac_cv_env_GTHREAD_LIBS_value=
ac_cv_env_GTKDOC_DEPS_CFLAGS_set=
ac_cv_env_GTKDOC_DEPS_CFLAGS_value=
ac_cv_env_GTKDOC_DEPS_LIBS_set=
ac_cv_env_GTKDOC_DEPS_LIBS_value=
ac_cv_env_GTest_CFLAGS_set=
ac_cv_env_GTest_CFLAGS_value=
ac_cv_env_GTest_LIBS_set=
ac_cv_env_GTest_LIBS_value=
ac_cv_env_LDFLAGS_set=
ac_cv_env_LDFLAGS_value=
ac_cv_env_LIBGUPNP_CFLAGS_set=set
ac_cv_env_LIBGUPNP_CFLAGS_value='-I$(GLIBROOT) -I$(GLIBROOT)/glib -I$(GLIBROOT)/gmodule -I$(LIBSOUPROOT) -I$(GSSDPROOT) -I$(XML2ROOT) -I$(XML2ROOT)/include -I$(UUIDROOT)'
ac_cv_env_LIBGUPNP_LIBS_set=set
ac_cv_env_LIBGUPNP_LIBS_value='-L$(GLIBROOT)/glib/.libs -L$(LIBSOUPROOT)/libsoup/.libs -L$(GSSDPROOT)/libgssdp/.libs -L$(XML2ROOT)/.libs -L$(UUIDROOT)'
ac_cv_env_LIBS_set=
ac_cv_env_LIBS_value=
ac_cv_env_PKG_CONFIG_LIBDIR_set=
ac_cv_env_PKG_CONFIG_LIBDIR_value=
ac_cv_env_PKG_CONFIG_PATH_set=
ac_cv_env_PKG_CONFIG_PATH_value=
ac_cv_env_PKG_CONFIG_set=
ac_cv_env_PKG_CONFIG_value=
ac_cv_env_build_alias_set=
ac_cv_env_build_alias_value=
ac_cv_env_host_alias_set=set
ac_cv_env_host_alias_value=mipsel-linux
ac_cv_env_target_alias_set=
ac_cv_env_target_alias_value=
ac_cv_func_getpagesize=yes
ac_cv_func_mmap_fixed_mapped=no
ac_cv_header_dlfcn_h=yes
ac_cv_header_inttypes_h=yes
ac_cv_header_linux_rtnetlink_h=yes
ac_cv_header_linux_wireless_h=no
ac_cv_header_memory_h=yes
ac_cv_header_stdc=yes
ac_cv_header_stdint_h=yes
ac_cv_header_stdlib_h=yes
ac_cv_header_string_h=yes
ac_cv_header_strings_h=yes
ac_cv_header_sys_param_h=yes
ac_cv_header_sys_socket_h=yes
ac_cv_header_sys_stat_h=yes
ac_cv_header_sys_types_h=yes
ac_cv_header_unistd_h=yes
ac_cv_host=mipsel-unknown-linux-gnu
ac_cv_objext=o
ac_cv_path_EGREP='/bin/grep -E'
ac_cv_path_FGREP='/bin/grep -F'
ac_cv_path_GREP=/bin/grep
ac_cv_path_GTKDOC_CHECK=/usr/bin/gtkdoc-check
ac_cv_path_GTKDOC_MKPDF=/usr/bin/gtkdoc-mkpdf
ac_cv_path_GTKDOC_REBASE=/usr/bin/gtkdoc-rebase
ac_cv_path_SED=/bin/sed
ac_cv_path_ac_pt_PKG_CONFIG=/usr/bin/pkg-config
ac_cv_path_install='/usr/bin/install -c'
ac_cv_path_mkdir=/bin/mkdir
ac_cv_prog_AR=mipsel-linux-ar
ac_cv_prog_AWK=gawk
ac_cv_prog_CC=mipsel-linux-gcc
ac_cv_prog_CPP='mipsel-linux-gcc -E'
ac_cv_prog_OBJDUMP=mipsel-linux-objdump
ac_cv_prog_RANLIB=mipsel-linux-ranlib
ac_cv_prog_STRIP=mipsel-linux-strip
ac_cv_prog_cc_c89=
ac_cv_prog_cc_g=yes
ac_cv_prog_make_make_set=yes
ac_cv_sys_file_offset_bits=64
ac_cv_sys_largefile_CC=no
ac_cv_target=mipsel-unknown-linux-gnu
am_cv_CC_dependencies_compiler_type=gcc3
am_cv_prog_tar_ustar=gnutar
lt_cv_ar_at_file=@
lt_cv_archive_cmds_need_lc=no
lt_cv_deplibs_check_method=pass_all
lt_cv_file_magic_cmd='$MAGIC_CMD'
lt_cv_file_magic_test_file=
lt_cv_ld_reload_flag=-r
lt_cv_nm_interface='BSD nm'
lt_cv_objdir=.libs
lt_cv_path_LD=mipsel-linux-ld
lt_cv_path_NM='/opt/brcm/hndtools-mipsel-linux/bin/mipsel-linux-nm -B'
lt_cv_path_mainfest_tool=no
lt_cv_prog_compiler_c_o=yes
lt_cv_prog_compiler_pic='-fPIC -DPIC'
lt_cv_prog_compiler_pic_works=yes
lt_cv_prog_compiler_rtti_exceptions=no
lt_cv_prog_compiler_static_works=yes
lt_cv_prog_gnu_ld=yes
lt_cv_sharedlib_from_linklib_cmd='printf %s\n'
lt_cv_shlibpath_overrides_runpath=no
lt_cv_sys_global_symbol_pipe='sed -n -e '\''s/^.*[	 ]\([ABCDGIRSTW][ABCDGIRSTW]*\)[	 ][	 ]*\([_A-Za-z][_A-Za-z0-9]*\)$/\1 \2 \2/p'\'' | sed '\''/ __gnu_lto/d'\'''
lt_cv_sys_global_symbol_to_c_name_address='sed -n -e '\''s/^: \([^ ]*\)[ ]*$/  {\"\1\", (void *) 0},/p'\'' -e '\''s/^[ABCDGIRSTW]* \([^ ]*\) \([^ ]*\)$/  {"\2", (void *) \&\2},/p'\'''
lt_cv_sys_global_symbol_to_c_name_address_lib_prefix='sed -n -e '\''s/^: \([^ ]*\)[ ]*$/  {\"\1\", (void *) 0},/p'\'' -e '\''s/^[ABCDGIRSTW]* \([^ ]*\) \(lib[^ ]*\)$/  {"\2", (void *) \&\2},/p'\'' -e '\''s/^[ABCDGIRSTW]* \([^ ]*\) \([^ ]*\)$/  {"lib\2", (void *) \&\2},/p'\'''
lt_cv_sys_global_symbol_to_cdecl='sed -n -e '\''s/^T .* \(.*\)$/extern int \1();/p'\'' -e '\''s/^[ABCDGIRSTW]* .* \(.*\)$/extern char \1;/p'\'''
lt_cv_sys_max_cmd_len=1572864
lt_cv_to_host_file_cmd=func_convert_file_noop
lt_cv_to_tool_file_cmd=func_convert_file_noop
pkg_cv_GTHREAD_CFLAGS='-pthread -I/usr/include/glib-2.0 -I/usr/lib/glib-2.0/include  '
pkg_cv_GTHREAD_LIBS='-pthread -lgthread-2.0 -lrt -lglib-2.0  '
pkg_cv_GTest_CFLAGS='-I/usr/include/glib-2.0 -I/usr/lib/glib-2.0/include  '
pkg_cv_GTest_LIBS='-lglib-2.0  '
pkg_cv_LIBGUPNP_CFLAGS='-I$(GLIBROOT) -I$(GLIBROOT)/glib -I$(GLIBROOT)/gmodule -I$(LIBSOUPROOT) -I$(GSSDPROOT) -I$(XML2ROOT) -I$(XML2ROOT)/include -I$(UUIDROOT)'
pkg_cv_LIBGUPNP_LIBS='-L$(GLIBROOT)/glib/.libs -L$(LIBSOUPROOT)/libsoup/.libs -L$(GSSDPROOT)/libgssdp/.libs -L$(XML2ROOT)/.libs -L$(UUIDROOT)'

## ----------------- ##
## Output variables. ##
## ----------------- ##

ACLOCAL='${SHELL} $(GUPNPROOT)/build-aux/missing --run aclocal-1.11'
AMDEPBACKSLASH='\'
AMDEP_FALSE='#'
AMDEP_TRUE=''
AMTAR='${SHELL} $(GUPNPROOT)/build-aux/missing --run tar'
AM_BACKSLASH='\'
AM_DEFAULT_VERBOSITY='0'
AR='mipsel-linux-ar'
AUTOCONF='${SHELL} $(GUPNPROOT)/build-aux/missing --run autoconf'
AUTOHEADER='${SHELL} $(GUPNPROOT)/build-aux/missing --run autoheader'
AUTOMAKE='${SHELL} $(GUPNPROOT)/build-aux/missing --run automake-1.11'
AWK='gawk'
CC='mipsel-linux-gcc'
CCDEPMODE='depmode=gcc3'
CFLAGS='-g -O2'
CONNMAN_CFLAGS=''
CONNMAN_LIBS=''
CPP='mipsel-linux-gcc -E'
CPPFLAGS=''
CYGPATH_W='echo'
DEFS='-DHAVE_CONFIG_H'
DEPDIR='.deps'
DLLTOOL='false'
DSYMUTIL=''
DUMPBIN=''
ECHO_C=''
ECHO_N='-n'
ECHO_T=''
EGREP='/bin/grep -E'
ENABLE_GTK_DOC_FALSE=''
ENABLE_GTK_DOC_TRUE='#'
EXEEXT=''
FGREP='/bin/grep -F'
GIO_CFLAGS=''
GIO_LIBS=''
GLIB_GENMARSHAL='glib-genmarshal'
GREP='/bin/grep'
GTHREAD_CFLAGS='-pthread -I/usr/include/glib-2.0 -I/usr/lib/glib-2.0/include  '
GTHREAD_LIBS='-pthread -lgthread-2.0 -lrt -lglib-2.0  '
GTKDOC_CHECK='/usr/bin/gtkdoc-check'
GTKDOC_DEPS_CFLAGS=''
GTKDOC_DEPS_LIBS=''
GTKDOC_MKPDF='/usr/bin/gtkdoc-mkpdf'
GTKDOC_REBASE='/usr/bin/gtkdoc-rebase'
GTK_DOC_BUILD_HTML_FALSE='#'
GTK_DOC_BUILD_HTML_TRUE=''
GTK_DOC_BUILD_PDF_FALSE=''
GTK_DOC_BUILD_PDF_TRUE='#'
GTK_DOC_USE_LIBTOOL_FALSE='#'
GTK_DOC_USE_LIBTOOL_TRUE=''
GTK_DOC_USE_REBASE_FALSE='#'
GTK_DOC_USE_REBASE_TRUE=''
GTest_CFLAGS='-I/usr/include/glib-2.0 -I/usr/lib/glib-2.0/include  '
GTest_LIBS='-lglib-2.0  '
HAVE_GTEST_FALSE='#'
HAVE_GTEST_TRUE=''
HAVE_INTROSPECTION_FALSE=''
HAVE_INTROSPECTION_TRUE='#'
HAVE_NETLINK='yes'
HAVE_NETLINK_FALSE='#'
HAVE_NETLINK_TRUE=''
HAVE_VAPIGEN_FALSE=''
HAVE_VAPIGEN_TRUE='#'
HTML_DIR='${datadir}/gtk-doc/html'
INSTALL_DATA='${INSTALL} -m 644'
INSTALL_PROGRAM='${INSTALL}'
INSTALL_SCRIPT='${INSTALL}'
INSTALL_STRIP_PROGRAM='$(install_sh) -c -s'
INTROSPECTION_CFLAGS=''
INTROSPECTION_COMPILER=''
INTROSPECTION_GENERATE=''
INTROSPECTION_GIRDIR=''
INTROSPECTION_LIBS=''
INTROSPECTION_MAKEFILE=''
INTROSPECTION_SCANNER=''
INTROSPECTION_TYPELIBDIR=''
LD='mipsel-linux-ld'
LDFLAGS=''
LIBGUPNP_CFLAGS='-I$(GLIBROOT) -I$(GLIBROOT)/glib -I$(GLIBROOT)/gmodule -I$(LIBSOUPROOT) -I$(GSSDPROOT) -I$(XML2ROOT) -I$(XML2ROOT)/include -I$(UUIDROOT)'
LIBGUPNP_LIBS='-L$(GLIBROOT)/glib/.libs -L$(LIBSOUPROOT)/libsoup/.libs -L$(GSSDPROOT)/libgssdp/.libs -L$(XML2ROOT)/.libs -L$(UUIDROOT)'
LIBOBJS=''
LIBS=''
LIBTOOL='$(SHELL) $(top_builddir)/libtool'
LIPO=''
LN_S='ln -s'
LTLIBOBJS=''
MAINT=''
MAINTAINER_MODE_FALSE='#'
MAINTAINER_MODE_TRUE=''
MAKEINFO='${SHELL} $(GUPNPROOT)/build-aux/missing --run makeinfo'
MANIFEST_TOOL=':'
MKDIR_P='/bin/mkdir -p'
NM='/opt/brcm/hndtools-mipsel-linux/bin/mipsel-linux-nm -B'
NMEDIT=''
OBJDUMP='mipsel-linux-objdump'
OBJEXT='o'
OTOOL64=''
OTOOL=''
PACKAGE='gupnp'
PACKAGE_BUGREPORT='http://bugzilla.gnome.org/enter_bug.cgi?product=gupnp&component=gupnp'
PACKAGE_NAME='gupnp'
PACKAGE_STRING='gupnp 0.19.0'
PACKAGE_TARNAME='gupnp'
PACKAGE_URL='http://www.gupnp.org/'
PACKAGE_VERSION='0.19.0'
PATH_SEPARATOR=':'
PKG_CONFIG='/usr/bin/pkg-config'
PKG_CONFIG_LIBDIR=''
PKG_CONFIG_PATH=''
RANLIB='mipsel-linux-ranlib'
SED='/bin/sed'
SET_MAKE=''
SHELL='/bin/sh'
STRIP='mipsel-linux-strip'
USE_CONNMAN_FALSE=''
USE_CONNMAN_TRUE='#'
USE_NETLINK='yes'
USE_NETLINK_FALSE='#'
USE_NETLINK_TRUE=''
USE_NETWORK_MANAGER_FALSE=''
USE_NETWORK_MANAGER_TRUE='#'
VERSION='0.19.0'
ac_ct_AR=''
ac_ct_CC=''
ac_ct_DUMPBIN=''
am__EXEEXT_FALSE=''
am__EXEEXT_TRUE='#'
am__fastdepCC_FALSE='#'
am__fastdepCC_TRUE=''
am__include='include'
am__isrc=''
am__leading_dot='.'
am__quote=''
am__tar='tar --format=ustar -chf - "$$tardir"'
am__untar='tar -xf -'
bindir='${exec_prefix}/bin'
build='i686-pc-linux-gnu'
build_alias=''
build_cpu='i686'
build_os='linux-gnu'
build_vendor='pc'
datadir='${datarootdir}'
datarootdir='${prefix}/share'
docdir='${datarootdir}/doc/${PACKAGE_TARNAME}'
dvidir='${docdir}'
exec_prefix='${prefix}'
host='mipsel-unknown-linux-gnu'
host_alias='mipsel-linux'
host_cpu='mipsel'
host_os='linux-gnu'
host_vendor='unknown'
htmldir='${docdir}'
includedir='${prefix}/include'
infodir='${datarootdir}/info'
install_sh='${SHELL} $(GUPNPROOT)/build-aux/install-sh'
libdir='${exec_prefix}/lib'
libexecdir='${exec_prefix}/libexec'
localedir='${datarootdir}/locale'
localstatedir='${prefix}/var'
mandir='${datarootdir}/man'
mkdir_p='/bin/mkdir -p'
oldincludedir='/usr/include'
pdfdir='${docdir}'
prefix='/usr/local'
program_transform_name='s,x,x,'
psdir='${docdir}'
sbindir='${exec_prefix}/sbin'
sharedstatedir='${prefix}/com'
sysconfdir='${prefix}/etc'
target='mipsel-unknown-linux-gnu'
target_alias=''
target_cpu='mipsel'
target_os='linux-gnu'
target_vendor='unknown'

## ----------- ##
## confdefs.h. ##
## ----------- ##

/* confdefs.h */
#define PACKAGE_NAME "gupnp"
#define PACKAGE_TARNAME "gupnp"
#define PACKAGE_VERSION "0.19.0"
#define PACKAGE_STRING "gupnp 0.19.0"
#define PACKAGE_BUGREPORT "http://bugzilla.gnome.org/enter_bug.cgi?product=gupnp&component=gupnp"
#define PACKAGE_URL "http://www.gupnp.org/"
#define PACKAGE "gupnp"
#define VERSION "0.19.0"
#define STDC_HEADERS 1
#define HAVE_SYS_TYPES_H 1
#define HAVE_SYS_STAT_H 1
#define HAVE_STDLIB_H 1
#define HAVE_STRING_H 1
#define HAVE_MEMORY_H 1
#define HAVE_STRINGS_H 1
#define HAVE_INTTYPES_H 1
#define HAVE_STDINT_H 1
#define HAVE_UNISTD_H 1
#define HAVE_STDLIB_H 1
#define HAVE_UNISTD_H 1
#define HAVE_SYS_PARAM_H 1
#define HAVE_GETPAGESIZE 1
#define _FILE_OFFSET_BITS 64
#define HAVE_DLFCN_H 1
#define LT_OBJDIR ".libs/"
#define HAVE_SYS_SOCKET_H 1
#define HAVE_LINUX_RTNETLINK_H 1

configure: exit 0
